{"D:\\Desktop\\Cong_Nghe_Phan _Mem_Moi\\BaiTap_7\\frontend\\src\\App.js": {"path":"D:\\Desktop\\Cong_Nghe_Phan _Mem_Moi\\BaiTap_7\\frontend\\src\\App.js","statementMap":{"0":{"start":{"line":14,"column":17},"end":{"line":43,"column":1}},"1":{"start":{"line":48,"column":20},"end":{"line":69,"column":1}},"2":{"start":{"line":49,"column":2},"end":{"line":68,"column":4}},"3":{"start":{"line":74,"column":15},"end":{"line":85,"column":1}},"4":{"start":{"line":75,"column":2},"end":{"line":84,"column":4}},"5":{"start":{"line":90,"column":19},"end":{"line":218,"column":1}},"6":{"start":{"line":91,"column":24},"end":{"line":91,"column":33}},"7":{"start":{"line":96,"column":31},"end":{"line":110,"column":3}},"8":{"start":{"line":97,"column":4},"end":{"line":97,"column":60}},"9":{"start":{"line":97,"column":33},"end":{"line":97,"column":58}},"10":{"start":{"line":99,"column":22},"end":{"line":103,"column":5}},"11":{"start":{"line":105,"column":4},"end":{"line":107,"column":5}},"12":{"start":{"line":106,"column":6},"end":{"line":106,"column":29}},"13":{"start":{"line":109,"column":4},"end":{"line":109,"column":65}},"14":{"start":{"line":115,"column":25},"end":{"line":118,"column":3}},"15":{"start":{"line":116,"column":4},"end":{"line":116,"column":51}},"16":{"start":{"line":117,"column":4},"end":{"line":117,"column":73}},"17":{"start":{"line":120,"column":2},"end":{"line":217,"column":4}},"18":{"start":{"line":139,"column":12},"end":{"line":141,"column":18}},"19":{"start":{"line":224,"column":2},"end":{"line":241,"column":4}}},"fnMap":{"0":{"name":"(anonymous_0)","decl":{"start":{"line":48,"column":20},"end":{"line":48,"column":21}},"loc":{"start":{"line":48,"column":37},"end":{"line":69,"column":1}},"line":48},"1":{"name":"(anonymous_1)","decl":{"start":{"line":74,"column":15},"end":{"line":74,"column":16}},"loc":{"start":{"line":74,"column":21},"end":{"line":85,"column":1}},"line":74},"2":{"name":"(anonymous_2)","decl":{"start":{"line":90,"column":19},"end":{"line":90,"column":20}},"loc":{"start":{"line":90,"column":25},"end":{"line":218,"column":1}},"line":90},"3":{"name":"(anonymous_3)","decl":{"start":{"line":96,"column":31},"end":{"line":96,"column":32}},"loc":{"start":{"line":96,"column":47},"end":{"line":110,"column":3}},"line":96},"4":{"name":"(anonymous_4)","decl":{"start":{"line":97,"column":22},"end":{"line":97,"column":23}},"loc":{"start":{"line":97,"column":33},"end":{"line":97,"column":58}},"line":97},"5":{"name":"(anonymous_5)","decl":{"start":{"line":115,"column":25},"end":{"line":115,"column":26}},"loc":{"start":{"line":115,"column":40},"end":{"line":118,"column":3}},"line":115},"6":{"name":"(anonymous_6)","decl":{"start":{"line":138,"column":24},"end":{"line":138,"column":25}},"loc":{"start":{"line":139,"column":12},"end":{"line":141,"column":18}},"line":139},"7":{"name":"App","decl":{"start":{"line":223,"column":9},"end":{"line":223,"column":12}},"loc":{"start":{"line":223,"column":15},"end":{"line":242,"column":1}},"line":223}},"branchMap":{"0":{"loc":{"start":{"line":105,"column":4},"end":{"line":107,"column":5}},"type":"if","locations":[{"start":{"line":105,"column":4},"end":{"line":107,"column":5}},{"start":{},"end":{}}],"line":105},"1":{"loc":{"start":{"line":162,"column":15},"end":{"line":170,"column":15}},"type":"binary-expr","locations":[{"start":{"line":162,"column":15},"end":{"line":162,"column":28}},{"start":{"line":163,"column":16},"end":{"line":169,"column":23}}],"line":162}},"s":{"0":0,"1":0,"2":0,"3":0,"4":0,"5":0,"6":0,"7":0,"8":0,"9":0,"10":0,"11":0,"12":0,"13":0,"14":0,"15":0,"16":0,"17":0,"18":0,"19":0},"f":{"0":0,"1":0,"2":0,"3":0,"4":0,"5":0,"6":0,"7":0},"b":{"0":[0,0],"1":[0,0]}}
,"D:\\Desktop\\Cong_Nghe_Phan _Mem_Moi\\BaiTap_7\\frontend\\src\\components\\cart\\AddToCartButton.jsx": {"path":"D:\\Desktop\\Cong_Nghe_Phan _Mem_Moi\\BaiTap_7\\frontend\\src\\components\\cart\\AddToCartButton.jsx","statementMap":{"0":{"start":{"line":6,"column":31},"end":{"line":56,"column":1}},"1":{"start":{"line":7,"column":22},"end":{"line":7,"column":31}},"2":{"start":{"line":8,"column":34},"end":{"line":8,"column":45}},"3":{"start":{"line":9,"column":32},"end":{"line":9,"column":47}},"4":{"start":{"line":10,"column":32},"end":{"line":10,"column":47}},"5":{"start":{"line":12,"column":20},"end":{"line":28,"column":3}},"6":{"start":{"line":13,"column":4},"end":{"line":13,"column":21}},"7":{"start":{"line":15,"column":4},"end":{"line":27,"column":5}},"8":{"start":{"line":16,"column":21},"end":{"line":16,"column":60}},"9":{"start":{"line":18,"column":6},"end":{"line":22,"column":7}},"10":{"start":{"line":19,"column":8},"end":{"line":19,"column":25}},"11":{"start":{"line":20,"column":8},"end":{"line":20,"column":50}},"12":{"start":{"line":20,"column":25},"end":{"line":20,"column":42}},"13":{"start":{"line":21,"column":8},"end":{"line":21,"column":23}},"14":{"start":{"line":24,"column":6},"end":{"line":24,"column":49}},"15":{"start":{"line":26,"column":6},"end":{"line":26,"column":24}},"16":{"start":{"line":30,"column":2},"end":{"line":41,"column":3}},"17":{"start":{"line":31,"column":4},"end":{"line":40,"column":6}},"18":{"start":{"line":43,"column":2},"end":{"line":55,"column":4}}},"fnMap":{"0":{"name":"(anonymous_0)","decl":{"start":{"line":6,"column":31},"end":{"line":6,"column":32}},"loc":{"start":{"line":6,"column":69},"end":{"line":56,"column":1}},"line":6},"1":{"name":"(anonymous_1)","decl":{"start":{"line":12,"column":20},"end":{"line":12,"column":21}},"loc":{"start":{"line":12,"column":32},"end":{"line":28,"column":3}},"line":12},"2":{"name":"(anonymous_2)","decl":{"start":{"line":20,"column":19},"end":{"line":20,"column":20}},"loc":{"start":{"line":20,"column":25},"end":{"line":20,"column":42}},"line":20}},"branchMap":{"0":{"loc":{"start":{"line":6,"column":43},"end":{"line":6,"column":62}},"type":"default-arg","locations":[{"start":{"line":6,"column":58},"end":{"line":6,"column":62}}],"line":6},"1":{"loc":{"start":{"line":18,"column":6},"end":{"line":22,"column":7}},"type":"if","locations":[{"start":{"line":18,"column":6},"end":{"line":22,"column":7}},{"start":{},"end":{}}],"line":18},"2":{"loc":{"start":{"line":30,"column":2},"end":{"line":41,"column":3}},"type":"if","locations":[{"start":{"line":30,"column":2},"end":{"line":41,"column":3}},{"start":{},"end":{}}],"line":30},"3":{"loc":{"start":{"line":33,"column":17},"end":{"line":33,"column":48}},"type":"cond-expr","locations":[{"start":{"line":33,"column":27},"end":{"line":33,"column":36}},{"start":{"line":33,"column":39},"end":{"line":33,"column":48}}],"line":33},"4":{"loc":{"start":{"line":35,"column":18},"end":{"line":35,"column":36}},"type":"binary-expr","locations":[{"start":{"line":35,"column":18},"end":{"line":35,"column":25}},{"start":{"line":35,"column":29},"end":{"line":35,"column":36}}],"line":35},"5":{"loc":{"start":{"line":38,"column":9},"end":{"line":38,"column":79}},"type":"cond-expr","locations":[{"start":{"line":38,"column":19},"end":{"line":38,"column":35}},{"start":{"line":38,"column":38},"end":{"line":38,"column":79}}],"line":38},"6":{"loc":{"start":{"line":38,"column":38},"end":{"line":38,"column":79}},"type":"cond-expr","locations":[{"start":{"line":38,"column":48},"end":{"line":38,"column":59}},{"start":{"line":38,"column":62},"end":{"line":38,"column":79}}],"line":38},"7":{"loc":{"start":{"line":47,"column":17},"end":{"line":47,"column":48}},"type":"cond-expr","locations":[{"start":{"line":47,"column":27},"end":{"line":47,"column":36}},{"start":{"line":47,"column":39},"end":{"line":47,"column":48}}],"line":47},"8":{"loc":{"start":{"line":49,"column":18},"end":{"line":49,"column":36}},"type":"binary-expr","locations":[{"start":{"line":49,"column":18},"end":{"line":49,"column":25}},{"start":{"line":49,"column":29},"end":{"line":49,"column":36}}],"line":49},"9":{"loc":{"start":{"line":52,"column":9},"end":{"line":52,"column":71}},"type":"cond-expr","locations":[{"start":{"line":52,"column":19},"end":{"line":52,"column":35}},{"start":{"line":52,"column":38},"end":{"line":52,"column":71}}],"line":52},"10":{"loc":{"start":{"line":52,"column":38},"end":{"line":52,"column":71}},"type":"cond-expr","locations":[{"start":{"line":52,"column":48},"end":{"line":52,"column":59}},{"start":{"line":52,"column":62},"end":{"line":52,"column":71}}],"line":52}},"s":{"0":1,"1":25,"2":25,"3":25,"4":25,"5":25,"6":5,"7":5,"8":5,"9":5,"10":5,"11":5,"12":3,"13":5,"14":0,"15":5,"16":25,"17":24,"18":1},"f":{"0":25,"1":5,"2":3},"b":{"0":[0],"1":[5,0],"2":[24,1],"3":[7,17],"4":[24,19],"5":[5,19],"6":[7,12],"7":[0,1],"8":[1,1],"9":[0,1],"10":[0,1]},"_coverageSchema":"1a1c01bbd47fc00a2c39e90264f33305004495a9","hash":"476c2e7316fa52e0654e7bc7bda1ef83f4b00ddd"}
,"D:\\Desktop\\Cong_Nghe_Phan _Mem_Moi\\BaiTap_7\\frontend\\src\\components\\cart\\CartBadge.jsx": {"path":"D:\\Desktop\\Cong_Nghe_Phan _Mem_Moi\\BaiTap_7\\frontend\\src\\components\\cart\\CartBadge.jsx","statementMap":{"0":{"start":{"line":5,"column":25},"end":{"line":18,"column":1}},"1":{"start":{"line":6,"column":24},"end":{"line":6,"column":33}},"2":{"start":{"line":8,"column":2},"end":{"line":17,"column":4}}},"fnMap":{"0":{"name":"(anonymous_0)","decl":{"start":{"line":5,"column":25},"end":{"line":5,"column":26}},"loc":{"start":{"line":5,"column":61},"end":{"line":18,"column":1}},"line":5}},"branchMap":{"0":{"loc":{"start":{"line":5,"column":28},"end":{"line":5,"column":38}},"type":"default-arg","locations":[{"start":{"line":5,"column":36},"end":{"line":5,"column":38}}],"line":5},"1":{"loc":{"start":{"line":5,"column":40},"end":{"line":5,"column":54}},"type":"default-arg","locations":[{"start":{"line":5,"column":52},"end":{"line":5,"column":54}}],"line":5}},"s":{"0":1,"1":8,"2":0},"f":{"0":8},"b":{"0":[8],"1":[8]},"_coverageSchema":"1a1c01bbd47fc00a2c39e90264f33305004495a9","hash":"35510b10ef50e0a0fc689cd0f1753180198b7a1e"}
,"D:\\Desktop\\Cong_Nghe_Phan _Mem_Moi\\BaiTap_7\\frontend\\src\\components\\cart\\CartItem.jsx": {"path":"D:\\Desktop\\Cong_Nghe_Phan _Mem_Moi\\BaiTap_7\\frontend\\src\\components\\cart\\CartItem.jsx","statementMap":{"0":{"start":{"line":7,"column":24},"end":{"line":104,"column":1}},"1":{"start":{"line":8,"column":50},"end":{"line":8,"column":59}},"2":{"start":{"line":9,"column":40},"end":{"line":9,"column":55}},"3":{"start":{"line":10,"column":42},"end":{"line":10,"column":57}},"4":{"start":{"line":12,"column":31},"end":{"line":21,"column":3}},"5":{"start":{"line":13,"column":4},"end":{"line":20,"column":5}},"6":{"start":{"line":14,"column":6},"end":{"line":14,"column":28}},"7":{"start":{"line":15,"column":6},"end":{"line":15,"column":57}},"8":{"start":{"line":17,"column":6},"end":{"line":17,"column":57}},"9":{"start":{"line":19,"column":6},"end":{"line":19,"column":29}},"10":{"start":{"line":23,"column":23},"end":{"line":26,"column":3}},"11":{"start":{"line":24,"column":4},"end":{"line":24,"column":38}},"12":{"start":{"line":25,"column":4},"end":{"line":25,"column":26}},"13":{"start":{"line":29,"column":22},"end":{"line":29,"column":46}},"14":{"start":{"line":30,"column":23},"end":{"line":30,"column":53}},"15":{"start":{"line":31,"column":26},"end":{"line":31,"column":64}},"16":{"start":{"line":32,"column":23},"end":{"line":32,"column":83}},"17":{"start":{"line":34,"column":2},"end":{"line":103,"column":4}},"18":{"start":{"line":44,"column":16},"end":{"line":44,"column":64}},"19":{"start":{"line":54,"column":39},"end":{"line":54,"column":93}},"20":{"start":{"line":77,"column":29},"end":{"line":77,"column":49}},"21":{"start":{"line":86,"column":46},"end":{"line":86,"column":67}},"22":{"start":{"line":94,"column":53},"end":{"line":94,"column":74}}},"fnMap":{"0":{"name":"(anonymous_0)","decl":{"start":{"line":7,"column":24},"end":{"line":7,"column":25}},"loc":{"start":{"line":7,"column":38},"end":{"line":104,"column":1}},"line":7},"1":{"name":"(anonymous_1)","decl":{"start":{"line":12,"column":31},"end":{"line":12,"column":32}},"loc":{"start":{"line":12,"column":54},"end":{"line":21,"column":3}},"line":12},"2":{"name":"(anonymous_2)","decl":{"start":{"line":23,"column":23},"end":{"line":23,"column":24}},"loc":{"start":{"line":23,"column":29},"end":{"line":26,"column":3}},"line":23},"3":{"name":"(anonymous_3)","decl":{"start":{"line":43,"column":23},"end":{"line":43,"column":24}},"loc":{"start":{"line":43,"column":30},"end":{"line":45,"column":15}},"line":43},"4":{"name":"(anonymous_4)","decl":{"start":{"line":54,"column":23},"end":{"line":54,"column":24}},"loc":{"start":{"line":54,"column":39},"end":{"line":54,"column":93}},"line":54},"5":{"name":"(anonymous_5)","decl":{"start":{"line":77,"column":23},"end":{"line":77,"column":24}},"loc":{"start":{"line":77,"column":29},"end":{"line":77,"column":49}},"line":77},"6":{"name":"(anonymous_6)","decl":{"start":{"line":86,"column":40},"end":{"line":86,"column":41}},"loc":{"start":{"line":86,"column":46},"end":{"line":86,"column":67}},"line":86},"7":{"name":"(anonymous_7)","decl":{"start":{"line":94,"column":47},"end":{"line":94,"column":48}},"loc":{"start":{"line":94,"column":53},"end":{"line":94,"column":74}},"line":94}},"branchMap":{"0":{"loc":{"start":{"line":32,"column":23},"end":{"line":32,"column":83}},"type":"binary-expr","locations":[{"start":{"line":32,"column":23},"end":{"line":32,"column":47}},{"start":{"line":32,"column":51},"end":{"line":32,"column":83}}],"line":32},"1":{"loc":{"start":{"line":51,"column":13},"end":{"line":57,"column":13}},"type":"binary-expr","locations":[{"start":{"line":51,"column":13},"end":{"line":51,"column":25}},{"start":{"line":52,"column":14},"end":{"line":56,"column":22}}],"line":51},"2":{"loc":{"start":{"line":64,"column":24},"end":{"line":64,"column":47}},"type":"binary-expr","locations":[{"start":{"line":64,"column":24},"end":{"line":64,"column":31}},{"start":{"line":64,"column":35},"end":{"line":64,"column":47}}],"line":64}},"s":{"0":1,"1":5,"2":5,"3":5,"4":5,"5":1,"6":1,"7":1,"8":0,"9":1,"10":5,"11":1,"12":1,"13":5,"14":5,"15":5,"16":5,"17":5,"18":0,"19":0,"20":1,"21":0,"22":0},"f":{"0":5,"1":1,"2":1,"3":0,"4":0,"5":1,"6":0,"7":0},"b":{"0":[5,0],"1":[5,0],"2":[5,5]},"_coverageSchema":"1a1c01bbd47fc00a2c39e90264f33305004495a9","hash":"f161cdb1f7397353e322b42f72333653d152a0cc"}
,"D:\\Desktop\\Cong_Nghe_Phan _Mem_Moi\\BaiTap_7\\frontend\\src\\components\\cart\\CartList.jsx": {"path":"D:\\Desktop\\Cong_Nghe_Phan _Mem_Moi\\BaiTap_7\\frontend\\src\\components\\cart\\CartList.jsx","statementMap":{"0":{"start":{"line":6,"column":25},"end":{"line":11,"column":1}},"1":{"start":{"line":7,"column":2},"end":{"line":10,"column":10}},"2":{"start":{"line":13,"column":24},"end":{"line":30,"column":1}},"3":{"start":{"line":14,"column":19},"end":{"line":14,"column":28}},"4":{"start":{"line":16,"column":2},"end":{"line":18,"column":3}},"5":{"start":{"line":17,"column":4},"end":{"line":17,"column":25}},"6":{"start":{"line":20,"column":2},"end":{"line":29,"column":4}},"7":{"start":{"line":23,"column":8},"end":{"line":26,"column":10}}},"fnMap":{"0":{"name":"(anonymous_0)","decl":{"start":{"line":6,"column":25},"end":{"line":6,"column":26}},"loc":{"start":{"line":7,"column":2},"end":{"line":10,"column":10}},"line":7},"1":{"name":"(anonymous_1)","decl":{"start":{"line":13,"column":24},"end":{"line":13,"column":25}},"loc":{"start":{"line":13,"column":30},"end":{"line":30,"column":1}},"line":13},"2":{"name":"(anonymous_2)","decl":{"start":{"line":22,"column":16},"end":{"line":22,"column":17}},"loc":{"start":{"line":23,"column":8},"end":{"line":26,"column":10}},"line":23}},"branchMap":{"0":{"loc":{"start":{"line":16,"column":2},"end":{"line":18,"column":3}},"type":"if","locations":[{"start":{"line":16,"column":2},"end":{"line":18,"column":3}},{"start":{},"end":{}}],"line":16},"1":{"loc":{"start":{"line":16,"column":6},"end":{"line":16,"column":32}},"type":"binary-expr","locations":[{"start":{"line":16,"column":6},"end":{"line":16,"column":11}},{"start":{"line":16,"column":15},"end":{"line":16,"column":32}}],"line":16}},"s":{"0":1,"1":5,"2":1,"3":10,"4":9,"5":5,"6":4,"7":4},"f":{"0":5,"1":10,"2":4},"b":{"0":[5,4],"1":[9,9]},"_coverageSchema":"1a1c01bbd47fc00a2c39e90264f33305004495a9","hash":"d661f83897fb60d748323b2bc4504327f61377be"}
,"D:\\Desktop\\Cong_Nghe_Phan _Mem_Moi\\BaiTap_7\\frontend\\src\\components\\cart\\CartSummary.jsx": {"path":"D:\\Desktop\\Cong_Nghe_Phan _Mem_Moi\\BaiTap_7\\frontend\\src\\components\\cart\\CartSummary.jsx","statementMap":{"0":{"start":{"line":5,"column":27},"end":{"line":105,"column":1}},"1":{"start":{"line":15,"column":6},"end":{"line":15,"column":15}},"2":{"start":{"line":17,"column":36},"end":{"line":17,"column":51}},"3":{"start":{"line":19,"column":26},"end":{"line":22,"column":3}},"4":{"start":{"line":20,"column":4},"end":{"line":20,"column":16}},"5":{"start":{"line":21,"column":4},"end":{"line":21,"column":24}},"6":{"start":{"line":24,"column":25},"end":{"line":28,"column":3}},"7":{"start":{"line":25,"column":4},"end":{"line":27,"column":5}},"8":{"start":{"line":26,"column":6},"end":{"line":26,"column":74}},"9":{"start":{"line":30,"column":2},"end":{"line":104,"column":4}},"10":{"start":{"line":78,"column":29},"end":{"line":78,"column":47}},"11":{"start":{"line":87,"column":44},"end":{"line":87,"column":63}},"12":{"start":{"line":95,"column":53},"end":{"line":95,"column":72}}},"fnMap":{"0":{"name":"(anonymous_0)","decl":{"start":{"line":5,"column":27},"end":{"line":5,"column":28}},"loc":{"start":{"line":5,"column":47},"end":{"line":105,"column":1}},"line":5},"1":{"name":"(anonymous_1)","decl":{"start":{"line":19,"column":26},"end":{"line":19,"column":27}},"loc":{"start":{"line":19,"column":32},"end":{"line":22,"column":3}},"line":19},"2":{"name":"(anonymous_2)","decl":{"start":{"line":24,"column":25},"end":{"line":24,"column":26}},"loc":{"start":{"line":24,"column":31},"end":{"line":28,"column":3}},"line":24},"3":{"name":"(anonymous_3)","decl":{"start":{"line":78,"column":23},"end":{"line":78,"column":24}},"loc":{"start":{"line":78,"column":29},"end":{"line":78,"column":47}},"line":78},"4":{"name":"(anonymous_4)","decl":{"start":{"line":87,"column":38},"end":{"line":87,"column":39}},"loc":{"start":{"line":87,"column":44},"end":{"line":87,"column":63}},"line":87},"5":{"name":"(anonymous_5)","decl":{"start":{"line":95,"column":47},"end":{"line":95,"column":48}},"loc":{"start":{"line":95,"column":53},"end":{"line":95,"column":72}},"line":95}},"branchMap":{"0":{"loc":{"start":{"line":25,"column":4},"end":{"line":27,"column":5}},"type":"if","locations":[{"start":{"line":25,"column":4},"end":{"line":27,"column":5}},{"start":{},"end":{}}],"line":25},"1":{"loc":{"start":{"line":42,"column":11},"end":{"line":47,"column":11}},"type":"binary-expr","locations":[{"start":{"line":42,"column":11},"end":{"line":42,"column":23}},{"start":{"line":43,"column":12},"end":{"line":46,"column":18}}],"line":42},"2":{"loc":{"start":{"line":56,"column":19},"end":{"line":56,"column":74}},"type":"cond-expr","locations":[{"start":{"line":56,"column":36},"end":{"line":56,"column":46}},{"start":{"line":56,"column":49},"end":{"line":56,"column":74}}],"line":56}},"s":{"0":1,"1":20,"2":0,"3":0,"4":0,"5":0,"6":0,"7":0,"8":0,"9":0,"10":0,"11":0,"12":0},"f":{"0":20,"1":0,"2":0,"3":0,"4":0,"5":0},"b":{"0":[0,0],"1":[0,0],"2":[0,0]},"_coverageSchema":"1a1c01bbd47fc00a2c39e90264f33305004495a9","hash":"9fed6d0af084c33711795068f175c65e258b245f"}
,"D:\\Desktop\\Cong_Nghe_Phan _Mem_Moi\\BaiTap_7\\frontend\\src\\components\\cart\\DiscountCodeInput.jsx": {"path":"D:\\Desktop\\Cong_Nghe_Phan _Mem_Moi\\BaiTap_7\\frontend\\src\\components\\cart\\DiscountCodeInput.jsx","statementMap":{"0":{"start":{"line":10,"column":33},"end":{"line":186,"column":1}},"1":{"start":{"line":14,"column":54},"end":{"line":14,"column":63}},"2":{"start":{"line":15,"column":26},"end":{"line":15,"column":38}},"3":{"start":{"line":16,"column":32},"end":{"line":16,"column":47}},"4":{"start":{"line":17,"column":28},"end":{"line":17,"column":40}},"5":{"start":{"line":18,"column":32},"end":{"line":18,"column":44}},"6":{"start":{"line":23,"column":29},"end":{"line":53,"column":3}},"7":{"start":{"line":25,"column":20},"end":{"line":25,"column":64}},"8":{"start":{"line":28,"column":4},"end":{"line":30,"column":5}},"9":{"start":{"line":29,"column":6},"end":{"line":29,"column":56}},"10":{"start":{"line":33,"column":4},"end":{"line":35,"column":5}},"11":{"start":{"line":34,"column":6},"end":{"line":34,"column":76}},"12":{"start":{"line":38,"column":30},"end":{"line":46,"column":5}},"13":{"start":{"line":48,"column":4},"end":{"line":50,"column":5}},"14":{"start":{"line":48,"column":42},"end":{"line":48,"column":67}},"15":{"start":{"line":49,"column":6},"end":{"line":49,"column":50}},"16":{"start":{"line":52,"column":4},"end":{"line":52,"column":19}},"17":{"start":{"line":58,"column":22},"end":{"line":107,"column":3}},"18":{"start":{"line":59,"column":4},"end":{"line":106,"column":5}},"19":{"start":{"line":60,"column":6},"end":{"line":60,"column":19}},"20":{"start":{"line":61,"column":6},"end":{"line":61,"column":21}},"21":{"start":{"line":62,"column":6},"end":{"line":62,"column":23}},"22":{"start":{"line":65,"column":28},"end":{"line":65,"column":52}},"23":{"start":{"line":68,"column":6},"end":{"line":98,"column":7}},"24":{"start":{"line":69,"column":23},"end":{"line":69,"column":56}},"25":{"start":{"line":71,"column":8},"end":{"line":73,"column":9}},"26":{"start":{"line":72,"column":10},"end":{"line":72,"column":72}},"27":{"start":{"line":76,"column":8},"end":{"line":76,"column":56}},"28":{"start":{"line":77,"column":8},"end":{"line":77,"column":67}},"29":{"start":{"line":80,"column":8},"end":{"line":82,"column":9}},"30":{"start":{"line":81,"column":10},"end":{"line":81,"column":74}},"31":{"start":{"line":86,"column":30},"end":{"line":90,"column":9}},"32":{"start":{"line":92,"column":8},"end":{"line":94,"column":9}},"33":{"start":{"line":93,"column":10},"end":{"line":93,"column":55}},"34":{"start":{"line":96,"column":8},"end":{"line":96,"column":67}},"35":{"start":{"line":97,"column":8},"end":{"line":97,"column":78}},"36":{"start":{"line":100,"column":6},"end":{"line":100,"column":18}},"37":{"start":{"line":102,"column":6},"end":{"line":102,"column":49}},"38":{"start":{"line":103,"column":6},"end":{"line":103,"column":63}},"39":{"start":{"line":105,"column":6},"end":{"line":105,"column":24}},"40":{"start":{"line":112,"column":23},"end":{"line":117,"column":3}},"41":{"start":{"line":113,"column":4},"end":{"line":113,"column":21}},"42":{"start":{"line":114,"column":4},"end":{"line":114,"column":16}},"43":{"start":{"line":115,"column":4},"end":{"line":115,"column":19}},"44":{"start":{"line":116,"column":4},"end":{"line":116,"column":17}},"45":{"start":{"line":122,"column":23},"end":{"line":130,"column":3}},"46":{"start":{"line":123,"column":4},"end":{"line":129,"column":5}},"47":{"start":{"line":124,"column":24},"end":{"line":124,"column":63}},"48":{"start":{"line":125,"column":6},"end":{"line":125,"column":25}},"49":{"start":{"line":126,"column":6},"end":{"line":126,"column":19}},"50":{"start":{"line":128,"column":6},"end":{"line":128,"column":37}},"51":{"start":{"line":132,"column":2},"end":{"line":185,"column":4}}},"fnMap":{"0":{"name":"(anonymous_0)","decl":{"start":{"line":10,"column":33},"end":{"line":10,"column":34}},"loc":{"start":{"line":13,"column":6},"end":{"line":186,"column":1}},"line":13},"1":{"name":"(anonymous_1)","decl":{"start":{"line":23,"column":29},"end":{"line":23,"column":30}},"loc":{"start":{"line":23,"column":40},"end":{"line":53,"column":3}},"line":23},"2":{"name":"(anonymous_2)","decl":{"start":{"line":48,"column":31},"end":{"line":48,"column":32}},"loc":{"start":{"line":48,"column":42},"end":{"line":48,"column":67}},"line":48},"3":{"name":"(anonymous_3)","decl":{"start":{"line":58,"column":22},"end":{"line":58,"column":23}},"loc":{"start":{"line":58,"column":34},"end":{"line":107,"column":3}},"line":58},"4":{"name":"(anonymous_4)","decl":{"start":{"line":112,"column":23},"end":{"line":112,"column":24}},"loc":{"start":{"line":112,"column":29},"end":{"line":117,"column":3}},"line":112},"5":{"name":"(anonymous_5)","decl":{"start":{"line":122,"column":23},"end":{"line":122,"column":24}},"loc":{"start":{"line":122,"column":30},"end":{"line":130,"column":3}},"line":122}},"branchMap":{"0":{"loc":{"start":{"line":28,"column":4},"end":{"line":30,"column":5}},"type":"if","locations":[{"start":{"line":28,"column":4},"end":{"line":30,"column":5}},{"start":{},"end":{}}],"line":28},"1":{"loc":{"start":{"line":28,"column":8},"end":{"line":28,"column":49}},"type":"binary-expr","locations":[{"start":{"line":28,"column":8},"end":{"line":28,"column":26}},{"start":{"line":28,"column":30},"end":{"line":28,"column":49}}],"line":28},"2":{"loc":{"start":{"line":33,"column":4},"end":{"line":35,"column":5}},"type":"if","locations":[{"start":{"line":33,"column":4},"end":{"line":35,"column":5}},{"start":{},"end":{}}],"line":33},"3":{"loc":{"start":{"line":48,"column":4},"end":{"line":50,"column":5}},"type":"if","locations":[{"start":{"line":48,"column":4},"end":{"line":50,"column":5}},{"start":{},"end":{}}],"line":48},"4":{"loc":{"start":{"line":68,"column":6},"end":{"line":98,"column":7}},"type":"if","locations":[{"start":{"line":68,"column":6},"end":{"line":98,"column":7}},{"start":{"line":83,"column":13},"end":{"line":98,"column":7}}],"line":68},"5":{"loc":{"start":{"line":71,"column":8},"end":{"line":73,"column":9}},"type":"if","locations":[{"start":{"line":71,"column":8},"end":{"line":73,"column":9}},{"start":{},"end":{}}],"line":71},"6":{"loc":{"start":{"line":72,"column":26},"end":{"line":72,"column":70}},"type":"binary-expr","locations":[{"start":{"line":72,"column":26},"end":{"line":72,"column":40}},{"start":{"line":72,"column":44},"end":{"line":72,"column":70}}],"line":72},"7":{"loc":{"start":{"line":80,"column":8},"end":{"line":82,"column":9}},"type":"if","locations":[{"start":{"line":80,"column":8},"end":{"line":82,"column":9}},{"start":{},"end":{}}],"line":80},"8":{"loc":{"start":{"line":92,"column":8},"end":{"line":94,"column":9}},"type":"if","locations":[{"start":{"line":92,"column":8},"end":{"line":94,"column":9}},{"start":{},"end":{}}],"line":92},"9":{"loc":{"start":{"line":103,"column":15},"end":{"line":103,"column":61}},"type":"binary-expr","locations":[{"start":{"line":103,"column":15},"end":{"line":103,"column":26}},{"start":{"line":103,"column":30},"end":{"line":103,"column":61}}],"line":103},"10":{"loc":{"start":{"line":134,"column":7},"end":{"line":183,"column":7}},"type":"cond-expr","locations":[{"start":{"line":135,"column":8},"end":{"line":144,"column":16}},{"start":{"line":146,"column":8},"end":{"line":182,"column":11}}],"line":134},"11":{"loc":{"start":{"line":161,"column":24},"end":{"line":161,"column":47}},"type":"binary-expr","locations":[{"start":{"line":161,"column":24},"end":{"line":161,"column":31}},{"start":{"line":161,"column":35},"end":{"line":161,"column":47}}],"line":161},"12":{"loc":{"start":{"line":163,"column":15},"end":{"line":163,"column":55}},"type":"cond-expr","locations":[{"start":{"line":163,"column":25},"end":{"line":163,"column":43}},{"start":{"line":163,"column":46},"end":{"line":163,"column":55}}],"line":163},"13":{"loc":{"start":{"line":167,"column":11},"end":{"line":171,"column":11}},"type":"binary-expr","locations":[{"start":{"line":167,"column":11},"end":{"line":167,"column":16}},{"start":{"line":168,"column":12},"end":{"line":170,"column":24}}],"line":167},"14":{"loc":{"start":{"line":173,"column":11},"end":{"line":177,"column":11}},"type":"binary-expr","locations":[{"start":{"line":173,"column":11},"end":{"line":173,"column":18}},{"start":{"line":174,"column":12},"end":{"line":176,"column":24}}],"line":173}},"s":{"0":1,"1":51,"2":51,"3":51,"4":51,"5":51,"6":51,"7":4,"8":4,"9":1,"10":3,"11":0,"12":3,"13":3,"14":21,"15":0,"16":3,"17":51,"18":4,"19":4,"20":4,"21":4,"22":4,"23":3,"24":2,"25":2,"26":1,"27":1,"28":1,"29":1,"30":0,"31":1,"32":1,"33":0,"34":1,"35":1,"36":2,"37":2,"38":2,"39":4,"40":51,"41":1,"42":1,"43":1,"44":1,"45":51,"46":38,"47":38,"48":38,"49":38,"50":0,"51":51},"f":{"0":51,"1":4,"2":21,"3":4,"4":1,"5":38},"b":{"0":[1,3],"1":[4,3],"2":[0,3],"3":[0,3],"4":[2,1],"5":[1,1],"6":[1,0],"7":[0,1],"8":[0,1],"9":[2,0],"10":[2,49],"11":[49,47],"12":[2,47],"13":[49,2],"14":[49,0]},"_coverageSchema":"1a1c01bbd47fc00a2c39e90264f33305004495a9","hash":"78cdbdbd0d8ecc97362b30927cd7c25cd34af07f"}
,"D:\\Desktop\\Cong_Nghe_Phan _Mem_Moi\\BaiTap_7\\frontend\\src\\components\\ui\\ErrorAlert.jsx": {"path":"D:\\Desktop\\Cong_Nghe_Phan _Mem_Moi\\BaiTap_7\\frontend\\src\\components\\ui\\ErrorAlert.jsx","statementMap":{"0":{"start":{"line":5,"column":26},"end":{"line":21,"column":1}},"1":{"start":{"line":6,"column":32},"end":{"line":6,"column":41}},"2":{"start":{"line":8,"column":2},"end":{"line":8,"column":26}},"3":{"start":{"line":8,"column":14},"end":{"line":8,"column":26}},"4":{"start":{"line":10,"column":2},"end":{"line":20,"column":4}}},"fnMap":{"0":{"name":"(anonymous_0)","decl":{"start":{"line":5,"column":26},"end":{"line":5,"column":27}},"loc":{"start":{"line":5,"column":32},"end":{"line":21,"column":1}},"line":5}},"branchMap":{"0":{"loc":{"start":{"line":8,"column":2},"end":{"line":8,"column":26}},"type":"if","locations":[{"start":{"line":8,"column":2},"end":{"line":8,"column":26}},{"start":{},"end":{}}],"line":8}},"s":{"0":0,"1":0,"2":0,"3":0,"4":0},"f":{"0":0},"b":{"0":[0,0]}}
,"D:\\Desktop\\Cong_Nghe_Phan _Mem_Moi\\BaiTap_7\\frontend\\src\\components\\ui\\QuantitySelector.jsx": {"path":"D:\\Desktop\\Cong_Nghe_Phan _Mem_Moi\\BaiTap_7\\frontend\\src\\components\\ui\\QuantitySelector.jsx","statementMap":{"0":{"start":{"line":5,"column":32},"end":{"line":67,"column":1}},"1":{"start":{"line":13,"column":25},"end":{"line":17,"column":3}},"2":{"start":{"line":14,"column":4},"end":{"line":16,"column":5}},"3":{"start":{"line":15,"column":6},"end":{"line":15,"column":26}},"4":{"start":{"line":19,"column":25},"end":{"line":23,"column":3}},"5":{"start":{"line":20,"column":4},"end":{"line":22,"column":5}},"6":{"start":{"line":21,"column":6},"end":{"line":21,"column":26}},"7":{"start":{"line":25,"column":28},"end":{"line":35,"column":3}},"8":{"start":{"line":26,"column":4},"end":{"line":26,"column":25}},"9":{"start":{"line":26,"column":18},"end":{"line":26,"column":25}},"10":{"start":{"line":28,"column":4},"end":{"line":34,"column":5}},"11":{"start":{"line":29,"column":23},"end":{"line":29,"column":64}},"12":{"start":{"line":30,"column":6},"end":{"line":30,"column":37}},"13":{"start":{"line":33,"column":6},"end":{"line":33,"column":62}},"14":{"start":{"line":37,"column":2},"end":{"line":66,"column":4}}},"fnMap":{"0":{"name":"(anonymous_0)","decl":{"start":{"line":5,"column":32},"end":{"line":5,"column":33}},"loc":{"start":{"line":12,"column":6},"end":{"line":67,"column":1}},"line":12},"1":{"name":"(anonymous_1)","decl":{"start":{"line":13,"column":25},"end":{"line":13,"column":26}},"loc":{"start":{"line":13,"column":31},"end":{"line":17,"column":3}},"line":13},"2":{"name":"(anonymous_2)","decl":{"start":{"line":19,"column":25},"end":{"line":19,"column":26}},"loc":{"start":{"line":19,"column":31},"end":{"line":23,"column":3}},"line":19},"3":{"name":"(anonymous_3)","decl":{"start":{"line":25,"column":28},"end":{"line":25,"column":29}},"loc":{"start":{"line":25,"column":35},"end":{"line":35,"column":3}},"line":25}},"branchMap":{"0":{"loc":{"start":{"line":8,"column":2},"end":{"line":8,"column":9}},"type":"default-arg","locations":[{"start":{"line":8,"column":8},"end":{"line":8,"column":9}}],"line":8},"1":{"loc":{"start":{"line":9,"column":2},"end":{"line":9,"column":10}},"type":"default-arg","locations":[{"start":{"line":9,"column":8},"end":{"line":9,"column":10}}],"line":9},"2":{"loc":{"start":{"line":10,"column":2},"end":{"line":10,"column":13}},"type":"default-arg","locations":[{"start":{"line":10,"column":9},"end":{"line":10,"column":13}}],"line":10},"3":{"loc":{"start":{"line":11,"column":2},"end":{"line":11,"column":18}},"type":"default-arg","locations":[{"start":{"line":11,"column":13},"end":{"line":11,"column":18}}],"line":11},"4":{"loc":{"start":{"line":14,"column":4},"end":{"line":16,"column":5}},"type":"if","locations":[{"start":{"line":14,"column":4},"end":{"line":16,"column":5}},{"start":{},"end":{}}],"line":14},"5":{"loc":{"start":{"line":14,"column":8},"end":{"line":14,"column":32}},"type":"binary-expr","locations":[{"start":{"line":14,"column":8},"end":{"line":14,"column":19}},{"start":{"line":14,"column":23},"end":{"line":14,"column":32}}],"line":14},"6":{"loc":{"start":{"line":20,"column":4},"end":{"line":22,"column":5}},"type":"if","locations":[{"start":{"line":20,"column":4},"end":{"line":22,"column":5}},{"start":{},"end":{}}],"line":20},"7":{"loc":{"start":{"line":20,"column":8},"end":{"line":20,"column":32}},"type":"binary-expr","locations":[{"start":{"line":20,"column":8},"end":{"line":20,"column":19}},{"start":{"line":20,"column":23},"end":{"line":20,"column":32}}],"line":20},"8":{"loc":{"start":{"line":26,"column":4},"end":{"line":26,"column":25}},"type":"if","locations":[{"start":{"line":26,"column":4},"end":{"line":26,"column":25}},{"start":{},"end":{}}],"line":26},"9":{"loc":{"start":{"line":43,"column":18},"end":{"line":43,"column":42}},"type":"binary-expr","locations":[{"start":{"line":43,"column":18},"end":{"line":43,"column":30}},{"start":{"line":43,"column":34},"end":{"line":43,"column":42}}],"line":43},"10":{"loc":{"start":{"line":61,"column":18},"end":{"line":61,"column":42}},"type":"binary-expr","locations":[{"start":{"line":61,"column":18},"end":{"line":61,"column":30}},{"start":{"line":61,"column":34},"end":{"line":61,"column":42}}],"line":61}},"s":{"0":1,"1":12,"2":1,"3":1,"4":12,"5":1,"6":1,"7":12,"8":5,"9":0,"10":5,"11":5,"12":3,"13":2,"14":12},"f":{"0":12,"1":1,"2":1,"3":5},"b":{"0":[11],"1":[11],"2":[12],"3":[7],"4":[1,0],"5":[1,1],"6":[1,0],"7":[1,1],"8":[0,5],"9":[12,4],"10":[12,11]},"_coverageSchema":"1a1c01bbd47fc00a2c39e90264f33305004495a9","hash":"e9d099e5b8f8455aebea79f1ef84101e473bc089"}
,"D:\\Desktop\\Cong_Nghe_Phan _Mem_Moi\\BaiTap_7\\frontend\\src\\context\\CartContext.enhanced.jsx": {"path":"D:\\Desktop\\Cong_Nghe_Phan _Mem_Moi\\BaiTap_7\\frontend\\src\\context\\CartContext.enhanced.jsx","statementMap":{"0":{"start":{"line":6,"column":20},"end":{"line":6,"column":39}},"1":{"start":{"line":8,"column":28},"end":{"line":254,"column":1}},"2":{"start":{"line":16,"column":6},"end":{"line":16,"column":12}},"3":{"start":{"line":18,"column":26},"end":{"line":18,"column":38}},"4":{"start":{"line":19,"column":34},"end":{"line":19,"column":45}},"5":{"start":{"line":20,"column":28},"end":{"line":20,"column":42}},"6":{"start":{"line":21,"column":32},"end":{"line":21,"column":47}},"7":{"start":{"line":24,"column":24},"end":{"line":26,"column":3}},"8":{"start":{"line":25,"column":4},"end":{"line":25,"column":73}},"9":{"start":{"line":29,"column":2},"end":{"line":31,"column":9}},"10":{"start":{"line":30,"column":4},"end":{"line":30,"column":30}},"11":{"start":{"line":34,"column":2},"end":{"line":44,"column":20}},"12":{"start":{"line":35,"column":4},"end":{"line":43,"column":5}},"13":{"start":{"line":36,"column":6},"end":{"line":42,"column":7}},"14":{"start":{"line":37,"column":26},"end":{"line":37,"column":40}},"15":{"start":{"line":38,"column":8},"end":{"line":38,"column":27}},"16":{"start":{"line":40,"column":8},"end":{"line":40,"column":53}},"17":{"start":{"line":41,"column":8},"end":{"line":41,"column":46}},"18":{"start":{"line":47,"column":2},"end":{"line":56,"column":26}},"19":{"start":{"line":48,"column":4},"end":{"line":55,"column":5}},"20":{"start":{"line":49,"column":6},"end":{"line":54,"column":7}},"21":{"start":{"line":50,"column":8},"end":{"line":50,"column":27}},"22":{"start":{"line":52,"column":8},"end":{"line":52,"column":53}},"23":{"start":{"line":53,"column":8},"end":{"line":53,"column":40}},"24":{"start":{"line":59,"column":2},"end":{"line":64,"column":14}},"25":{"start":{"line":60,"column":4},"end":{"line":63,"column":5}},"26":{"start":{"line":61,"column":20},"end":{"line":61,"column":58}},"27":{"start":{"line":61,"column":37},"end":{"line":61,"column":51}},"28":{"start":{"line":62,"column":6},"end":{"line":62,"column":39}},"29":{"start":{"line":62,"column":19},"end":{"line":62,"column":38}},"30":{"start":{"line":69,"column":18},"end":{"line":97,"column":25}},"31":{"start":{"line":70,"column":4},"end":{"line":96,"column":5}},"32":{"start":{"line":72,"column":6},"end":{"line":74,"column":7}},"33":{"start":{"line":73,"column":8},"end":{"line":73,"column":46}},"34":{"start":{"line":76,"column":6},"end":{"line":76,"column":23}},"35":{"start":{"line":77,"column":6},"end":{"line":77,"column":21}},"36":{"start":{"line":80,"column":22},"end":{"line":80,"column":53}},"37":{"start":{"line":81,"column":6},"end":{"line":81,"column":23}},"38":{"start":{"line":83,"column":6},"end":{"line":83,"column":18}},"39":{"start":{"line":85,"column":6},"end":{"line":85,"column":46}},"40":{"start":{"line":87,"column":6},"end":{"line":91,"column":7}},"41":{"start":{"line":88,"column":8},"end":{"line":88,"column":32}},"42":{"start":{"line":90,"column":8},"end":{"line":90,"column":47}},"43":{"start":{"line":93,"column":6},"end":{"line":93,"column":19}},"44":{"start":{"line":95,"column":6},"end":{"line":95,"column":24}},"45":{"start":{"line":102,"column":21},"end":{"line":118,"column":12}},"46":{"start":{"line":103,"column":4},"end":{"line":117,"column":5}},"47":{"start":{"line":104,"column":6},"end":{"line":104,"column":23}},"48":{"start":{"line":105,"column":6},"end":{"line":105,"column":21}},"49":{"start":{"line":107,"column":22},"end":{"line":107,"column":60}},"50":{"start":{"line":108,"column":6},"end":{"line":108,"column":23}},"51":{"start":{"line":110,"column":6},"end":{"line":110,"column":18}},"52":{"start":{"line":112,"column":6},"end":{"line":112,"column":49}},"53":{"start":{"line":113,"column":6},"end":{"line":113,"column":40}},"54":{"start":{"line":114,"column":6},"end":{"line":114,"column":19}},"55":{"start":{"line":116,"column":6},"end":{"line":116,"column":24}},"56":{"start":{"line":123,"column":25},"end":{"line":150,"column":25}},"57":{"start":{"line":124,"column":4},"end":{"line":149,"column":5}},"58":{"start":{"line":126,"column":6},"end":{"line":128,"column":7}},"59":{"start":{"line":127,"column":8},"end":{"line":127,"column":53}},"60":{"start":{"line":130,"column":6},"end":{"line":130,"column":23}},"61":{"start":{"line":131,"column":6},"end":{"line":131,"column":21}},"62":{"start":{"line":133,"column":22},"end":{"line":133,"column":74}},"63":{"start":{"line":134,"column":6},"end":{"line":134,"column":23}},"64":{"start":{"line":136,"column":6},"end":{"line":136,"column":18}},"65":{"start":{"line":138,"column":6},"end":{"line":138,"column":53}},"66":{"start":{"line":140,"column":6},"end":{"line":144,"column":7}},"67":{"start":{"line":141,"column":8},"end":{"line":141,"column":32}},"68":{"start":{"line":143,"column":8},"end":{"line":143,"column":46}},"69":{"start":{"line":146,"column":6},"end":{"line":146,"column":19}},"70":{"start":{"line":148,"column":6},"end":{"line":148,"column":24}},"71":{"start":{"line":155,"column":20},"end":{"line":166,"column":19}},"72":{"start":{"line":156,"column":4},"end":{"line":165,"column":5}},"73":{"start":{"line":157,"column":6},"end":{"line":157,"column":36}},"74":{"start":{"line":158,"column":6},"end":{"line":158,"column":39}},"75":{"start":{"line":158,"column":23},"end":{"line":158,"column":39}},"76":{"start":{"line":159,"column":6},"end":{"line":159,"column":21}},"77":{"start":{"line":160,"column":6},"end":{"line":160,"column":18}},"78":{"start":{"line":162,"column":6},"end":{"line":162,"column":48}},"79":{"start":{"line":163,"column":6},"end":{"line":163,"column":39}},"80":{"start":{"line":164,"column":6},"end":{"line":164,"column":19}},"81":{"start":{"line":171,"column":21},"end":{"line":173,"column":8}},"82":{"start":{"line":172,"column":4},"end":{"line":172,"column":19}},"83":{"start":{"line":178,"column":24},"end":{"line":196,"column":8}},"84":{"start":{"line":179,"column":4},"end":{"line":195,"column":5}},"85":{"start":{"line":180,"column":6},"end":{"line":182,"column":7}},"86":{"start":{"line":181,"column":8},"end":{"line":181,"column":49}},"87":{"start":{"line":184,"column":6},"end":{"line":186,"column":7}},"88":{"start":{"line":185,"column":8},"end":{"line":185,"column":55}},"89":{"start":{"line":188,"column":6},"end":{"line":188,"column":30}},"90":{"start":{"line":189,"column":6},"end":{"line":189,"column":21}},"91":{"start":{"line":190,"column":6},"end":{"line":190,"column":18}},"92":{"start":{"line":192,"column":6},"end":{"line":192,"column":52}},"93":{"start":{"line":193,"column":6},"end":{"line":193,"column":30}},"94":{"start":{"line":194,"column":6},"end":{"line":194,"column":19}},"95":{"start":{"line":201,"column":25},"end":{"line":203,"column":8}},"96":{"start":{"line":202,"column":4},"end":{"line":202,"column":19}},"97":{"start":{"line":206,"column":19},"end":{"line":206,"column":51}},"98":{"start":{"line":207,"column":25},"end":{"line":207,"column":52}},"99":{"start":{"line":208,"column":32},"end":{"line":208,"column":57}},"100":{"start":{"line":209,"column":14},"end":{"line":209,"column":53}},"101":{"start":{"line":210,"column":19},"end":{"line":210,"column":70}},"102":{"start":{"line":211,"column":16},"end":{"line":211,"column":54}},"103":{"start":{"line":212,"column":20},"end":{"line":212,"column":47}},"104":{"start":{"line":214,"column":16},"end":{"line":247,"column":3}},"105":{"start":{"line":249,"column":2},"end":{"line":253,"column":4}},"106":{"start":{"line":256,"column":23},"end":{"line":262,"column":1}},"107":{"start":{"line":257,"column":18},"end":{"line":257,"column":41}},"108":{"start":{"line":258,"column":2},"end":{"line":260,"column":3}},"109":{"start":{"line":259,"column":4},"end":{"line":259,"column":64}},"110":{"start":{"line":261,"column":2},"end":{"line":261,"column":17}}},"fnMap":{"0":{"name":"(anonymous_0)","decl":{"start":{"line":8,"column":28},"end":{"line":8,"column":29}},"loc":{"start":{"line":8,"column":59},"end":{"line":254,"column":1}},"line":8},"1":{"name":"(anonymous_1)","decl":{"start":{"line":24,"column":33},"end":{"line":24,"column":34}},"loc":{"start":{"line":25,"column":4},"end":{"line":25,"column":73}},"line":25},"2":{"name":"(anonymous_2)","decl":{"start":{"line":29,"column":12},"end":{"line":29,"column":13}},"loc":{"start":{"line":29,"column":18},"end":{"line":31,"column":3}},"line":29},"3":{"name":"(anonymous_3)","decl":{"start":{"line":34,"column":12},"end":{"line":34,"column":13}},"loc":{"start":{"line":34,"column":18},"end":{"line":44,"column":3}},"line":34},"4":{"name":"(anonymous_4)","decl":{"start":{"line":47,"column":12},"end":{"line":47,"column":13}},"loc":{"start":{"line":47,"column":18},"end":{"line":56,"column":3}},"line":47},"5":{"name":"(anonymous_5)","decl":{"start":{"line":59,"column":12},"end":{"line":59,"column":13}},"loc":{"start":{"line":59,"column":18},"end":{"line":64,"column":3}},"line":59},"6":{"name":"(anonymous_6)","decl":{"start":{"line":61,"column":31},"end":{"line":61,"column":32}},"loc":{"start":{"line":61,"column":37},"end":{"line":61,"column":51}},"line":61},"7":{"name":"(anonymous_7)","decl":{"start":{"line":62,"column":13},"end":{"line":62,"column":14}},"loc":{"start":{"line":62,"column":19},"end":{"line":62,"column":38}},"line":62},"8":{"name":"(anonymous_8)","decl":{"start":{"line":69,"column":30},"end":{"line":69,"column":31}},"loc":{"start":{"line":69,"column":49},"end":{"line":97,"column":3}},"line":69},"9":{"name":"(anonymous_9)","decl":{"start":{"line":102,"column":33},"end":{"line":102,"column":34}},"loc":{"start":{"line":102,"column":57},"end":{"line":118,"column":3}},"line":102},"10":{"name":"(anonymous_10)","decl":{"start":{"line":123,"column":37},"end":{"line":123,"column":38}},"loc":{"start":{"line":123,"column":64},"end":{"line":150,"column":3}},"line":123},"11":{"name":"(anonymous_11)","decl":{"start":{"line":155,"column":32},"end":{"line":155,"column":33}},"loc":{"start":{"line":155,"column":38},"end":{"line":166,"column":3}},"line":155},"12":{"name":"(anonymous_12)","decl":{"start":{"line":171,"column":33},"end":{"line":171,"column":34}},"loc":{"start":{"line":171,"column":39},"end":{"line":173,"column":3}},"line":171},"13":{"name":"(anonymous_13)","decl":{"start":{"line":178,"column":36},"end":{"line":178,"column":37}},"loc":{"start":{"line":178,"column":58},"end":{"line":196,"column":3}},"line":178},"14":{"name":"(anonymous_14)","decl":{"start":{"line":201,"column":37},"end":{"line":201,"column":38}},"loc":{"start":{"line":201,"column":43},"end":{"line":203,"column":3}},"line":201},"15":{"name":"(anonymous_15)","decl":{"start":{"line":256,"column":23},"end":{"line":256,"column":24}},"loc":{"start":{"line":256,"column":29},"end":{"line":262,"column":1}},"line":256}},"branchMap":{"0":{"loc":{"start":{"line":8,"column":41},"end":{"line":8,"column":52}},"type":"default-arg","locations":[{"start":{"line":8,"column":50},"end":{"line":8,"column":52}}],"line":8},"1":{"loc":{"start":{"line":10,"column":4},"end":{"line":10,"column":22}},"type":"default-arg","locations":[{"start":{"line":10,"column":18},"end":{"line":10,"column":22}}],"line":10},"2":{"loc":{"start":{"line":11,"column":4},"end":{"line":11,"column":16}},"type":"default-arg","locations":[{"start":{"line":11,"column":14},"end":{"line":11,"column":16}}],"line":11},"3":{"loc":{"start":{"line":12,"column":4},"end":{"line":12,"column":31}},"type":"default-arg","locations":[{"start":{"line":12,"column":28},"end":{"line":12,"column":31}}],"line":12},"4":{"loc":{"start":{"line":13,"column":4},"end":{"line":13,"column":20}},"type":"default-arg","locations":[{"start":{"line":13,"column":18},"end":{"line":13,"column":20}}],"line":13},"5":{"loc":{"start":{"line":14,"column":4},"end":{"line":14,"column":26}},"type":"default-arg","locations":[{"start":{"line":14,"column":22},"end":{"line":14,"column":26}}],"line":14},"6":{"loc":{"start":{"line":15,"column":4},"end":{"line":15,"column":29}},"type":"default-arg","locations":[{"start":{"line":15,"column":27},"end":{"line":15,"column":29}}],"line":15},"7":{"loc":{"start":{"line":25,"column":4},"end":{"line":25,"column":73}},"type":"cond-expr","locations":[{"start":{"line":25,"column":22},"end":{"line":25,"column":66}},{"start":{"line":25,"column":69},"end":{"line":25,"column":73}}],"line":25},"8":{"loc":{"start":{"line":35,"column":4},"end":{"line":43,"column":5}},"type":"if","locations":[{"start":{"line":35,"column":4},"end":{"line":43,"column":5}},{"start":{},"end":{}}],"line":35},"9":{"loc":{"start":{"line":48,"column":4},"end":{"line":55,"column":5}},"type":"if","locations":[{"start":{"line":48,"column":4},"end":{"line":55,"column":5}},{"start":{},"end":{}}],"line":48},"10":{"loc":{"start":{"line":48,"column":8},"end":{"line":48,"column":39}},"type":"binary-expr","locations":[{"start":{"line":48,"column":8},"end":{"line":48,"column":19}},{"start":{"line":48,"column":23},"end":{"line":48,"column":39}}],"line":48},"11":{"loc":{"start":{"line":60,"column":4},"end":{"line":63,"column":5}},"type":"if","locations":[{"start":{"line":60,"column":4},"end":{"line":63,"column":5}},{"start":{},"end":{}}],"line":60},"12":{"loc":{"start":{"line":72,"column":6},"end":{"line":74,"column":7}},"type":"if","locations":[{"start":{"line":72,"column":6},"end":{"line":74,"column":7}},{"start":{},"end":{}}],"line":72},"13":{"loc":{"start":{"line":87,"column":6},"end":{"line":91,"column":7}},"type":"if","locations":[{"start":{"line":87,"column":6},"end":{"line":91,"column":7}},{"start":{"line":89,"column":13},"end":{"line":91,"column":7}}],"line":87},"14":{"loc":{"start":{"line":102,"column":38},"end":{"line":102,"column":52}},"type":"default-arg","locations":[{"start":{"line":102,"column":48},"end":{"line":102,"column":52}}],"line":102},"15":{"loc":{"start":{"line":126,"column":6},"end":{"line":128,"column":7}},"type":"if","locations":[{"start":{"line":126,"column":6},"end":{"line":128,"column":7}},{"start":{},"end":{}}],"line":126},"16":{"loc":{"start":{"line":140,"column":6},"end":{"line":144,"column":7}},"type":"if","locations":[{"start":{"line":140,"column":6},"end":{"line":144,"column":7}},{"start":{"line":142,"column":13},"end":{"line":144,"column":7}}],"line":140},"17":{"loc":{"start":{"line":158,"column":6},"end":{"line":158,"column":39}},"type":"if","locations":[{"start":{"line":158,"column":6},"end":{"line":158,"column":39}},{"start":{},"end":{}}],"line":158},"18":{"loc":{"start":{"line":180,"column":6},"end":{"line":182,"column":7}},"type":"if","locations":[{"start":{"line":180,"column":6},"end":{"line":182,"column":7}},{"start":{},"end":{}}],"line":180},"19":{"loc":{"start":{"line":180,"column":10},"end":{"line":180,"column":53}},"type":"binary-expr","locations":[{"start":{"line":180,"column":10},"end":{"line":180,"column":34}},{"start":{"line":180,"column":38},"end":{"line":180,"column":53}}],"line":180},"20":{"loc":{"start":{"line":184,"column":6},"end":{"line":186,"column":7}},"type":"if","locations":[{"start":{"line":184,"column":6},"end":{"line":186,"column":7}},{"start":{},"end":{}}],"line":184},"21":{"loc":{"start":{"line":184,"column":10},"end":{"line":184,"column":44}},"type":"binary-expr","locations":[{"start":{"line":184,"column":10},"end":{"line":184,"column":24}},{"start":{"line":184,"column":28},"end":{"line":184,"column":44}}],"line":184},"22":{"loc":{"start":{"line":210,"column":19},"end":{"line":210,"column":70}},"type":"cond-expr","locations":[{"start":{"line":210,"column":55},"end":{"line":210,"column":56}},{"start":{"line":210,"column":59},"end":{"line":210,"column":70}}],"line":210},"23":{"loc":{"start":{"line":258,"column":2},"end":{"line":260,"column":3}},"type":"if","locations":[{"start":{"line":258,"column":2},"end":{"line":260,"column":3}},{"start":{},"end":{}}],"line":258}},"s":{"0":1,"1":1,"2":38,"3":38,"4":38,"5":38,"6":38,"7":38,"8":28,"9":38,"10":14,"11":38,"12":14,"13":0,"14":0,"15":0,"16":0,"17":0,"18":38,"19":21,"20":0,"21":0,"22":0,"23":0,"24":38,"25":14,"26":0,"27":0,"28":0,"29":0,"30":38,"31":5,"32":5,"33":5,"34":5,"35":5,"36":5,"37":5,"38":5,"39":0,"40":0,"41":0,"42":0,"43":0,"44":5,"45":38,"46":1,"47":1,"48":1,"49":1,"50":1,"51":1,"52":0,"53":0,"54":0,"55":1,"56":38,"57":1,"58":1,"59":1,"60":1,"61":1,"62":1,"63":1,"64":1,"65":0,"66":0,"67":0,"68":0,"69":0,"70":1,"71":38,"72":0,"73":0,"74":0,"75":0,"76":0,"77":0,"78":0,"79":0,"80":0,"81":38,"82":0,"83":38,"84":2,"85":2,"86":0,"87":2,"88":0,"89":2,"90":2,"91":2,"92":0,"93":0,"94":0,"95":38,"96":1,"97":38,"98":38,"99":38,"100":38,"101":38,"102":38,"103":38,"104":38,"105":38,"106":1,"107":91,"108":90,"109":0,"110":90},"f":{"0":38,"1":28,"2":14,"3":14,"4":21,"5":14,"6":0,"7":0,"8":5,"9":1,"10":1,"11":0,"12":0,"13":2,"14":1,"15":91},"b":{"0":[0],"1":[0],"2":[38],"3":[38],"4":[38],"5":[38],"6":[38],"7":[28,0],"8":[0,14],"9":[0,21],"10":[21,0],"11":[0,14],"12":[5,0],"13":[0,0],"14":[0],"15":[1,0],"16":[0,0],"17":[0,0],"18":[0,2],"19":[2,2],"20":[0,2],"21":[2,2],"22":[1,37],"23":[0,90]},"_coverageSchema":"1a1c01bbd47fc00a2c39e90264f33305004495a9","hash":"b8fbe23f2458e1c933908c2532b7d98dae4cf7f3"}
,"D:\\Desktop\\Cong_Nghe_Phan _Mem_Moi\\BaiTap_7\\frontend\\src\\context\\CartContext.jsx": {"path":"D:\\Desktop\\Cong_Nghe_Phan _Mem_Moi\\BaiTap_7\\frontend\\src\\context\\CartContext.jsx","statementMap":{"0":{"start":{"line":4,"column":20},"end":{"line":4,"column":39}},"1":{"start":{"line":6,"column":28},"end":{"line":77,"column":1}},"2":{"start":{"line":12,"column":6},"end":{"line":12,"column":12}},"3":{"start":{"line":14,"column":26},"end":{"line":14,"column":38}},"4":{"start":{"line":15,"column":34},"end":{"line":15,"column":45}},"5":{"start":{"line":18,"column":2},"end":{"line":23,"column":20}},"6":{"start":{"line":19,"column":4},"end":{"line":22,"column":5}},"7":{"start":{"line":20,"column":24},"end":{"line":20,"column":38}},"8":{"start":{"line":21,"column":6},"end":{"line":21,"column":25}},"9":{"start":{"line":26,"column":2},"end":{"line":30,"column":26}},"10":{"start":{"line":27,"column":4},"end":{"line":29,"column":5}},"11":{"start":{"line":28,"column":6},"end":{"line":28,"column":25}},"12":{"start":{"line":32,"column":18},"end":{"line":34,"column":3}},"13":{"start":{"line":33,"column":4},"end":{"line":33,"column":53}},"14":{"start":{"line":33,"column":20},"end":{"line":33,"column":51}},"15":{"start":{"line":36,"column":21},"end":{"line":38,"column":3}},"16":{"start":{"line":37,"column":4},"end":{"line":37,"column":60}},"17":{"start":{"line":37,"column":20},"end":{"line":37,"column":58}},"18":{"start":{"line":40,"column":25},"end":{"line":42,"column":3}},"19":{"start":{"line":41,"column":4},"end":{"line":41,"column":74}},"20":{"start":{"line":41,"column":20},"end":{"line":41,"column":72}},"21":{"start":{"line":44,"column":20},"end":{"line":47,"column":3}},"22":{"start":{"line":45,"column":4},"end":{"line":45,"column":34}},"23":{"start":{"line":46,"column":4},"end":{"line":46,"column":37}},"24":{"start":{"line":46,"column":21},"end":{"line":46,"column":37}},"25":{"start":{"line":49,"column":19},"end":{"line":49,"column":51}},"26":{"start":{"line":50,"column":25},"end":{"line":50,"column":52}},"27":{"start":{"line":51,"column":32},"end":{"line":51,"column":57}},"28":{"start":{"line":52,"column":14},"end":{"line":52,"column":53}},"29":{"start":{"line":53,"column":19},"end":{"line":53,"column":70}},"30":{"start":{"line":54,"column":16},"end":{"line":54,"column":54}},"31":{"start":{"line":55,"column":20},"end":{"line":55,"column":47}},"32":{"start":{"line":57,"column":2},"end":{"line":76,"column":4}},"33":{"start":{"line":79,"column":23},"end":{"line":85,"column":1}},"34":{"start":{"line":80,"column":18},"end":{"line":80,"column":41}},"35":{"start":{"line":81,"column":2},"end":{"line":83,"column":3}},"36":{"start":{"line":82,"column":4},"end":{"line":82,"column":64}},"37":{"start":{"line":84,"column":2},"end":{"line":84,"column":17}}},"fnMap":{"0":{"name":"(anonymous_0)","decl":{"start":{"line":6,"column":28},"end":{"line":6,"column":29}},"loc":{"start":{"line":6,"column":59},"end":{"line":77,"column":1}},"line":6},"1":{"name":"(anonymous_1)","decl":{"start":{"line":18,"column":12},"end":{"line":18,"column":13}},"loc":{"start":{"line":18,"column":18},"end":{"line":23,"column":3}},"line":18},"2":{"name":"(anonymous_2)","decl":{"start":{"line":26,"column":12},"end":{"line":26,"column":13}},"loc":{"start":{"line":26,"column":18},"end":{"line":30,"column":3}},"line":26},"3":{"name":"(anonymous_3)","decl":{"start":{"line":32,"column":18},"end":{"line":32,"column":19}},"loc":{"start":{"line":32,"column":31},"end":{"line":34,"column":3}},"line":32},"4":{"name":"(anonymous_4)","decl":{"start":{"line":33,"column":12},"end":{"line":33,"column":13}},"loc":{"start":{"line":33,"column":20},"end":{"line":33,"column":51}},"line":33},"5":{"name":"(anonymous_5)","decl":{"start":{"line":36,"column":21},"end":{"line":36,"column":22}},"loc":{"start":{"line":36,"column":45},"end":{"line":38,"column":3}},"line":36},"6":{"name":"(anonymous_6)","decl":{"start":{"line":37,"column":12},"end":{"line":37,"column":13}},"loc":{"start":{"line":37,"column":20},"end":{"line":37,"column":58}},"line":37},"7":{"name":"(anonymous_7)","decl":{"start":{"line":40,"column":25},"end":{"line":40,"column":26}},"loc":{"start":{"line":40,"column":52},"end":{"line":42,"column":3}},"line":40},"8":{"name":"(anonymous_8)","decl":{"start":{"line":41,"column":12},"end":{"line":41,"column":13}},"loc":{"start":{"line":41,"column":20},"end":{"line":41,"column":72}},"line":41},"9":{"name":"(anonymous_9)","decl":{"start":{"line":44,"column":20},"end":{"line":44,"column":21}},"loc":{"start":{"line":44,"column":26},"end":{"line":47,"column":3}},"line":44},"10":{"name":"(anonymous_10)","decl":{"start":{"line":79,"column":23},"end":{"line":79,"column":24}},"loc":{"start":{"line":79,"column":29},"end":{"line":85,"column":1}},"line":79}},"branchMap":{"0":{"loc":{"start":{"line":6,"column":41},"end":{"line":6,"column":52}},"type":"default-arg","locations":[{"start":{"line":6,"column":50},"end":{"line":6,"column":52}}],"line":6},"1":{"loc":{"start":{"line":8,"column":4},"end":{"line":8,"column":22}},"type":"default-arg","locations":[{"start":{"line":8,"column":18},"end":{"line":8,"column":22}}],"line":8},"2":{"loc":{"start":{"line":9,"column":4},"end":{"line":9,"column":16}},"type":"default-arg","locations":[{"start":{"line":9,"column":14},"end":{"line":9,"column":16}}],"line":9},"3":{"loc":{"start":{"line":10,"column":4},"end":{"line":10,"column":31}},"type":"default-arg","locations":[{"start":{"line":10,"column":28},"end":{"line":10,"column":31}}],"line":10},"4":{"loc":{"start":{"line":11,"column":4},"end":{"line":11,"column":20}},"type":"default-arg","locations":[{"start":{"line":11,"column":18},"end":{"line":11,"column":20}}],"line":11},"5":{"loc":{"start":{"line":19,"column":4},"end":{"line":22,"column":5}},"type":"if","locations":[{"start":{"line":19,"column":4},"end":{"line":22,"column":5}},{"start":{},"end":{}}],"line":19},"6":{"loc":{"start":{"line":27,"column":4},"end":{"line":29,"column":5}},"type":"if","locations":[{"start":{"line":27,"column":4},"end":{"line":29,"column":5}},{"start":{},"end":{}}],"line":27},"7":{"loc":{"start":{"line":27,"column":8},"end":{"line":27,"column":39}},"type":"binary-expr","locations":[{"start":{"line":27,"column":8},"end":{"line":27,"column":19}},{"start":{"line":27,"column":23},"end":{"line":27,"column":39}}],"line":27},"8":{"loc":{"start":{"line":36,"column":26},"end":{"line":36,"column":40}},"type":"default-arg","locations":[{"start":{"line":36,"column":36},"end":{"line":36,"column":40}}],"line":36},"9":{"loc":{"start":{"line":46,"column":4},"end":{"line":46,"column":37}},"type":"if","locations":[{"start":{"line":46,"column":4},"end":{"line":46,"column":37}},{"start":{},"end":{}}],"line":46},"10":{"loc":{"start":{"line":53,"column":19},"end":{"line":53,"column":70}},"type":"cond-expr","locations":[{"start":{"line":53,"column":55},"end":{"line":53,"column":56}},{"start":{"line":53,"column":59},"end":{"line":53,"column":70}}],"line":53},"11":{"loc":{"start":{"line":81,"column":2},"end":{"line":83,"column":3}},"type":"if","locations":[{"start":{"line":81,"column":2},"end":{"line":83,"column":3}},{"start":{},"end":{}}],"line":81}},"s":{"0":1,"1":1,"2":0,"3":0,"4":0,"5":0,"6":0,"7":0,"8":0,"9":0,"10":0,"11":0,"12":0,"13":0,"14":0,"15":0,"16":0,"17":0,"18":0,"19":0,"20":0,"21":0,"22":0,"23":0,"24":0,"25":0,"26":0,"27":0,"28":0,"29":0,"30":0,"31":0,"32":0,"33":1,"34":28,"35":28,"36":28,"37":0},"f":{"0":0,"1":0,"2":0,"3":0,"4":0,"5":0,"6":0,"7":0,"8":0,"9":0,"10":28},"b":{"0":[0],"1":[0],"2":[0],"3":[0],"4":[0],"5":[0,0],"6":[0,0],"7":[0,0],"8":[0],"9":[0,0],"10":[0,0],"11":[28,0]},"_coverageSchema":"1a1c01bbd47fc00a2c39e90264f33305004495a9","hash":"439213cbb9d2efa816dc39c1331440407564e702"}
,"D:\\Desktop\\Cong_Nghe_Phan _Mem_Moi\\BaiTap_7\\frontend\\src\\core\\cartCore.js": {"path":"D:\\Desktop\\Cong_Nghe_Phan _Mem_Moi\\BaiTap_7\\frontend\\src\\core\\cartCore.js","statementMap":{"0":{"start":{"line":1,"column":32},"end":{"line":1,"column":47}},"1":{"start":{"line":3,"column":23},"end":{"line":33,"column":1}},"2":{"start":{"line":5,"column":4},"end":{"line":11,"column":5}},"3":{"start":{"line":6,"column":6},"end":{"line":6,"column":67}},"4":{"start":{"line":7,"column":6},"end":{"line":7,"column":18}},"5":{"start":{"line":9,"column":6},"end":{"line":9,"column":51}},"6":{"start":{"line":10,"column":6},"end":{"line":10,"column":19}},"7":{"start":{"line":15,"column":4},"end":{"line":21,"column":5}},"8":{"start":{"line":16,"column":20},"end":{"line":16,"column":58}},"9":{"start":{"line":17,"column":6},"end":{"line":17,"column":44}},"10":{"start":{"line":19,"column":6},"end":{"line":19,"column":51}},"11":{"start":{"line":20,"column":6},"end":{"line":20,"column":16}},"12":{"start":{"line":25,"column":4},"end":{"line":31,"column":5}},"13":{"start":{"line":26,"column":6},"end":{"line":26,"column":48}},"14":{"start":{"line":27,"column":6},"end":{"line":27,"column":18}},"15":{"start":{"line":29,"column":6},"end":{"line":29,"column":52}},"16":{"start":{"line":30,"column":6},"end":{"line":30,"column":19}},"17":{"start":{"line":35,"column":24},"end":{"line":86,"column":1}},"18":{"start":{"line":37,"column":26},"end":{"line":40,"column":5}},"19":{"start":{"line":38,"column":6},"end":{"line":39,"column":70}},"20":{"start":{"line":42,"column":4},"end":{"line":46,"column":5}},"21":{"start":{"line":43,"column":22},"end":{"line":43,"column":31}},"22":{"start":{"line":44,"column":6},"end":{"line":44,"column":63}},"23":{"start":{"line":45,"column":6},"end":{"line":45,"column":21}},"24":{"start":{"line":48,"column":4},"end":{"line":48,"column":70}},"25":{"start":{"line":52,"column":4},"end":{"line":54,"column":6}},"26":{"start":{"line":53,"column":6},"end":{"line":53,"column":83}},"27":{"start":{"line":58,"column":4},"end":{"line":58,"column":35}},"28":{"start":{"line":58,"column":23},"end":{"line":58,"column":35}},"29":{"start":{"line":59,"column":4},"end":{"line":63,"column":6}},"30":{"start":{"line":60,"column":6},"end":{"line":62,"column":14}},"31":{"start":{"line":66,"column":19},"end":{"line":66,"column":21}},"32":{"start":{"line":69,"column":4},"end":{"line":69,"column":77}},"33":{"start":{"line":69,"column":38},"end":{"line":69,"column":72}},"34":{"start":{"line":73,"column":21},"end":{"line":73,"column":53}},"35":{"start":{"line":74,"column":27},"end":{"line":74,"column":54}},"36":{"start":{"line":75,"column":22},"end":{"line":75,"column":63}},"37":{"start":{"line":76,"column":4},"end":{"line":76,"column":60}},"38":{"start":{"line":80,"column":4},"end":{"line":80,"column":62}},"39":{"start":{"line":80,"column":38},"end":{"line":80,"column":57}},"40":{"start":{"line":84,"column":4},"end":{"line":84,"column":48}}},"fnMap":{"0":{"name":"(anonymous_0)","decl":{"start":{"line":4,"column":8},"end":{"line":4,"column":9}},"loc":{"start":{"line":4,"column":18},"end":{"line":12,"column":3}},"line":4},"1":{"name":"(anonymous_1)","decl":{"start":{"line":14,"column":8},"end":{"line":14,"column":9}},"loc":{"start":{"line":14,"column":14},"end":{"line":22,"column":3}},"line":14},"2":{"name":"(anonymous_2)","decl":{"start":{"line":24,"column":9},"end":{"line":24,"column":10}},"loc":{"start":{"line":24,"column":15},"end":{"line":32,"column":3}},"line":24},"3":{"name":"(anonymous_3)","decl":{"start":{"line":36,"column":11},"end":{"line":36,"column":12}},"loc":{"start":{"line":36,"column":30},"end":{"line":49,"column":3}},"line":36},"4":{"name":"(anonymous_4)","decl":{"start":{"line":37,"column":41},"end":{"line":37,"column":42}},"loc":{"start":{"line":38,"column":6},"end":{"line":39,"column":70}},"line":38},"5":{"name":"(anonymous_5)","decl":{"start":{"line":51,"column":14},"end":{"line":51,"column":15}},"loc":{"start":{"line":51,"column":37},"end":{"line":55,"column":3}},"line":51},"6":{"name":"(anonymous_6)","decl":{"start":{"line":52,"column":23},"end":{"line":52,"column":24}},"loc":{"start":{"line":53,"column":6},"end":{"line":53,"column":83}},"line":53},"7":{"name":"(anonymous_7)","decl":{"start":{"line":57,"column":18},"end":{"line":57,"column":19}},"loc":{"start":{"line":57,"column":51},"end":{"line":64,"column":3}},"line":57},"8":{"name":"(anonymous_8)","decl":{"start":{"line":59,"column":20},"end":{"line":59,"column":21}},"loc":{"start":{"line":60,"column":6},"end":{"line":62,"column":14}},"line":60},"9":{"name":"(anonymous_9)","decl":{"start":{"line":66,"column":13},"end":{"line":66,"column":14}},"loc":{"start":{"line":66,"column":19},"end":{"line":66,"column":21}},"line":66},"10":{"name":"(anonymous_10)","decl":{"start":{"line":68,"column":21},"end":{"line":68,"column":22}},"loc":{"start":{"line":68,"column":31},"end":{"line":70,"column":3}},"line":68},"11":{"name":"(anonymous_11)","decl":{"start":{"line":69,"column":23},"end":{"line":69,"column":24}},"loc":{"start":{"line":69,"column":38},"end":{"line":69,"column":72}},"line":69},"12":{"name":"(anonymous_12)","decl":{"start":{"line":72,"column":18},"end":{"line":72,"column":19}},"loc":{"start":{"line":72,"column":65},"end":{"line":77,"column":3}},"line":72},"13":{"name":"(anonymous_13)","decl":{"start":{"line":79,"column":16},"end":{"line":79,"column":17}},"loc":{"start":{"line":79,"column":26},"end":{"line":81,"column":3}},"line":79},"14":{"name":"(anonymous_14)","decl":{"start":{"line":80,"column":23},"end":{"line":80,"column":24}},"loc":{"start":{"line":80,"column":38},"end":{"line":80,"column":57}},"line":80},"15":{"name":"(anonymous_15)","decl":{"start":{"line":83,"column":17},"end":{"line":83,"column":18}},"loc":{"start":{"line":83,"column":46},"end":{"line":85,"column":3}},"line":83}},"branchMap":{"0":{"loc":{"start":{"line":17,"column":13},"end":{"line":17,"column":43}},"type":"cond-expr","locations":[{"start":{"line":17,"column":21},"end":{"line":17,"column":38}},{"start":{"line":17,"column":41},"end":{"line":17,"column":43}}],"line":17},"1":{"loc":{"start":{"line":38,"column":6},"end":{"line":39,"column":70}},"type":"binary-expr","locations":[{"start":{"line":38,"column":6},"end":{"line":38,"column":28}},{"start":{"line":39,"column":6},"end":{"line":39,"column":70}}],"line":38},"2":{"loc":{"start":{"line":42,"column":4},"end":{"line":46,"column":5}},"type":"if","locations":[{"start":{"line":42,"column":4},"end":{"line":46,"column":5}},{"start":{},"end":{}}],"line":42},"3":{"loc":{"start":{"line":44,"column":41},"end":{"line":44,"column":62}},"type":"binary-expr","locations":[{"start":{"line":44,"column":41},"end":{"line":44,"column":57}},{"start":{"line":44,"column":61},"end":{"line":44,"column":62}}],"line":44},"4":{"loc":{"start":{"line":48,"column":45},"end":{"line":48,"column":66}},"type":"binary-expr","locations":[{"start":{"line":48,"column":45},"end":{"line":48,"column":61}},{"start":{"line":48,"column":65},"end":{"line":48,"column":66}}],"line":48},"5":{"loc":{"start":{"line":53,"column":8},"end":{"line":53,"column":82}},"type":"binary-expr","locations":[{"start":{"line":53,"column":8},"end":{"line":53,"column":22}},{"start":{"line":53,"column":26},"end":{"line":53,"column":82}}],"line":53},"6":{"loc":{"start":{"line":58,"column":4},"end":{"line":58,"column":35}},"type":"if","locations":[{"start":{"line":58,"column":4},"end":{"line":58,"column":35}},{"start":{},"end":{}}],"line":58},"7":{"loc":{"start":{"line":60,"column":6},"end":{"line":62,"column":14}},"type":"cond-expr","locations":[{"start":{"line":61,"column":10},"end":{"line":61,"column":54}},{"start":{"line":62,"column":10},"end":{"line":62,"column":14}}],"line":60},"8":{"loc":{"start":{"line":60,"column":6},"end":{"line":60,"column":80}},"type":"binary-expr","locations":[{"start":{"line":60,"column":6},"end":{"line":60,"column":20}},{"start":{"line":60,"column":24},"end":{"line":60,"column":80}}],"line":60},"9":{"loc":{"start":{"line":72,"column":25},"end":{"line":72,"column":37}},"type":"default-arg","locations":[{"start":{"line":72,"column":36},"end":{"line":72,"column":37}}],"line":72},"10":{"loc":{"start":{"line":72,"column":39},"end":{"line":72,"column":46}},"type":"default-arg","locations":[{"start":{"line":72,"column":45},"end":{"line":72,"column":46}}],"line":72},"11":{"loc":{"start":{"line":72,"column":48},"end":{"line":72,"column":60}},"type":"default-arg","locations":[{"start":{"line":72,"column":59},"end":{"line":72,"column":60}}],"line":72}},"s":{"0":1,"1":1,"2":0,"3":0,"4":0,"5":0,"6":0,"7":0,"8":0,"9":0,"10":0,"11":0,"12":0,"13":0,"14":0,"15":0,"16":0,"17":1,"18":0,"19":0,"20":0,"21":0,"22":0,"23":0,"24":0,"25":0,"26":0,"27":0,"28":0,"29":0,"30":0,"31":0,"32":0,"33":0,"34":0,"35":0,"36":0,"37":0,"38":0,"39":0,"40":0},"f":{"0":0,"1":0,"2":0,"3":0,"4":0,"5":0,"6":0,"7":0,"8":0,"9":0,"10":0,"11":0,"12":0,"13":0,"14":0,"15":0},"b":{"0":[0,0],"1":[0,0],"2":[0,0],"3":[0,0],"4":[0,0],"5":[0,0],"6":[0,0],"7":[0,0],"8":[0,0],"9":[0],"10":[0],"11":[0]},"_coverageSchema":"1a1c01bbd47fc00a2c39e90264f33305004495a9","hash":"9f27de6df4199e332896590c24444e5b2bb35391"}
,"D:\\Desktop\\Cong_Nghe_Phan _Mem_Moi\\BaiTap_7\\frontend\\src\\core\\cartCore.secure.js": {"path":"D:\\Desktop\\Cong_Nghe_Phan _Mem_Moi\\BaiTap_7\\frontend\\src\\core\\cartCore.secure.js","statementMap":{"0":{"start":{"line":3,"column":32},"end":{"line":3,"column":57}},"1":{"start":{"line":4,"column":29},"end":{"line":4,"column":31}},"2":{"start":{"line":5,"column":32},"end":{"line":5,"column":39}},"3":{"start":{"line":7,"column":23},"end":{"line":101,"column":1}},"4":{"start":{"line":9,"column":4},"end":{"line":47,"column":5}},"5":{"start":{"line":10,"column":6},"end":{"line":12,"column":7}},"6":{"start":{"line":11,"column":8},"end":{"line":11,"column":74}},"7":{"start":{"line":14,"column":6},"end":{"line":19,"column":7}},"8":{"start":{"line":15,"column":8},"end":{"line":18,"column":10}},"9":{"start":{"line":22,"column":28},"end":{"line":29,"column":24}},"10":{"start":{"line":23,"column":8},"end":{"line":28,"column":9}},"11":{"start":{"line":24,"column":10},"end":{"line":24,"column":43}},"12":{"start":{"line":26,"column":10},"end":{"line":26,"column":61}},"13":{"start":{"line":27,"column":10},"end":{"line":27,"column":22}},"14":{"start":{"line":31,"column":19},"end":{"line":31,"column":48}},"15":{"start":{"line":34,"column":6},"end":{"line":36,"column":7}},"16":{"start":{"line":35,"column":8},"end":{"line":35,"column":68}},"17":{"start":{"line":38,"column":6},"end":{"line":38,"column":51}},"18":{"start":{"line":39,"column":6},"end":{"line":39,"column":18}},"19":{"start":{"line":42,"column":6},"end":{"line":42,"column":51}},"20":{"start":{"line":43,"column":6},"end":{"line":45,"column":7}},"21":{"start":{"line":44,"column":8},"end":{"line":44,"column":20}},"22":{"start":{"line":46,"column":6},"end":{"line":46,"column":66}},"23":{"start":{"line":51,"column":4},"end":{"line":89,"column":5}},"24":{"start":{"line":52,"column":20},"end":{"line":52,"column":58}},"25":{"start":{"line":53,"column":6},"end":{"line":53,"column":28}},"26":{"start":{"line":53,"column":18},"end":{"line":53,"column":28}},"27":{"start":{"line":55,"column":21},"end":{"line":55,"column":38}},"28":{"start":{"line":58,"column":6},"end":{"line":62,"column":7}},"29":{"start":{"line":59,"column":8},"end":{"line":59,"column":69}},"30":{"start":{"line":60,"column":8},"end":{"line":60,"column":24}},"31":{"start":{"line":61,"column":8},"end":{"line":61,"column":18}},"32":{"start":{"line":65,"column":28},"end":{"line":75,"column":32}},"33":{"start":{"line":67,"column":10},"end":{"line":72,"column":11}},"34":{"start":{"line":68,"column":12},"end":{"line":68,"column":45}},"35":{"start":{"line":70,"column":12},"end":{"line":70,"column":67}},"36":{"start":{"line":71,"column":12},"end":{"line":71,"column":24}},"37":{"start":{"line":78,"column":6},"end":{"line":80,"column":7}},"38":{"start":{"line":79,"column":8},"end":{"line":79,"column":36}},"39":{"start":{"line":82,"column":6},"end":{"line":82,"column":27}},"40":{"start":{"line":85,"column":6},"end":{"line":85,"column":51}},"41":{"start":{"line":87,"column":6},"end":{"line":87,"column":22}},"42":{"start":{"line":88,"column":6},"end":{"line":88,"column":16}},"43":{"start":{"line":93,"column":4},"end":{"line":99,"column":5}},"44":{"start":{"line":94,"column":6},"end":{"line":94,"column":48}},"45":{"start":{"line":95,"column":6},"end":{"line":95,"column":18}},"46":{"start":{"line":97,"column":6},"end":{"line":97,"column":52}},"47":{"start":{"line":98,"column":6},"end":{"line":98,"column":19}},"48":{"start":{"line":103,"column":24},"end":{"line":245,"column":1}},"49":{"start":{"line":105,"column":4},"end":{"line":155,"column":5}},"50":{"start":{"line":107,"column":27},"end":{"line":107,"column":55}},"51":{"start":{"line":110,"column":26},"end":{"line":114,"column":7}},"52":{"start":{"line":111,"column":8},"end":{"line":112,"column":93}},"53":{"start":{"line":116,"column":6},"end":{"line":121,"column":7}},"54":{"start":{"line":117,"column":8},"end":{"line":120,"column":10}},"55":{"start":{"line":124,"column":28},"end":{"line":127,"column":7}},"56":{"start":{"line":125,"column":8},"end":{"line":126,"column":77}},"57":{"start":{"line":129,"column":6},"end":{"line":145,"column":7}},"58":{"start":{"line":131,"column":24},"end":{"line":131,"column":33}},"59":{"start":{"line":132,"column":28},"end":{"line":132,"column":83}},"60":{"start":{"line":135,"column":8},"end":{"line":142,"column":9}},"61":{"start":{"line":136,"column":10},"end":{"line":136,"column":77}},"62":{"start":{"line":138,"column":10},"end":{"line":141,"column":12}},"63":{"start":{"line":144,"column":8},"end":{"line":144,"column":23}},"64":{"start":{"line":148,"column":6},"end":{"line":148,"column":37}},"65":{"start":{"line":151,"column":6},"end":{"line":153,"column":7}},"66":{"start":{"line":152,"column":8},"end":{"line":152,"column":20}},"67":{"start":{"line":154,"column":6},"end":{"line":154,"column":70}},"68":{"start":{"line":159,"column":4},"end":{"line":170,"column":5}},"69":{"start":{"line":160,"column":22},"end":{"line":160,"column":46}},"70":{"start":{"line":161,"column":31},"end":{"line":161,"column":72}},"71":{"start":{"line":163,"column":6},"end":{"line":166,"column":8}},"72":{"start":{"line":164,"column":8},"end":{"line":165,"column":76}},"73":{"start":{"line":168,"column":6},"end":{"line":168,"column":53}},"74":{"start":{"line":169,"column":6},"end":{"line":169,"column":18}},"75":{"start":{"line":174,"column":4},"end":{"line":188,"column":5}},"76":{"start":{"line":175,"column":22},"end":{"line":175,"column":46}},"77":{"start":{"line":176,"column":28},"end":{"line":176,"column":57}},"78":{"start":{"line":177,"column":31},"end":{"line":177,"column":72}},"79":{"start":{"line":179,"column":6},"end":{"line":184,"column":8}},"80":{"start":{"line":180,"column":8},"end":{"line":183,"column":16}},"81":{"start":{"line":186,"column":6},"end":{"line":186,"column":57}},"82":{"start":{"line":187,"column":6},"end":{"line":187,"column":72}},"83":{"start":{"line":191,"column":19},"end":{"line":191,"column":21}},"84":{"start":{"line":194,"column":4},"end":{"line":207,"column":5}},"85":{"start":{"line":195,"column":6},"end":{"line":195,"column":41}},"86":{"start":{"line":195,"column":32},"end":{"line":195,"column":41}},"87":{"start":{"line":197,"column":23},"end":{"line":201,"column":11}},"88":{"start":{"line":198,"column":22},"end":{"line":198,"column":50}},"89":{"start":{"line":199,"column":25},"end":{"line":199,"column":59}},"90":{"start":{"line":200,"column":8},"end":{"line":200,"column":40}},"91":{"start":{"line":203,"column":6},"end":{"line":203,"column":46}},"92":{"start":{"line":205,"column":6},"end":{"line":205,"column":60}},"93":{"start":{"line":206,"column":6},"end":{"line":206,"column":15}},"94":{"start":{"line":211,"column":4},"end":{"line":222,"column":5}},"95":{"start":{"line":212,"column":23},"end":{"line":212,"column":55}},"96":{"start":{"line":213,"column":29},"end":{"line":213,"column":81}},"97":{"start":{"line":214,"column":24},"end":{"line":214,"column":90}},"98":{"start":{"line":215,"column":26},"end":{"line":215,"column":60}},"99":{"start":{"line":217,"column":20},"end":{"line":217,"column":71}},"100":{"start":{"line":218,"column":6},"end":{"line":218,"column":43}},"101":{"start":{"line":220,"column":6},"end":{"line":220,"column":57}},"102":{"start":{"line":221,"column":6},"end":{"line":221,"column":15}},"103":{"start":{"line":226,"column":4},"end":{"line":232,"column":5}},"104":{"start":{"line":227,"column":6},"end":{"line":227,"column":41}},"105":{"start":{"line":227,"column":32},"end":{"line":227,"column":41}},"106":{"start":{"line":228,"column":6},"end":{"line":228,"column":85}},"107":{"start":{"line":228,"column":40},"end":{"line":228,"column":80}},"108":{"start":{"line":230,"column":6},"end":{"line":230,"column":56}},"109":{"start":{"line":231,"column":6},"end":{"line":231,"column":15}},"110":{"start":{"line":236,"column":4},"end":{"line":243,"column":5}},"111":{"start":{"line":237,"column":26},"end":{"line":237,"column":52}},"112":{"start":{"line":238,"column":28},"end":{"line":238,"column":68}},"113":{"start":{"line":239,"column":6},"end":{"line":239,"column":53}},"114":{"start":{"line":241,"column":6},"end":{"line":241,"column":56}},"115":{"start":{"line":242,"column":6},"end":{"line":242,"column":20}}},"fnMap":{"0":{"name":"(anonymous_0)","decl":{"start":{"line":8,"column":8},"end":{"line":8,"column":9}},"loc":{"start":{"line":8,"column":18},"end":{"line":48,"column":3}},"line":8},"1":{"name":"(anonymous_1)","decl":{"start":{"line":22,"column":37},"end":{"line":22,"column":38}},"loc":{"start":{"line":22,"column":45},"end":{"line":29,"column":7}},"line":22},"2":{"name":"(anonymous_2)","decl":{"start":{"line":50,"column":8},"end":{"line":50,"column":9}},"loc":{"start":{"line":50,"column":14},"end":{"line":90,"column":3}},"line":50},"3":{"name":"(anonymous_3)","decl":{"start":{"line":66,"column":13},"end":{"line":66,"column":14}},"loc":{"start":{"line":66,"column":21},"end":{"line":73,"column":9}},"line":66},"4":{"name":"(anonymous_4)","decl":{"start":{"line":92,"column":9},"end":{"line":92,"column":10}},"loc":{"start":{"line":92,"column":15},"end":{"line":100,"column":3}},"line":92},"5":{"name":"(anonymous_5)","decl":{"start":{"line":104,"column":11},"end":{"line":104,"column":12}},"loc":{"start":{"line":104,"column":30},"end":{"line":156,"column":3}},"line":104},"6":{"name":"(anonymous_6)","decl":{"start":{"line":110,"column":38},"end":{"line":110,"column":39}},"loc":{"start":{"line":111,"column":8},"end":{"line":112,"column":93}},"line":111},"7":{"name":"(anonymous_7)","decl":{"start":{"line":124,"column":43},"end":{"line":124,"column":44}},"loc":{"start":{"line":125,"column":8},"end":{"line":126,"column":77}},"line":125},"8":{"name":"(anonymous_8)","decl":{"start":{"line":158,"column":14},"end":{"line":158,"column":15}},"loc":{"start":{"line":158,"column":44},"end":{"line":171,"column":3}},"line":158},"9":{"name":"(anonymous_9)","decl":{"start":{"line":163,"column":25},"end":{"line":163,"column":26}},"loc":{"start":{"line":164,"column":8},"end":{"line":165,"column":76}},"line":164},"10":{"name":"(anonymous_10)","decl":{"start":{"line":173,"column":18},"end":{"line":173,"column":19}},"loc":{"start":{"line":173,"column":51},"end":{"line":189,"column":3}},"line":173},"11":{"name":"(anonymous_11)","decl":{"start":{"line":179,"column":22},"end":{"line":179,"column":23}},"loc":{"start":{"line":180,"column":8},"end":{"line":183,"column":16}},"line":180},"12":{"name":"(anonymous_12)","decl":{"start":{"line":191,"column":13},"end":{"line":191,"column":14}},"loc":{"start":{"line":191,"column":19},"end":{"line":191,"column":21}},"line":191},"13":{"name":"(anonymous_13)","decl":{"start":{"line":193,"column":21},"end":{"line":193,"column":22}},"loc":{"start":{"line":193,"column":31},"end":{"line":208,"column":3}},"line":193},"14":{"name":"(anonymous_14)","decl":{"start":{"line":197,"column":35},"end":{"line":197,"column":36}},"loc":{"start":{"line":197,"column":50},"end":{"line":201,"column":7}},"line":197},"15":{"name":"(anonymous_15)","decl":{"start":{"line":210,"column":18},"end":{"line":210,"column":19}},"loc":{"start":{"line":210,"column":65},"end":{"line":223,"column":3}},"line":210},"16":{"name":"(anonymous_16)","decl":{"start":{"line":225,"column":16},"end":{"line":225,"column":17}},"loc":{"start":{"line":225,"column":26},"end":{"line":233,"column":3}},"line":225},"17":{"name":"(anonymous_17)","decl":{"start":{"line":228,"column":25},"end":{"line":228,"column":26}},"loc":{"start":{"line":228,"column":40},"end":{"line":228,"column":80}},"line":228},"18":{"name":"(anonymous_18)","decl":{"start":{"line":235,"column":17},"end":{"line":235,"column":18}},"loc":{"start":{"line":235,"column":46},"end":{"line":244,"column":3}},"line":235}},"branchMap":{"0":{"loc":{"start":{"line":10,"column":6},"end":{"line":12,"column":7}},"type":"if","locations":[{"start":{"line":10,"column":6},"end":{"line":12,"column":7}},{"start":{},"end":{}}],"line":10},"1":{"loc":{"start":{"line":14,"column":6},
[...]
,"D:\\Desktop\\Cong_Nghe_Phan _Mem_Moi\\BaiTap_7\\frontend\\src\\security\\securityHeader.js": {"path":"D:\\Desktop\\Cong_Nghe_Phan _Mem_Moi\\BaiTap_7\\frontend\\src\\security\\securityHeader.js","statementMap":{"0":{"start":{"line":6,"column":31},"end":{"line":73,"column":1}},"1":{"start":{"line":41,"column":4},"end":{"line":43,"column":18}},"2":{"start":{"line":42,"column":30},"end":{"line":42,"column":58}},"3":{"start":{"line":50,"column":4},"end":{"line":71,"column":6}},"4":{"start":{"line":78,"column":36},"end":{"line":83,"column":1}},"5":{"start":{"line":79,"column":2},"end":{"line":82,"column":4}},"6":{"start":{"line":91,"column":32},"end":{"line":103,"column":1}},"7":{"start":{"line":92,"column":2},"end":{"line":102,"column":4}},"8":{"start":{"line":108,"column":41},"end":{"line":114,"column":1}},"9":{"start":{"line":109,"column":18},"end":{"line":109,"column":49}},"10":{"start":{"line":110,"column":2},"end":{"line":112,"column":5}},"11":{"start":{"line":111,"column":4},"end":{"line":111,"column":30}},"12":{"start":{"line":113,"column":2},"end":{"line":113,"column":9}},"13":{"start":{"line":119,"column":35},"end":{"line":124,"column":1}},"14":{"start":{"line":120,"column":2},"end":{"line":123,"column":6}},"15":{"start":{"line":120,"column":80},"end":{"line":123,"column":3}}},"fnMap":{"0":{"name":"(anonymous_0)","decl":{"start":{"line":40,"column":2},"end":{"line":40,"column":3}},"loc":{"start":{"line":40,"column":17},"end":{"line":44,"column":3}},"line":40},"1":{"name":"(anonymous_1)","decl":{"start":{"line":42,"column":11},"end":{"line":42,"column":12}},"loc":{"start":{"line":42,"column":30},"end":{"line":42,"column":58}},"line":42},"2":{"name":"(anonymous_2)","decl":{"start":{"line":49,"column":2},"end":{"line":49,"column":3}},"loc":{"start":{"line":49,"column":18},"end":{"line":72,"column":3}},"line":49},"3":{"name":"(anonymous_3)","decl":{"start":{"line":78,"column":36},"end":{"line":78,"column":37}},"loc":{"start":{"line":78,"column":54},"end":{"line":83,"column":1}},"line":78},"4":{"name":"(anonymous_4)","decl":{"start":{"line":91,"column":32},"end":{"line":91,"column":33}},"loc":{"start":{"line":91,"column":38},"end":{"line":103,"column":1}},"line":91},"5":{"name":"(anonymous_5)","decl":{"start":{"line":108,"column":41},"end":{"line":108,"column":42}},"loc":{"start":{"line":108,"column":61},"end":{"line":114,"column":1}},"line":108},"6":{"name":"(anonymous_6)","decl":{"start":{"line":110,"column":34},"end":{"line":110,"column":35}},"loc":{"start":{"line":110,"column":52},"end":{"line":112,"column":3}},"line":110},"7":{"name":"(anonymous_7)","decl":{"start":{"line":119,"column":35},"end":{"line":119,"column":36}},"loc":{"start":{"line":119,"column":47},"end":{"line":124,"column":1}},"line":119},"8":{"name":"(anonymous_8)","decl":{"start":{"line":120,"column":61},"end":{"line":120,"column":62}},"loc":{"start":{"line":120,"column":80},"end":{"line":123,"column":3}},"line":120}},"branchMap":{"0":{"loc":{"start":{"line":78,"column":37},"end":{"line":78,"column":49}},"type":"default-arg","locations":[{"start":{"line":78,"column":47},"end":{"line":78,"column":49}}],"line":78}},"s":{"0":0,"1":0,"2":0,"3":0,"4":0,"5":0,"6":0,"7":0,"8":0,"9":0,"10":0,"11":0,"12":0,"13":0,"14":0,"15":0},"f":{"0":0,"1":0,"2":0,"3":0,"4":0,"5":0,"6":0,"7":0,"8":0},"b":{"0":[0]}}
,"D:\\Desktop\\Cong_Nghe_Phan _Mem_Moi\\BaiTap_7\\frontend\\src\\security\\xssProtection.js": {"path":"D:\\Desktop\\Cong_Nghe_Phan _Mem_Moi\\BaiTap_7\\frontend\\src\\security\\xssProtection.js","statementMap":{"0":{"start":{"line":16,"column":26},"end":{"line":21,"column":5}},"1":{"start":{"line":23,"column":4},"end":{"line":23,"column":70}},"2":{"start":{"line":30,"column":4},"end":{"line":30,"column":45}},"3":{"start":{"line":30,"column":35},"end":{"line":30,"column":45}},"4":{"start":{"line":32,"column":4},"end":{"line":36,"column":14}},"5":{"start":{"line":43,"column":4},"end":{"line":43,"column":45}},"6":{"start":{"line":43,"column":35},"end":{"line":43,"column":45}},"7":{"start":{"line":45,"column":4},"end":{"line":47,"column":14}},"8":{"start":{"line":54,"column":4},"end":{"line":54,"column":51}},"9":{"start":{"line":54,"column":41},"end":{"line":54,"column":51}},"10":{"start":{"line":56,"column":4},"end":{"line":69,"column":5}},"11":{"start":{"line":57,"column":21},"end":{"line":57,"column":33}},"12":{"start":{"line":60,"column":6},"end":{"line":63,"column":7}},"13":{"start":{"line":61,"column":8},"end":{"line":61,"column":73}},"14":{"start":{"line":62,"column":8},"end":{"line":62,"column":18}},"15":{"start":{"line":65,"column":6},"end":{"line":65,"column":25}},"16":{"start":{"line":68,"column":6},"end":{"line":68,"column":16}},"17":{"start":{"line":76,"column":4},"end":{"line":79,"column":32}},"18":{"start":{"line":86,"column":4},"end":{"line":88,"column":5}},"19":{"start":{"line":87,"column":6},"end":{"line":87,"column":49}},"20":{"start":{"line":90,"column":4},"end":{"line":90,"column":54}},"21":{"start":{"line":90,"column":43},"end":{"line":90,"column":54}},"22":{"start":{"line":92,"column":4},"end":{"line":94,"column":5}},"23":{"start":{"line":93,"column":6},"end":{"line":93,"column":33}},"24":{"start":{"line":96,"column":4},"end":{"line":98,"column":5}},"25":{"start":{"line":97,"column":6},"end":{"line":97,"column":17}},"26":{"start":{"line":100,"column":4},"end":{"line":102,"column":5}},"27":{"start":{"line":101,"column":6},"end":{"line":101,"column":67}},"28":{"start":{"line":101,"column":29},"end":{"line":101,"column":65}},"29":{"start":{"line":104,"column":4},"end":{"line":111,"column":5}},"30":{"start":{"line":105,"column":24},"end":{"line":105,"column":26}},"31":{"start":{"line":106,"column":6},"end":{"line":109,"column":7}},"32":{"start":{"line":107,"column":25},"end":{"line":107,"column":44}},"33":{"start":{"line":108,"column":8},"end":{"line":108,"column":68}},"34":{"start":{"line":110,"column":6},"end":{"line":110,"column":23}},"35":{"start":{"line":113,"column":4},"end":{"line":113,"column":15}},"36":{"start":{"line":120,"column":4},"end":{"line":120,"column":45}},"37":{"start":{"line":120,"column":35},"end":{"line":120,"column":45}},"38":{"start":{"line":122,"column":20},"end":{"line":122,"column":46}},"39":{"start":{"line":123,"column":23},"end":{"line":123,"column":51}},"40":{"start":{"line":125,"column":4},"end":{"line":127,"column":5}},"41":{"start":{"line":126,"column":6},"end":{"line":126,"column":46}},"42":{"start":{"line":130,"column":4},"end":{"line":132,"column":5}},"43":{"start":{"line":131,"column":6},"end":{"line":131,"column":53}},"44":{"start":{"line":134,"column":4},"end":{"line":134,"column":19}},"45":{"start":{"line":141,"column":4},"end":{"line":141,"column":45}},"46":{"start":{"line":141,"column":35},"end":{"line":141,"column":45}},"47":{"start":{"line":144,"column":20},"end":{"line":144,"column":48}},"48":{"start":{"line":147,"column":4},"end":{"line":149,"column":5}},"49":{"start":{"line":148,"column":6},"end":{"line":148,"column":53}},"50":{"start":{"line":151,"column":4},"end":{"line":151,"column":19}},"51":{"start":{"line":158,"column":22},"end":{"line":161,"column":6}},"52":{"start":{"line":163,"column":4},"end":{"line":165,"column":6}},"53":{"start":{"line":174,"column":24},"end":{"line":183,"column":1}},"54":{"start":{"line":175,"column":22},"end":{"line":175,"column":74}},"55":{"start":{"line":177,"column":2},"end":{"line":182,"column":4}},"56":{"start":{"line":188,"column":33},"end":{"line":199,"column":1}},"57":{"start":{"line":189,"column":28},"end":{"line":191,"column":3}},"58":{"start":{"line":193,"column":23},"end":{"line":196,"column":3}},"59":{"start":{"line":194,"column":22},"end":{"line":194,"column":61}},"60":{"start":{"line":195,"column":4},"end":{"line":195,"column":24}},"61":{"start":{"line":198,"column":2},"end":{"line":198,"column":41}},"62":{"start":{"line":205,"column":31},"end":{"line":205,"column":85}},"63":{"start":{"line":206,"column":25},"end":{"line":206,"column":40}},"64":{"start":{"line":209,"column":4},"end":{"line":211,"column":5}},"65":{"start":{"line":210,"column":6},"end":{"line":210,"column":42}},"66":{"start":{"line":214,"column":4},"end":{"line":216,"column":5}},"67":{"start":{"line":215,"column":6},"end":{"line":215,"column":78}},"68":{"start":{"line":219,"column":4},"end":{"line":221,"column":5}},"69":{"start":{"line":220,"column":6},"end":{"line":220,"column":95}},"70":{"start":{"line":224,"column":16},"end":{"line":224,"column":56}},"71":{"start":{"line":225,"column":4},"end":{"line":227,"column":5}},"72":{"start":{"line":226,"column":6},"end":{"line":226,"column":48}},"73":{"start":{"line":229,"column":4},"end":{"line":229,"column":16}},"74":{"start":{"line":233,"column":4},"end":{"line":248,"column":7}},"75":{"start":{"line":234,"column":18},"end":{"line":234,"column":29}},"76":{"start":{"line":235,"column":24},"end":{"line":235,"column":49}},"77":{"start":{"line":237,"column":6},"end":{"line":240,"column":8}},"78":{"start":{"line":238,"column":8},"end":{"line":238,"column":39}},"79":{"start":{"line":239,"column":8},"end":{"line":239,"column":22}},"80":{"start":{"line":242,"column":6},"end":{"line":245,"column":8}},"81":{"start":{"line":243,"column":8},"end":{"line":243,"column":39}},"82":{"start":{"line":244,"column":8},"end":{"line":244,"column":48}},"83":{"start":{"line":247,"column":6},"end":{"line":247,"column":26}}},"fnMap":{"0":{"name":"(anonymous_0)","decl":{"start":{"line":15,"column":2},"end":{"line":15,"column":3}},"loc":{"start":{"line":15,"column":42},"end":{"line":24,"column":3}},"line":15},"1":{"name":"(anonymous_1)","decl":{"start":{"line":29,"column":2},"end":{"line":29,"column":3}},"loc":{"start":{"line":29,"column":26},"end":{"line":37,"column":3}},"line":29},"2":{"name":"(anonymous_2)","decl":{"start":{"line":42,"column":2},"end":{"line":42,"column":3}},"loc":{"start":{"line":42,"column":34},"end":{"line":48,"column":3}},"line":42},"3":{"name":"(anonymous_3)","decl":{"start":{"line":53,"column":2},"end":{"line":53,"column":3}},"loc":{"start":{"line":53,"column":26},"end":{"line":70,"column":3}},"line":53},"4":{"name":"(anonymous_4)","decl":{"start":{"line":75,"column":2},"end":{"line":75,"column":3}},"loc":{"start":{"line":75,"column":25},"end":{"line":80,"column":3}},"line":75},"5":{"name":"(anonymous_5)","decl":{"start":{"line":85,"column":2},"end":{"line":85,"column":3}},"loc":{"start":{"line":85,"column":40},"end":{"line":114,"column":3}},"line":85},"6":{"name":"(anonymous_6)","decl":{"start":{"line":101,"column":21},"end":{"line":101,"column":22}},"loc":{"start":{"line":101,"column":29},"end":{"line":101,"column":65}},"line":101},"7":{"name":"(anonymous_7)","decl":{"start":{"line":119,"column":2},"end":{"line":119,"column":3}},"loc":{"start":{"line":119,"column":30},"end":{"line":135,"column":3}},"line":119},"8":{"name":"(anonymous_8)","decl":{"start":{"line":140,"column":2},"end":{"line":140,"column":3}},"loc":{"start":{"line":140,"column":30},"end":{"line":152,"column":3}},"line":140},"9":{"name":"(anonymous_9)","decl":{"start":{"line":157,"column":2},"end":{"line":157,"column":3}},"loc":{"start":{"line":157,"column":83},"end":{"line":166,"column":3}},"line":157},"10":{"name":"(anonymous_10)","decl":{"start":{"line":174,"column":24},"end":{"line":174,"column":25}},"loc":{"start":{"line":174,"column":67},"end":{"line":183,"column":1}},"line":174},"11":{"name":"(anonymous_11)","decl":{"start":{"line":188,"column":33},"end":{"line":188,"column":34}},"loc":{"start":{"line":188,"column":56},"end":{"line":199,"column":1}},"line":188},"12":{"name":"(anonymous_12)","decl":{"start":{"line":193,"column":23},"end":{"line":193,"column":24}},"loc":{"start":{"line":193,"column":30},"end":{"line":196,"column":3}},"line":193},"13":{"name":"(anonymous_13)","decl":{"start":{"line":208,"column":2},"end":{"line":208,"column":3}},"loc":{"start":{"line":208,"column":29},"end":{"line":230,"column":3}},"line":208},"14":{"name":"(anonymous_14)","decl":{"start":{"line":232,"column":2},"end":{"line":232,"column":3}},"loc":{"start":{"line":232,"column":42},"end":{"line":249,"column":3}},"line":232},"15":{"name":"(anonymous_15)","decl":{"start":{"line":233,"column":23},"end":{"line":233,"column":24}},"loc":{"start":{"line":233,"column":44},"end":{"line":248,"column":5}},"line":233},"16":{"name":"(anonymous_16)","decl":{"start":{"line":237,"column":19},"end":{"line":237,"column":20}},"loc":{"start":{"line":237,"column":25},"end":{"line":240,"column":7}},"line":237},"17":{"name":"(anonymous_17)","decl":{"start":{"line":242,"column":20},"end":{"line":242,"column":21}},"loc":{"start":{"line":242,"column":26},"end":{"line":245,"column":7}},"line":242}},"branchMap":{"0":{"loc":{"start":{"line":15,"column":29},"end":{"line":15,"column":40}},"type":"default-arg","locations":[{"start":{"line":15,"column":38},"end":{"line":15,"column":40}}],"line":15},"1":{"loc":{"start":{"line":30,"column":4},"end":{"line":30,"column":45}},"type":"if","locations":[{"start":{"line":30,"column":4},"end":{"line":30,"column":45}},{"start":{},"end":{}}],"line":30},"2":{"loc":{"start":{"line":43,"column":4},"end":{"line":43,"column":45}},"type":"if","locations":[{"start":{"line":43,"column":4},"end":{"line":43,"column":45}},{"start":{},"end":{}}],"line":43},"3":{"loc":{"start":{"line":54,"column":4},"end":{"line":54,"column":51}},"type":"if","locations":[{"start":{"line":54,"column":4},"end":{"line":54,"column":51}},{"start":{},"end":{}}],"line":54},"4":{"loc":{"start":{"line":54,"column":8},"end":{"line":54,"column":39}},"type":"binary-expr","locations":[{"start":{"line":54,"column":8},"end":{"line":54,"column":12}},{"start":{"line":54,"column":16},"end":{"line":54,"column":39}}],"line":54},"5":{"loc":{"start":{"line":60,"column":6},"end":{"line":63,"column":7}},"type":"if","locations":[{"start":{"line":60,"column":6},"end":{"line":63,"column":7}},{"start":{},"end":{}}],"line":60},"6":{"loc":{"start":{"line":85,"column":29},"end":{"line":85,"column":38}},"type":"default-arg","locations":[{"start":{"line":85,"column":37},"end":{"line":85,"column":38}}],"line":85},"7":{"loc":{"start":{"line":86,"column":4},"end":{"line":88,"column":5}},"type":"if","locations":[{"start":{"line":86,"column":4},"end":{"line":88,"column":5}},{"start":{},"end":{}}],"line":86},"8":{"loc":{"start":{"line":90,"column":4},"end":{"line":90,"column":54}},"type":"if","locations":[{"start":{"line":90,"column":4},"end":{"line":90,"column":54}},{"start":{},"end":{}}],"line":90},"9":{"loc":{"start":{"line":90,"column":8},"end":{"line":90,"column":41}},"type":"binary-expr","locations":[{"start":{"line":90,"column":8},"end":{"line":90,"column":20}},{"start":{"line":90,"column":24},"end":{"line":90,"column":41}}],"line":90},"10":{"loc":{"start":{"line":92,"column":4},"end":{"line":94,"column":5}},"type":"if","locations":[{"start":{"line":92,"column":4},"end":{"line":94,"column":5}},{"start":{},"end":{}}],"line":92},"11":{"loc":{"start":{"line":96,"column":4},"end":{"line":98,"column":5}},"type":"if","locations":[{"start":{"line":96,"column":4},"end":{"line":98,"column":5}},{"start":{},"end":{}}],"line":96},"12":{"loc":{"start":{"line":96,"column":8},"end":{"line":96,"column":59}},"type":"binary-expr","locations":[{"start":{"line":96,"column":8},"end":{"line":96,"column":31}},{"start":{"line":96,"column":35},"end":{"line":96,"column":59}}],"line":96},"13":{"loc":{"start":{"line":100,"column":4},"end":{"line":102,"column":5}},"type":"if","locations":[{"start":{"line":100,"column":4},"end":{"line":102,"column":5}},{"start":{},"end":{}}],"line":100},"14":{"loc":{"start":{"line":104,"column":4},"end":{"line":111,"column":5}},"type":"if","locations":[{"start":{"line":104,"column":4},"end":{"line":111,"column":5}},{"start":{},"end":{}}],"line":104},"15":{"loc":{"start":{"line":120,"column":4},"end":{"line":120,"column":45}},"type":"if","locations":[{"start":{"line":120,"column":4},"end":{"line":120,"column":45}},{"start":{},"end":{}}],"line":120},"16":{"loc":{"start":{"line":125,"column":4},"end":{"line":127,"column":5}},"type":"if","locations":[{"start":{"line":125,"column":4},"end":{"line":127,"column":5}},{"start":{},"end":{}}],"line":125},"17":{"loc":{"start":{"line":130,"column":4},"end":{"line":132,"column":5}},"type":"if","locations":[{"start":{"line":130,"column":4},"end":{"line":132,"column":5}},{"start":{},"end":{}}],"line":130},"18":{"loc":{"start":{"line":141,"column":4},"end":{"line":141,"column":45}},"type":"if","locations":[{"start":{"line":141,"column":4},"end":{"line":141,"column":45}},{"start":{},"end":{}}],"line":141},"19":{"loc":{"start":{"line":147,"column":4},"end":{"line":149,"column":5}},"type":"if","locations":[{"start":{"line":147,"column":4},"end":{"line":149,"column":5}},{"start":{},"end":{}}],"line":147},"20":{"loc":{"start":{"line":147,"column":8},"end":{"line":147,"column":50}},"type":"binary-expr","locations":[{"start":{"line":147,"column":8},"end":{"line":147,"column":27}},{"start":{"line":147,"column":31},"end":{"line":147,"column":50}}],"line":147},"21":{"loc":{"start":{"line":157,"column":41},"end":{"line":157,"column":81}},"type":"default-arg","locations":[{"start":{"line":157,"column":55},"end":{"line":157,"column":81}}],"line":157},"22":{"loc":{"start":{"line":174,"column":46},"end":{"line":174,"column":60}},"type":"default-arg","locations":[{"start":{"line":174,"column":58},"end":{"line":174,"column":60}}],"line":174},"23":{"loc":{"start":{"line":188,"column":34},"end":{"line":188,"column":51}},"type":"default-arg","locations":[{"start":{"line":188,"column":49},"end":{"line":188,"column":51}}],"line":188},"24":{"loc":{"start":{"line":209,"column":4},"end":{"line":211,"column":5}},"type":"if","locations":[{"start":{"line":209,"column":4},"end":{"line":211,"column":5}},{"start":{},"end":{}}],"line":209},"25":{"loc":{"start":{"line":214,"column":4},"end":{"line":216,"column":5}},"type":"if","locations":[{"start":{"line":214,"column":4},"end":{"line":216,"column":5}},{"start":{},"end":{}}],"line":214},"26":{"loc":{"start":{"line":219,"column":4},"end":{"line":221,"column":5}},"type":"if","locations":[{"start":{"line":219,"column":4},"end":{"line":221,"column":5}},{"start":{},"end":{}}],"line":219},"27":{"loc":{"start":{"line":225,"column":4},"end":{"line":227,"column":5}},"type":"if","locations":[{"start":{"line":225,"column":4},"end":{"line":227,"column":5}},{"start":{},"end":{}}],"line":225}},"s":{"0":2,"1":2,"2":59,"3":0,"4":59,"5":0,"6":0,"7":0,"8":4,"9":0,"10":4,"11":4,"12":4,"13":2,"14":2,"15":2,"16":0,"17":0,"18":16,"19":1,"20":15,"21":0,"22":15,"23":2,"24":13,"25":0,"26":13,"27":0,"28":0,"29":13,"30":13,"31":13,"32":14,"33":14,"34":2,"35":0,"36":4,"37":0,"38":4,"39":4,"40":4,"41":2,"42":2,"43":1,"44":1,"45":0,"46":0,"47":0,"48":0,"49":0,"50":0,"51":0,"52":0,"53":2,"54":0,"55":0,"56":2,"57":0,"58":0,"59":0,"60":0,"61":0,"62":2,"63":2,"64":4,"65":0,"66":4,"67":1,"68":3,"69":1,"70":2,"71":2,"72":1,"73":1,"74":0,"75":0,"76":0,"77":0,"78":0,"79":0,"80":0,"81":0,"82":0,"83":0},"f":{"0":2,"1":59,"2":0,"3":4,"4":0,"5":16,"6":0,"7":4,"8":0,"9":0,"10":0,"11":0,"12":0,"13":4,"14":0,"15":0,"16":0,"17":0},"b":{"0":[2],"1":[0,59],"2":[0,0],"3":[0,4],"4":[4,4],"5":[2,2],"6":[2],"7":[1,15],"8":[0,15],"9":[15,15],"10":[2,13],"11":[0,13],"12":[13,13],"13":[0,13],"14":[13,0],"15":[0,4],"16":[2,2],"17":[1,1],"18":[0,0],"19":[0,0],"20":[0,0],"21":[0],"22":[0],"23":[0],"24":[0,4],"25":[1,3],"26":[1,2],"27":[1,1]},"_coverageSchema":"1a1c01bbd47fc00a2c39e90264f33305004495a9","hash":"e5f9e216ef0eeb847670b574a0f27fde409b8760"}
}
