TN:
SF:src\App.js
FN:48,(anonymous_0)
FN:74,(anonymous_1)
FN:90,(anonymous_2)
FN:96,(anonymous_3)
FN:97,(anonymous_4)
FN:115,(anonymous_5)
FN:138,(anonymous_6)
FN:223,App
FNF:8
FNH:0
FNDA:0,(anonymous_0)
FNDA:0,(anonymous_1)
FNDA:0,(anonymous_2)
FNDA:0,(anonymous_3)
FNDA:0,(anonymous_4)
FNDA:0,(anonymous_5)
FNDA:0,(anonymous_6)
FNDA:0,App
DA:14,0
DA:48,0
DA:49,0
DA:74,0
DA:75,0
DA:90,0
DA:91,0
DA:96,0
DA:97,0
DA:99,0
DA:105,0
DA:106,0
DA:109,0
DA:115,0
DA:116,0
DA:117,0
DA:120,0
DA:139,0
DA:224,0
LF:19
LH:0
BRDA:105,0,0,0
BRDA:105,0,1,0
BRDA:162,1,0,0
BRDA:162,1,1,0
BRF:4
BRH:0
end_of_record
TN:
SF:src\components\cart\AddToCartButton.jsx
FN:6,(anonymous_0)
FN:12,(anonymous_1)
FN:20,(anonymous_2)
FNF:3
FNH:3
FNDA:25,(anonymous_0)
FNDA:5,(anonymous_1)
FNDA:3,(anonymous_2)
DA:6,1
DA:7,25
DA:8,25
DA:9,25
DA:10,25
DA:12,25
DA:13,5
DA:15,5
DA:16,5
DA:18,5
DA:19,5
DA:20,5
DA:21,5
DA:24,0
DA:26,5
DA:30,25
DA:31,24
DA:43,1
LF:18
LH:17
BRDA:6,0,0,0
BRDA:18,1,0,5
BRDA:18,1,1,0
BRDA:30,2,0,24
BRDA:30,2,1,1
BRDA:33,3,0,7
BRDA:33,3,1,17
BRDA:35,4,0,24
BRDA:35,4,1,19
BRDA:38,5,0,5
BRDA:38,5,1,19
BRDA:38,6,0,7
BRDA:38,6,1,12
BRDA:47,7,0,0
BRDA:47,7,1,1
BRDA:49,8,0,1
BRDA:49,8,1,1
BRDA:52,9,0,0
BRDA:52,9,1,1
BRDA:52,10,0,0
BRDA:52,10,1,1
BRF:21
BRH:16
end_of_record
TN:
SF:src\components\cart\CartBadge.jsx
FN:5,(anonymous_0)
FNF:1
FNH:1
FNDA:8,(anonymous_0)
DA:5,1
DA:6,8
DA:8,0
LF:3
LH:2
BRDA:5,0,0,8
BRDA:5,1,0,8
BRF:2
BRH:2
end_of_record
TN:
SF:src\components\cart\CartItem.jsx
FN:7,(anonymous_0)
FN:12,(anonymous_1)
FN:23,(anonymous_2)
FN:43,(anonymous_3)
FN:54,(anonymous_4)
FN:77,(anonymous_5)
FN:86,(anonymous_6)
FN:94,(anonymous_7)
FNF:8
FNH:4
FNDA:5,(anonymous_0)
FNDA:1,(anonymous_1)
FNDA:1,(anonymous_2)
FNDA:0,(anonymous_3)
FNDA:0,(anonymous_4)
FNDA:1,(anonymous_5)
FNDA:0,(anonymous_6)
FNDA:0,(anonymous_7)
DA:7,1
DA:8,5
DA:9,5
DA:10,5
DA:12,5
DA:13,1
DA:14,1
DA:15,1
DA:17,0
DA:19,1
DA:23,5
DA:24,1
DA:25,1
DA:29,5
DA:30,5
DA:31,5
DA:32,5
DA:34,5
DA:44,0
DA:54,0
DA:77,1
DA:86,0
DA:94,0
LF:23
LH:18
BRDA:32,0,0,5
BRDA:32,0,1,0
BRDA:51,1,0,5
BRDA:51,1,1,0
BRDA:64,2,0,5
BRDA:64,2,1,5
BRF:6
BRH:4
end_of_record
TN:
SF:src\components\cart\CartList.jsx
FN:6,(anonymous_0)
FN:13,(anonymous_1)
FN:22,(anonymous_2)
FNF:3
FNH:3
FNDA:5,(anonymous_0)
FNDA:10,(anonymous_1)
FNDA:4,(anonymous_2)
DA:6,1
DA:7,5
DA:13,1
DA:14,10
DA:16,9
DA:17,5
DA:20,4
DA:23,4
LF:8
LH:8
BRDA:16,0,0,5
BRDA:16,0,1,4
BRDA:16,1,0,9
BRDA:16,1,1,9
BRF:4
BRH:4
end_of_record
TN:
SF:src\components\cart\CartSummary.jsx
FN:5,(anonymous_0)
FN:19,(anonymous_1)
FN:24,(anonymous_2)
FN:78,(anonymous_3)
FN:87,(anonymous_4)
FN:95,(anonymous_5)
FNF:6
FNH:1
FNDA:20,(anonymous_0)
FNDA:0,(anonymous_1)
FNDA:0,(anonymous_2)
FNDA:0,(anonymous_3)
FNDA:0,(anonymous_4)
FNDA:0,(anonymous_5)
DA:5,1
DA:15,20
DA:17,0
DA:19,0
DA:20,0
DA:21,0
DA:24,0
DA:25,0
DA:26,0
DA:30,0
DA:78,0
DA:87,0
DA:95,0
LF:13
LH:2
BRDA:25,0,0,0
BRDA:25,0,1,0
BRDA:42,1,0,0
BRDA:42,1,1,0
BRDA:56,2,0,0
BRDA:56,2,1,0
BRF:6
BRH:0
end_of_record
TN:
SF:src\components\cart\DiscountCodeInput.jsx
FN:10,(anonymous_0)
FN:23,(anonymous_1)
FN:48,(anonymous_2)
FN:58,(anonymous_3)
FN:112,(anonymous_4)
FN:122,(anonymous_5)
FNF:6
FNH:6
FNDA:51,(anonymous_0)
FNDA:4,(anonymous_1)
FNDA:21,(anonymous_2)
FNDA:4,(anonymous_3)
FNDA:1,(anonymous_4)
FNDA:38,(anonymous_5)
DA:10,1
DA:14,51
DA:15,51
DA:16,51
DA:17,51
DA:18,51
DA:23,51
DA:25,4
DA:28,4
DA:29,1
DA:33,3
DA:34,0
DA:38,3
DA:48,21
DA:49,0
DA:52,3
DA:58,51
DA:59,4
DA:60,4
DA:61,4
DA:62,4
DA:65,4
DA:68,3
DA:69,2
DA:71,2
DA:72,1
DA:76,1
DA:77,1
DA:80,1
DA:81,0
DA:86,1
DA:92,1
DA:93,0
DA:96,1
DA:97,1
DA:100,2
DA:102,2
DA:103,2
DA:105,4
DA:112,51
DA:113,1
DA:114,1
DA:115,1
DA:116,1
DA:122,51
DA:123,38
DA:124,38
DA:125,38
DA:126,38
DA:128,0
DA:132,51
LF:51
LH:46
BRDA:28,0,0,1
BRDA:28,0,1,3
BRDA:28,1,0,4
BRDA:28,1,1,3
BRDA:33,2,0,0
BRDA:33,2,1,3
BRDA:48,3,0,0
BRDA:48,3,1,3
BRDA:68,4,0,2
BRDA:68,4,1,1
BRDA:71,5,0,1
BRDA:71,5,1,1
BRDA:72,6,0,1
BRDA:72,6,1,0
BRDA:80,7,0,0
BRDA:80,7,1,1
BRDA:92,8,0,0
BRDA:92,8,1,1
BRDA:103,9,0,2
BRDA:103,9,1,0
BRDA:134,10,0,2
BRDA:134,10,1,49
BRDA:161,11,0,49
BRDA:161,11,1,47
BRDA:163,12,0,2
BRDA:163,12,1,47
BRDA:167,13,0,49
BRDA:167,13,1,2
BRDA:173,14,0,49
BRDA:173,14,1,0
BRF:30
BRH:23
end_of_record
TN:
SF:src\components\ui\ErrorAlert.jsx
FN:5,(anonymous_0)
FNF:1
FNH:0
FNDA:0,(anonymous_0)
DA:5,0
DA:6,0
DA:8,0
DA:10,0
LF:4
LH:0
BRDA:8,0,0,0
BRDA:8,0,1,0
BRF:2
BRH:0
end_of_record
TN:
SF:src\components\ui\QuantitySelector.jsx
FN:5,(anonymous_0)
FN:13,(anonymous_1)
FN:19,(anonymous_2)
FN:25,(anonymous_3)
FNF:4
FNH:4
FNDA:12,(anonymous_0)
FNDA:1,(anonymous_1)
FNDA:1,(anonymous_2)
FNDA:5,(anonymous_3)
DA:5,1
DA:13,12
DA:14,1
DA:15,1
DA:19,12
DA:20,1
DA:21,1
DA:25,12
DA:26,5
DA:28,5
DA:29,5
DA:30,3
DA:33,2
DA:37,12
LF:14
LH:14
BRDA:8,0,0,11
BRDA:9,1,0,11
BRDA:10,2,0,12
BRDA:11,3,0,7
BRDA:14,4,0,1
BRDA:14,4,1,0
BRDA:14,5,0,1
BRDA:14,5,1,1
BRDA:20,6,0,1
BRDA:20,6,1,0
BRDA:20,7,0,1
BRDA:20,7,1,1
BRDA:26,8,0,0
BRDA:26,8,1,5
BRDA:43,9,0,12
BRDA:43,9,1,4
BRDA:61,10,0,12
BRDA:61,10,1,11
BRF:18
BRH:15
end_of_record
TN:
SF:src\context\CartContext.enhanced.jsx
FN:8,(anonymous_0)
FN:24,(anonymous_1)
FN:29,(anonymous_2)
FN:34,(anonymous_3)
FN:47,(anonymous_4)
FN:59,(anonymous_5)
FN:61,(anonymous_6)
FN:62,(anonymous_7)
FN:69,(anonymous_8)
FN:102,(anonymous_9)
FN:123,(anonymous_10)
FN:155,(anonymous_11)
FN:171,(anonymous_12)
FN:178,(anonymous_13)
FN:201,(anonymous_14)
FN:256,(anonymous_15)
FNF:16
FNH:12
FNDA:38,(anonymous_0)
FNDA:28,(anonymous_1)
FNDA:14,(anonymous_2)
FNDA:14,(anonymous_3)
FNDA:21,(anonymous_4)
FNDA:14,(anonymous_5)
FNDA:0,(anonymous_6)
FNDA:0,(anonymous_7)
FNDA:5,(anonymous_8)
FNDA:1,(anonymous_9)
FNDA:1,(anonymous_10)
FNDA:0,(anonymous_11)
FNDA:0,(anonymous_12)
FNDA:2,(anonymous_13)
FNDA:1,(anonymous_14)
FNDA:91,(anonymous_15)
DA:6,1
DA:8,1
DA:16,38
DA:18,38
DA:19,38
DA:20,38
DA:21,38
DA:24,38
DA:25,28
DA:29,38
DA:30,14
DA:34,38
DA:35,14
DA:36,0
DA:37,0
DA:38,0
DA:40,0
DA:41,0
DA:47,38
DA:48,21
DA:49,0
DA:50,0
DA:52,0
DA:53,0
DA:59,38
DA:60,14
DA:61,0
DA:62,0
DA:69,38
DA:70,5
DA:72,5
DA:73,5
DA:76,5
DA:77,5
DA:80,5
DA:81,5
DA:83,5
DA:85,0
DA:87,0
DA:88,0
DA:90,0
DA:93,0
DA:95,5
DA:102,38
DA:103,1
DA:104,1
DA:105,1
DA:107,1
DA:108,1
DA:110,1
DA:112,0
DA:113,0
DA:114,0
DA:116,1
DA:123,38
DA:124,1
DA:126,1
DA:127,1
DA:130,1
DA:131,1
DA:133,1
DA:134,1
DA:136,1
DA:138,0
DA:140,0
DA:141,0
DA:143,0
DA:146,0
DA:148,1
DA:155,38
DA:156,0
DA:157,0
DA:158,0
DA:159,0
DA:160,0
DA:162,0
DA:163,0
DA:164,0
DA:171,38
DA:172,0
DA:178,38
DA:179,2
DA:180,2
DA:181,0
DA:184,2
DA:185,0
DA:188,2
DA:189,2
DA:190,2
DA:192,0
DA:193,0
DA:194,0
DA:201,38
DA:202,1
DA:206,38
DA:207,38
DA:208,38
DA:209,38
DA:210,38
DA:211,38
DA:212,38
DA:214,38
DA:249,38
DA:256,1
DA:257,91
DA:258,90
DA:259,0
DA:261,90
LF:108
LH:69
BRDA:8,0,0,0
BRDA:10,1,0,0
BRDA:11,2,0,38
BRDA:12,3,0,38
BRDA:13,4,0,38
BRDA:14,5,0,38
BRDA:15,6,0,38
BRDA:25,7,0,28
BRDA:25,7,1,0
BRDA:35,8,0,0
BRDA:35,8,1,14
BRDA:48,9,0,0
BRDA:48,9,1,21
BRDA:48,10,0,21
BRDA:48,10,1,0
BRDA:60,11,0,0
BRDA:60,11,1,14
BRDA:72,12,0,5
BRDA:72,12,1,0
BRDA:87,13,0,0
BRDA:87,13,1,0
BRDA:102,14,0,0
BRDA:126,15,0,1
BRDA:126,15,1,0
BRDA:140,16,0,0
BRDA:140,16,1,0
BRDA:158,17,0,0
BRDA:158,17,1,0
BRDA:180,18,0,0
BRDA:180,18,1,2
BRDA:180,19,0,2
BRDA:180,19,1,2
BRDA:184,20,0,0
BRDA:184,20,1,2
BRDA:184,21,0,2
BRDA:184,21,1,2
BRDA:210,22,0,1
BRDA:210,22,1,37
BRDA:258,23,0,0
BRDA:258,23,1,90
BRF:40
BRH:21
end_of_record
TN:
SF:src\context\CartContext.jsx
FN:6,(anonymous_0)
FN:18,(anonymous_1)
FN:26,(anonymous_2)
FN:32,(anonymous_3)
FN:33,(anonymous_4)
FN:36,(anonymous_5)
FN:37,(anonymous_6)
FN:40,(anonymous_7)
FN:41,(anonymous_8)
FN:44,(anonymous_9)
FN:79,(anonymous_10)
FNF:11
FNH:1
FNDA:0,(anonymous_0)
FNDA:0,(anonymous_1)
FNDA:0,(anonymous_2)
FNDA:0,(anonymous_3)
FNDA:0,(anonymous_4)
FNDA:0,(anonymous_5)
FNDA:0,(anonymous_6)
FNDA:0,(anonymous_7)
FNDA:0,(anonymous_8)
FNDA:0,(anonymous_9)
FNDA:28,(anonymous_10)
DA:4,1
DA:6,1
DA:12,0
DA:14,0
DA:15,0
DA:18,0
DA:19,0
DA:20,0
DA:21,0
DA:26,0
DA:27,0
DA:28,0
DA:32,0
DA:33,0
DA:36,0
DA:37,0
DA:40,0
DA:41,0
DA:44,0
DA:45,0
DA:46,0
DA:49,0
DA:50,0
DA:51,0
DA:52,0
DA:53,0
DA:54,0
DA:55,0
DA:57,0
DA:79,1
DA:80,28
DA:81,28
DA:82,28
DA:84,0
LF:34
LH:6
BRDA:6,0,0,0
BRDA:8,1,0,0
BRDA:9,2,0,0
BRDA:10,3,0,0
BRDA:11,4,0,0
BRDA:19,5,0,0
BRDA:19,5,1,0
BRDA:27,6,0,0
BRDA:27,6,1,0
BRDA:27,7,0,0
BRDA:27,7,1,0
BRDA:36,8,0,0
BRDA:46,9,0,0
BRDA:46,9,1,0
BRDA:53,10,0,0
BRDA:53,10,1,0
BRDA:81,11,0,28
BRDA:81,11,1,0
BRF:18
BRH:1
end_of_record
TN:
SF:src\core\cartCore.js
FN:4,(anonymous_0)
FN:14,(anonymous_1)
FN:24,(anonymous_2)
FN:36,(anonymous_3)
FN:37,(anonymous_4)
FN:51,(anonymous_5)
FN:52,(anonymous_6)
FN:57,(anonymous_7)
FN:59,(anonymous_8)
FN:66,(anonymous_9)
FN:68,(anonymous_10)
FN:69,(anonymous_11)
FN:72,(anonymous_12)
FN:79,(anonymous_13)
FN:80,(anonymous_14)
FN:83,(anonymous_15)
FNF:16
FNH:0
FNDA:0,(anonymous_0)
FNDA:0,(anonymous_1)
FNDA:0,(anonymous_2)
FNDA:0,(anonymous_3)
FNDA:0,(anonymous_4)
FNDA:0,(anonymous_5)
FNDA:0,(anonymous_6)
FNDA:0,(anonymous_7)
FNDA:0,(anonymous_8)
FNDA:0,(anonymous_9)
FNDA:0,(anonymous_10)
FNDA:0,(anonymous_11)
FNDA:0,(anonymous_12)
FNDA:0,(anonymous_13)
FNDA:0,(anonymous_14)
FNDA:0,(anonymous_15)
DA:1,1
DA:3,1
DA:5,0
DA:6,0
DA:7,0
DA:9,0
DA:10,0
DA:15,0
DA:16,0
DA:17,0
DA:19,0
DA:20,0
DA:25,0
DA:26,0
DA:27,0
DA:29,0
DA:30,0
DA:35,1
DA:37,0
DA:38,0
DA:42,0
DA:43,0
DA:44,0
DA:45,0
DA:48,0
DA:52,0
DA:53,0
DA:58,0
DA:59,0
DA:60,0
DA:66,0
DA:69,0
DA:73,0
DA:74,0
DA:75,0
DA:76,0
DA:80,0
DA:84,0
LF:38
LH:3
BRDA:17,0,0,0
BRDA:17,0,1,0
BRDA:38,1,0,0
BRDA:38,1,1,0
BRDA:42,2,0,0
BRDA:42,2,1,0
BRDA:44,3,0,0
BRDA:44,3,1,0
BRDA:48,4,0,0
BRDA:48,4,1,0
BRDA:53,5,0,0
BRDA:53,5,1,0
BRDA:58,6,0,0
BRDA:58,6,1,0
BRDA:60,7,0,0
BRDA:60,7,1,0
BRDA:60,8,0,0
BRDA:60,8,1,0
BRDA:72,9,0,0
BRDA:72,10,0,0
BRDA:72,11,0,0
BRF:21
BRH:0
end_of_record
TN:
SF:src\core\cartCore.secure.js
FN:8,(anonymous_0)
FN:22,(anonymous_1)
FN:50,(anonymous_2)
FN:66,(anonymous_3)
FN:92,(anonymous_4)
FN:104,(anonymous_5)
FN:110,(anonymous_6)
FN:124,(anonymous_7)
FN:158,(anonymous_8)
FN:163,(anonymous_9)
FN:173,(anonymous_10)
FN:179,(anonymous_11)
FN:191,(anonymous_12)
FN:193,(anonymous_13)
FN:197,(anonymous_14)
FN:210,(anonymous_15)
FN:225,(anonymous_16)
FN:228,(anonymous_17)
FN:235,(anonymous_18)
FNF:19
FNH:11
FNDA:0,(anonymous_0)
FNDA:0,(anonymous_1)
FNDA:0,(anonymous_2)
FNDA:0,(anonymous_3)
FNDA:0,(anonymous_4)
FNDA:8,(anonymous_5)
FNDA:2,(anonymous_6)
FNDA:2,(anonymous_7)
FNDA:3,(anonymous_8)
FNDA:3,(anonymous_9)
FNDA:1,(anonymous_10)
FNDA:1,(anonymous_11)
FNDA:0,(anonymous_12)
FNDA:38,(anonymous_13)
FNDA:6,(anonymous_14)
FNDA:0,(anonymous_15)
FNDA:38,(anonymous_16)
FNDA:6,(anonymous_17)
FNDA:0,(anonymous_18)
DA:3,2
DA:4,2
DA:5,2
DA:7,2
DA:9,0
DA:10,0
DA:11,0
DA:14,0
DA:15,0
DA:22,0
DA:23,0
DA:24,0
DA:26,0
DA:27,0
DA:31,0
DA:34,0
DA:35,0
DA:38,0
DA:39,0
DA:42,0
DA:43,0
DA:44,0
DA:46,0
DA:51,0
DA:52,0
DA:53,0
DA:55,0
DA:58,0
DA:59,0
DA:60,0
DA:61,0
DA:65,0
DA:67,0
DA:68,0
DA:70,0
DA:71,0
DA:78,0
DA:79,0
DA:82,0
DA:85,0
DA:87,0
DA:88,0
DA:93,0
DA:94,0
DA:95,0
DA:97,0
DA:98,0
DA:103,2
DA:105,8
DA:107,8
DA:110,8
DA:111,2
DA:116,8
DA:117,0
DA:124,8
DA:125,2
DA:129,8
DA:131,1
DA:132,1
DA:135,1
DA:136,1
DA:138,0
DA:144,1
DA:148,7
DA:151,0
DA:152,0
DA:154,0
DA:159,3
DA:160,3
DA:161,3
DA:163,3
DA:164,3
DA:168,0
DA:169,0
DA:174,1
DA:175,1
DA:176,1
DA:177,1
DA:179,1
DA:180,1
DA:186,0
DA:187,0
DA:191,0
DA:194,38
DA:195,38
DA:197,38
DA:198,6
DA:199,6
DA:200,6
DA:203,38
DA:205,0
DA:206,0
DA:211,0
DA:212,0
DA:213,0
DA:214,0
DA:215,0
DA:217,0
DA:218,0
DA:220,0
DA:221,0
DA:226,38
DA:227,38
DA:228,38
DA:230,0
DA:231,0
DA:236,0
DA:237,0
DA:238,0
DA:239,0
DA:241,0
DA:242,0
LF:112
LH:40
BRDA:10,0,0,0
BRDA:10,0,1,0
BRDA:14,1,0,0
BRDA:14,1,1,0
BRDA:34,2,0,0
BRDA:34,2,1,0
BRDA:43,3,0,0
BRDA:43,3,1,0
BRDA:53,4,0,0
BRDA:53,4,1,0
BRDA:58,5,0,0
BRDA:58,5,1,0
BRDA:78,6,0,0
BRDA:78,6,1,0
BRDA:111,7,0,1
BRDA:111,7,1,1
BRDA:111,8,0,2
BRDA:111,8,1,2
BRDA:116,9,0,0
BRDA:116,9,1,8
BRDA:125,10,0,2
BRDA:125,10,1,2
BRDA:129,11,0,1
BRDA:129,11,1,7
BRDA:151,12,0,0
BRDA:151,12,1,0
BRDA:158,13,0,2
BRDA:161,14,0,0
BRDA:161,14,1,3
BRDA:164,15,0,3
BRDA:164,15,1,2
BRDA:177,16,0,0
BRDA:177,16,1,1
BRDA:180,17,0,1
BRDA:180,17,1,0
BRDA:180,18,0,1
BRDA:180,18,1,1
BRDA:195,19,0,0
BRDA:195,19,1,38
BRDA:210,20,0,0
BRDA:210,21,0,0
BRDA:210,22,0,0
BRDA:227,23,0,0
BRDA:227,23,1,38
BRF:44
BRH:19
end_of_record
TN:
SF:src\graphql\client.js
FN:12,(anonymous_0)
FN:25,(anonymous_1)
FN:27,(anonymous_2)
FN:54,(anonymous_3)
FNF:4
FNH:0
FNDA:0,(anonymous_0)
FNDA:0,(anonymous_1)
FNDA:0,(anonymous_2)
FNDA:0,(anonymous_3)
DA:6,0
DA:12,0
DA:14,0
DA:16,0
DA:25,0
DA:26,0
DA:27,0
DA:28,0
DA:33,0
DA:35,0
DA:36,0
DA:41,0
DA:42,0
DA:47,0
DA:55,0
LF:15
LH:0
BRDA:7,0,0,0
BRDA:7,0,1,0
BRDA:19,1,0,0
BRDA:19,1,1,0
BRDA:26,2,0,0
BRDA:26,2,1,0
BRDA:33,3,0,0
BRDA:33,3,1,0
BRDA:41,4,0,0
BRDA:41,4,1,0
BRDA:54,5,0,0
BRF:11
BRH:0
end_of_record
TN:
SF:src\graphql\hooks.js
FN:24,(anonymous_0)
FN:39,(anonymous_1)
FN:53,(anonymous_2)
FN:67,(anonymous_3)
FN:79,(anonymous_4)
FN:91,(anonymous_5)
FN:121,(anonymous_6)
FN:134,(anonymous_7)
FN:148,(anonymous_8)
FN:158,(anonymous_9)
FN:180,(anonymous_10)
FN:185,(anonymous_11)
FN:221,(anonymous_12)
FN:226,(anonymous_13)
FN:245,(anonymous_14)
FN:263,(anonymous_15)
FN:281,(anonymous_16)
FN:284,(anonymous_17)
FN:285,(anonymous_18)
FN:296,(anonymous_19)
FN:297,(anonymous_20)
FN:298,(anonymous_21)
FN:306,(anonymous_22)
FN:310,(anonymous_23)
FNF:24
FNH:0
FNDA:0,(anonymous_0)
FNDA:0,(anonymous_1)
FNDA:0,(anonymous_2)
FNDA:0,(anonymous_3)
FNDA:0,(anonymous_4)
FNDA:0,(anonymous_5)
FNDA:0,(anonymous_6)
FNDA:0,(anonymous_7)
FNDA:0,(anonymous_8)
FNDA:0,(anonymous_9)
FNDA:0,(anonymous_10)
FNDA:0,(anonymous_11)
FNDA:0,(anonymous_12)
FNDA:0,(anonymous_13)
FNDA:0,(anonymous_14)
FNDA:0,(anonymous_15)
FNDA:0,(anonymous_16)
FNDA:0,(anonymous_17)
FNDA:0,(anonymous_18)
FNDA:0,(anonymous_19)
FNDA:0,(anonymous_20)
FNDA:0,(anonymous_21)
FNDA:0,(anonymous_22)
FNDA:0,(anonymous_23)
DA:24,0
DA:25,0
DA:27,0
DA:31,0
DA:33,0
DA:35,0
DA:37,0
DA:39,0
DA:40,0
DA:41,0
DA:46,0
DA:48,0
DA:49,0
DA:53,0
DA:54,0
DA:55,0
DA:60,0
DA:62,0
DA:63,0
DA:67,0
DA:68,0
DA:69,0
DA:72,0
DA:74,0
DA:75,0
DA:79,0
DA:80,0
DA:81,0
DA:84,0
DA:86,0
DA:87,0
DA:91,0
DA:92,0
DA:93,0
DA:94,0
DA:96,0
DA:97,0
DA:101,0
DA:121,0
DA:122,0
DA:126,0
DA:130,0
DA:134,0
DA:135,0
DA:136,0
DA:141,0
DA:143,0
DA:144,0
DA:148,0
DA:149,0
DA:150,0
DA:151,0
DA:153,0
DA:154,0
DA:158,0
DA:159,0
DA:160,0
DA:161,0
DA:163,0
DA:164,0
DA:168,0
DA:180,0
DA:181,0
DA:185,0
DA:186,0
DA:187,0
DA:196,0
DA:201,0
DA:202,0
DA:209,0
DA:221,0
DA:222,0
DA:226,0
DA:227,0
DA:234,0
DA:245,0
DA:246,0
DA:251,0
DA:263,0
DA:264,0
DA:269,0
DA:281,0
DA:282,0
DA:284,0
DA:285,0
DA:286,0
DA:287,0
DA:288,0
DA:290,0
DA:292,0
DA:296,0
DA:297,0
DA:298,0
DA:299,0
DA:300,0
DA:302,0
DA:306,0
DA:307,0
DA:310,0
DA:311,0
DA:314,0
DA:315,0
DA:317,0
LF:103
LH:0
BRDA:39,0,0,0
BRDA:39,1,0,0
BRDA:102,2,0,0
BRDA:102,2,1,0
BRDA:221,3,0,0
BRDA:221,4,0,0
BRDA:229,5,0,0
BRDA:229,5,1,0
BRDA:235,6,0,0
BRDA:235,6,1,0
BRDA:252,7,0,0
BRDA:252,7,1,0
BRDA:270,8,0,0
BRDA:270,8,1,0
BRDA:287,9,0,0
BRDA:287,9,1,0
BRDA:299,10,0,0
BRDA:299,10,1,0
BRF:18
BRH:0
end_of_record
TN:
SF:src\graphql\operations.js
FNF:0
FNH:0
DA:5,0
DA:18,0
DA:34,0
DA:57,0
DA:67,0
DA:77,0
DA:87,0
DA:100,0
DA:110,0
DA:120,0
DA:130,0
DA:140,0
DA:150,0
DA:160,0
DA:170,0
DA:184,0
LF:16
LH:0
BRF:0
BRH:0
end_of_record
TN:
SF:src\security\csrfProtection.js
FN:15,(anonymous_0)
FN:18,(anonymous_1)
FN:24,(anonymous_2)
FN:33,(anonymous_3)
FN:44,(anonymous_4)
FN:51,(anonymous_5)
FN:61,(anonymous_6)
FN:69,(anonymous_7)
FN:83,(anonymous_8)
FN:84,(anonymous_9)
FN:86,(anonymous_10)
FN:92,(anonymous_11)
FN:100,(anonymous_12)
FN:105,(anonymous_13)
FN:112,(anonymous_14)
FNF:15
FNH:7
FNDA:19,(anonymous_0)
FNDA:608,(anonymous_1)
FNDA:18,(anonymous_2)
FNDA:4,(anonymous_3)
FNDA:1,(anonymous_4)
FNDA:1,(anonymous_5)
FNDA:2,(anonymous_6)
FNDA:0,(anonymous_7)
FNDA:0,(anonymous_8)
FNDA:0,(anonymous_9)
FNDA:0,(anonymous_10)
FNDA:0,(anonymous_11)
FNDA:0,(anonymous_12)
FNDA:0,(anonymous_13)
FNDA:0,(anonymous_14)
DA:9,2
DA:10,2
DA:16,19
DA:17,19
DA:18,608
DA:25,18
DA:26,18
DA:27,18
DA:34,4
DA:35,4
DA:36,0
DA:38,4
DA:45,1
DA:52,1
DA:62,2
DA:63,2
DA:70,0
DA:72,0
DA:83,2
DA:84,0
DA:86,0
DA:88,0
DA:89,0
DA:92,0
DA:98,0
DA:101,0
DA:102,0
DA:103,0
DA:105,0
DA:112,2
DA:113,0
DA:115,0
LF:32
LH:17
BRDA:24,0,0,18
BRDA:25,1,0,18
BRDA:25,1,1,18
BRDA:35,2,0,0
BRDA:35,2,1,4
BRDA:51,3,0,0
BRDA:69,4,0,0
BRF:7
BRH:4
end_of_record
TN:
SF:src\security\sanitizer.js
FN:16,(anonymous_0)
FN:35,(anonymous_1)
FN:49,(anonymous_2)
FN:61,(anonymous_3)
FN:78,(anonymous_4)
FN:95,(anonymous_5)
FN:99,(anonymous_6)
FN:110,(anonymous_7)
FN:116,(anonymous_8)
FN:120,(anonymous_9)
FN:125,(anonymous_10)
FN:131,(anonymous_11)
FN:154,(anonymous_12)
FN:160,(anonymous_13)
FN:169,(anonymous_14)
FN:183,(anonymous_15)
FN:191,(anonymous_16)
FNF:17
FNH:16
FNDA:28,(anonymous_0)
FNDA:0,(anonymous_1)
FNDA:91,(anonymous_2)
FNDA:17,(anonymous_3)
FNDA:4,(anonymous_4)
FNDA:21,(anonymous_5)
FNDA:10,(anonymous_6)
FNDA:20,(anonymous_7)
FNDA:30,(anonymous_8)
FNDA:10,(anonymous_9)
FNDA:10,(anonymous_10)
FNDA:13,(anonymous_11)
FNDA:33,(anonymous_12)
FNDA:26,(anonymous_13)
FNDA:24,(anonymous_14)
FNDA:1,(anonymous_15)
FNDA:2,(anonymous_16)
DA:7,3
DA:8,3
DA:10,0
DA:14,3
DA:17,28
DA:19,25
DA:20,25
DA:28,0
DA:36,0
DA:38,0
DA:39,0
DA:45,0
DA:50,91
DA:51,91
DA:52,4
DA:54,87
DA:55,10
DA:57,77
DA:62,17
DA:64,15
DA:65,15
DA:67,14
DA:68,2
DA:70,12
DA:72,3
DA:73,3
DA:79,4
DA:81,3
DA:82,3
DA:83,4
DA:84,4
DA:85,4
DA:86,3
DA:89,3
DA:94,3
DA:96,21
DA:100,10
DA:101,10
DA:102,0
DA:104,10
DA:105,0
DA:107,10
DA:111,20
DA:113,19
DA:117,30
DA:121,10
DA:122,6
DA:126,10
DA:127,2
DA:132,13
DA:133,1
DA:136,12
DA:137,12
DA:146,2
DA:147,2
DA:155,33
DA:156,33
DA:157,33
DA:161,26
DA:162,26
DA:164,26
DA:165,12
DA:169,26
DA:172,26
DA:173,2
DA:174,2
DA:175,2
DA:179,24
DA:180,24
DA:184,1
DA:185,1
DA:192,2
DA:193,2
DA:194,2
LF:74
LH:66
BRDA:17,0,0,3
BRDA:17,0,1,25
BRDA:19,1,0,25
BRDA:19,1,1,0
BRDA:36,2,0,0
BRDA:36,2,1,0
BRDA:38,3,0,0
BRDA:38,3,1,0
BRDA:49,4,0,3
BRDA:49,5,0,8
BRDA:51,6,0,4
BRDA:51,6,1,87
BRDA:54,7,0,10
BRDA:54,7,1,77
BRDA:54,8,0,87
BRDA:54,8,1,79
BRDA:62,9,0,2
BRDA:62,9,1,15
BRDA:67,10,0,2
BRDA:67,10,1,12
BRDA:79,11,0,1
BRDA:79,11,1,3
BRDA:79,12,0,4
BRDA:79,12,1,3
BRDA:84,13,0,3
BRDA:84,13,1,1
BRDA:85,14,0,3
BRDA:85,14,1,1
BRDA:101,15,0,0
BRDA:101,15,1,10
BRDA:104,16,0,0
BRDA:104,16,1,10
BRDA:121,17,0,4
BRDA:121,17,1,6
BRDA:126,18,0,8
BRDA:126,18,1,2
BRDA:132,19,0,1
BRDA:132,19,1,12
BRDA:132,20,0,13
BRDA:132,20,1,12
BRDA:141,21,0,10
BRDA:141,21,1,0
BRDA:154,22,0,0
BRDA:154,23,0,0
BRDA:160,24,0,15
BRDA:164,25,0,12
BRDA:164,25,1,14
BRDA:172,26,0,2
BRDA:172,26,1,24
BRDA:183,27,0,1
BRDA:191,28,0,1
BRF:51
BRH:41
end_of_record
TN:
SF:src\security\securityHeader.js
FN:40,(anonymous_0)
FN:42,(anonymous_1)
FN:49,(anonymous_2)
FN:78,(anonymous_3)
FN:91,(anonymous_4)
FN:108,(anonymous_5)
FN:110,(anonymous_6)
FN:119,(anonymous_7)
FN:120,(anonymous_8)
FNF:9
FNH:0
FNDA:0,(anonymous_0)
FNDA:0,(anonymous_1)
FNDA:0,(anonymous_2)
FNDA:0,(anonymous_3)
FNDA:0,(anonymous_4)
FNDA:0,(anonymous_5)
FNDA:0,(anonymous_6)
FNDA:0,(anonymous_7)
FNDA:0,(anonymous_8)
DA:6,0
DA:41,0
DA:42,0
DA:50,0
DA:78,0
DA:79,0
DA:91,0
DA:92,0
DA:108,0
DA:109,0
DA:110,0
DA:111,0
DA:113,0
DA:119,0
DA:120,0
LF:15
LH:0
BRDA:78,0,0,0
BRF:1
BRH:0
end_of_record
TN:
SF:src\security\xssProtection.js
FN:15,(anonymous_0)
FN:29,(anonymous_1)
FN:42,(anonymous_2)
FN:53,(anonymous_3)
FN:75,(anonymous_4)
FN:85,(anonymous_5)
FN:101,(anonymous_6)
FN:119,(anonymous_7)
FN:140,(anonymous_8)
FN:157,(anonymous_9)
FN:174,(anonymous_10)
FN:188,(anonymous_11)
FN:193,(anonymous_12)
FN:208,(anonymous_13)
FN:232,(anonymous_14)
FN:233,(anonymous_15)
FN:237,(anonymous_16)
FN:242,(anonymous_17)
FNF:18
FNH:6
FNDA:2,(anonymous_0)
FNDA:59,(anonymous_1)
FNDA:0,(anonymous_2)
FNDA:4,(anonymous_3)
FNDA:0,(anonymous_4)
FNDA:16,(anonymous_5)
FNDA:0,(anonymous_6)
FNDA:4,(anonymous_7)
FNDA:0,(anonymous_8)
FNDA:0,(anonymous_9)
FNDA:0,(anonymous_10)
FNDA:0,(anonymous_11)
FNDA:0,(anonymous_12)
FNDA:4,(anonymous_13)
FNDA:0,(anonymous_14)
FNDA:0,(anonymous_15)
FNDA:0,(anonymous_16)
FNDA:0,(anonymous_17)
DA:16,2
DA:23,2
DA:30,59
DA:32,59
DA:43,0
DA:45,0
DA:54,4
DA:56,4
DA:57,4
DA:60,4
DA:61,2
DA:62,2
DA:65,2
DA:68,0
DA:76,0
DA:86,16
DA:87,1
DA:90,15
DA:92,15
DA:93,2
DA:96,13
DA:97,0
DA:100,13
DA:101,0
DA:104,13
DA:105,13
DA:106,13
DA:107,14
DA:108,14
DA:110,2
DA:113,0
DA:120,4
DA:122,4
DA:123,4
DA:125,4
DA:126,2
DA:130,2
DA:131,1
DA:134,1
DA:141,0
DA:144,0
DA:147,0
DA:148,0
DA:151,0
DA:158,0
DA:163,0
DA:174,2
DA:175,0
DA:177,0
DA:188,2
DA:189,0
DA:193,0
DA:194,0
DA:195,0
DA:198,0
DA:205,2
DA:206,2
DA:209,4
DA:210,0
DA:214,4
DA:215,1
DA:219,3
DA:220,1
DA:224,2
DA:225,2
DA:226,1
DA:229,1
DA:233,0
DA:234,0
DA:235,0
DA:237,0
DA:238,0
DA:239,0
DA:242,0
DA:243,0
DA:244,0
DA:247,0
LF:77
LH:45
BRDA:15,0,0,2
BRDA:30,1,0,0
BRDA:30,1,1,59
BRDA:43,2,0,0
BRDA:43,2,1,0
BRDA:54,3,0,0
BRDA:54,3,1,4
BRDA:54,4,0,4
BRDA:54,4,1,4
BRDA:60,5,0,2
BRDA:60,5,1,2
BRDA:85,6,0,2
BRDA:86,7,0,1
BRDA:86,7,1,15
BRDA:90,8,0,0
BRDA:90,8,1,15
BRDA:90,9,0,15
BRDA:90,9,1,15
BRDA:92,10,0,2
BRDA:92,10,1,13
BRDA:96,11,0,0
BRDA:96,11,1,13
BRDA:96,12,0,13
BRDA:96,12,1,13
BRDA:100,13,0,0
BRDA:100,13,1,13
BRDA:104,14,0,13
BRDA:104,14,1,0
BRDA:120,15,0,0
BRDA:120,15,1,4
BRDA:125,16,0,2
BRDA:125,16,1,2
BRDA:130,17,0,1
BRDA:130,17,1,1
BRDA:141,18,0,0
BRDA:141,18,1,0
BRDA:147,19,0,0
BRDA:147,19,1,0
BRDA:147,20,0,0
BRDA:147,20,1,0
BRDA:157,21,0,0
BRDA:174,22,0,0
BRDA:188,23,0,0
BRDA:209,24,0,0
BRDA:209,24,1,4
BRDA:214,25,0,1
BRDA:214,25,1,3
BRDA:219,26,0,1
BRDA:219,26,1,2
BRDA:225,27,0,1
BRDA:225,27,1,1
BRF:51
BRH:32
end_of_record
