{"D:\\Desktop\\Cong_Nghe_Phan _Mem_Moi\\BaiTap_7\\backend\\src\\database\\index.js": {"path":"D:\\Desktop\\Cong_Nghe_Phan _Mem_Moi\\BaiTap_7\\backend\\src\\database\\index.js","statementMap":{"0":{"start":{"line":6,"column":23},"end":{"line":6,"column":38}},"1":{"start":{"line":9,"column":16},"end":{"line":16,"column":1}},"2":{"start":{"line":19,"column":17},"end":{"line":106,"column":1}},"3":{"start":{"line":21,"column":19},"end":{"line":62,"column":3}},"4":{"start":{"line":64,"column":2},"end":{"line":64,"column":73}},"5":{"start":{"line":64,"column":30},"end":{"line":64,"column":71}},"6":{"start":{"line":67,"column":20},"end":{"line":95,"column":3}},"7":{"start":{"line":97,"column":2},"end":{"line":97,"column":80}},"8":{"start":{"line":97,"column":32},"end":{"line":97,"column":78}},"9":{"start":{"line":100,"column":2},"end":{"line":105,"column":5}},"10":{"start":{"line":109,"column":11},"end":{"line":311,"column":1}},"11":{"start":{"line":113,"column":6},"end":{"line":113,"column":43}},"12":{"start":{"line":117,"column":6},"end":{"line":117,"column":85}},"13":{"start":{"line":117,"column":58},"end":{"line":117,"column":75}},"14":{"start":{"line":124,"column":23},"end":{"line":124,"column":60}},"15":{"start":{"line":125,"column":6},"end":{"line":125,"column":52}},"16":{"start":{"line":129,"column":6},"end":{"line":129,"column":46}},"17":{"start":{"line":133,"column":22},"end":{"line":133,"column":46}},"18":{"start":{"line":134,"column":6},"end":{"line":138,"column":7}},"19":{"start":{"line":135,"column":8},"end":{"line":135,"column":34}},"20":{"start":{"line":136,"column":8},"end":{"line":136,"column":53}},"21":{"start":{"line":137,"column":8},"end":{"line":137,"column":42}},"22":{"start":{"line":139,"column":6},"end":{"line":139,"column":21}},"23":{"start":{"line":146,"column":6},"end":{"line":146,"column":87}},"24":{"start":{"line":146,"column":58},"end":{"line":146,"column":77}},"25":{"start":{"line":150,"column":19},"end":{"line":157,"column":7}},"26":{"start":{"line":158,"column":6},"end":{"line":158,"column":39}},"27":{"start":{"line":159,"column":6},"end":{"line":159,"column":18}},"28":{"start":{"line":163,"column":19},"end":{"line":163,"column":44}},"29":{"start":{"line":164,"column":6},"end":{"line":164,"column":51}},"30":{"start":{"line":164,"column":17},"end":{"line":164,"column":51}},"31":{"start":{"line":167,"column":32},"end":{"line":170,"column":7}},"32":{"start":{"line":168,"column":16},"end":{"line":169,"column":81}},"33":{"start":{"line":172,"column":6},"end":{"line":186,"column":7}},"34":{"start":{"line":174,"column":8},"end":{"line":174,"column":68}},"35":{"start":{"line":177,"column":24},"end":{"line":184,"column":9}},"36":{"start":{"line":185,"column":8},"end":{"line":185,"column":33}},"37":{"start":{"line":188,"column":6},"end":{"line":188,"column":48}},"38":{"start":{"line":189,"column":6},"end":{"line":189,"column":38}},"39":{"start":{"line":190,"column":6},"end":{"line":190,"column":18}},"40":{"start":{"line":194,"column":19},"end":{"line":194,"column":44}},"41":{"start":{"line":195,"column":6},"end":{"line":195,"column":51}},"42":{"start":{"line":195,"column":17},"end":{"line":195,"column":51}},"43":{"start":{"line":197,"column":19},"end":{"line":197,"column":56}},"44":{"start":{"line":197,"column":40},"end":{"line":197,"column":55}},"45":{"start":{"line":198,"column":6},"end":{"line":198,"column":51}},"46":{"start":{"line":198,"column":17},"end":{"line":198,"column":51}},"47":{"start":{"line":200,"column":6},"end":{"line":200,"column":31}},"48":{"start":{"line":201,"column":6},"end":{"line":201,"column":48}},"49":{"start":{"line":202,"column":6},"end":{"line":202,"column":38}},"50":{"start":{"line":203,"column":6},"end":{"line":203,"column":18}},"51":{"start":{"line":207,"column":19},"end":{"line":207,"column":44}},"52":{"start":{"line":208,"column":6},"end":{"line":208,"column":51}},"53":{"start":{"line":208,"column":17},"end":{"line":208,"column":51}},"54":{"start":{"line":210,"column":6},"end":{"line":210,"column":59}},"55":{"start":{"line":210,"column":42},"end":{"line":210,"column":57}},"56":{"start":{"line":211,"column":6},"end":{"line":211,"column":48}},"57":{"start":{"line":212,"column":6},"end":{"line":212,"column":38}},"58":{"start":{"line":213,"column":6},"end":{"line":213,"column":18}},"59":{"start":{"line":217,"column":19},"end":{"line":217,"column":44}},"60":{"start":{"line":218,"column":6},"end":{"line":218,"column":51}},"61":{"start":{"line":218,"column":17},"end":{"line":218,"column":51}},"62":{"start":{"line":220,"column":6},"end":{"line":220,"column":67}},"63":{"start":{"line":220,"column":42},"end":{"line":220,"column":65}},"64":{"start":{"line":221,"column":6},"end":{"line":221,"column":48}},"65":{"start":{"line":222,"column":6},"end":{"line":222,"column":38}},"66":{"start":{"line":223,"column":6},"end":{"line":223,"column":18}},"67":{"start":{"line":227,"column":19},"end":{"line":227,"column":44}},"68":{"start":{"line":228,"column":6},"end":{"line":228,"column":51}},"69":{"start":{"line":228,"column":17},"end":{"line":228,"column":51}},"70":{"start":{"line":230,"column":6},"end":{"line":230,"column":22}},"71":{"start":{"line":231,"column":6},"end":{"line":231,"column":24}},"72":{"start":{"line":232,"column":6},"end":{"line":232,"column":48}},"73":{"start":{"line":233,"column":6},"end":{"line":233,"column":38}},"74":{"start":{"line":234,"column":6},"end":{"line":234,"column":18}},"75":{"start":{"line":238,"column":19},"end":{"line":238,"column":44}},"76":{"start":{"line":239,"column":6},"end":{"line":239,"column":51}},"77":{"start":{"line":239,"column":17},"end":{"line":239,"column":51}},"78":{"start":{"line":241,"column":6},"end":{"line":241,"column":33}},"79":{"start":{"line":242,"column":6},"end":{"line":242,"column":48}},"80":{"start":{"line":243,"column":6},"end":{"line":243,"column":38}},"81":{"start":{"line":244,"column":6},"end":{"line":244,"column":18}},"82":{"start":{"line":248,"column":19},"end":{"line":248,"column":44}},"83":{"start":{"line":249,"column":6},"end":{"line":249,"column":51}},"84":{"start":{"line":249,"column":17},"end":{"line":249,"column":51}},"85":{"start":{"line":251,"column":6},"end":{"line":251,"column":24}},"86":{"start":{"line":252,"column":6},"end":{"line":252,"column":48}},"87":{"start":{"line":253,"column":6},"end":{"line":253,"column":38}},"88":{"start":{"line":254,"column":6},"end":{"line":254,"column":18}},"89":{"start":{"line":261,"column":23},"end":{"line":261,"column":64}},"90":{"start":{"line":263,"column":6},"end":{"line":263,"column":33}},"91":{"start":{"line":263,"column":21},"end":{"line":263,"column":33}},"92":{"start":{"line":266,"column":18},"end":{"line":266,"column":28}},"93":{"start":{"line":267,"column":24},"end":{"line":267,"column":52}},"94":{"start":{"line":268,"column":24},"end":{"line":268,"column":39}},"95":{"start":{"line":269,"column":24},"end":{"line":269,"column":62}},"96":{"start":{"line":271,"column":6},"end":{"line":274,"column":8}},"97":{"start":{"line":278,"column":6},"end":{"line":284,"column":7}},"98":{"start":{"line":279,"column":8},"end":{"line":283,"column":9}},"99":{"start":{"line":280,"column":10},"end":{"line":280,"column":31}},"100":{"start":{"line":281,"column":10},"end":{"line":281,"column":48}},"101":{"start":{"line":282,"column":10},"end":{"line":282,"column":26}},"102":{"start":{"line":285,"column":6},"end":{"line":285,"column":18}},"103":{"start":{"line":292,"column":20},"end":{"line":298,"column":7}},"104":{"start":{"line":299,"column":6},"end":{"line":299,"column":42}},"105":{"start":{"line":300,"column":6},"end":{"line":300,"column":19}},"106":{"start":{"line":304,"column":6},"end":{"line":304,"column":44}},"107":{"start":{"line":308,"column":6},"end":{"line":308,"column":82}},"108":{"start":{"line":308,"column":61},"end":{"line":308,"column":80}},"109":{"start":{"line":314,"column":0},"end":{"line":314,"column":11}},"110":{"start":{"line":316,"column":0},"end":{"line":316,"column":20}}},"fnMap":{"0":{"name":"(anonymous_0)","decl":{"start":{"line":19,"column":17},"end":{"line":19,"column":18}},"loc":{"start":{"line":19,"column":23},"end":{"line":106,"column":1}},"line":19},"1":{"name":"(anonymous_1)","decl":{"start":{"line":64,"column":19},"end":{"line":64,"column":20}},"loc":{"start":{"line":64,"column":30},"end":{"line":64,"column":71}},"line":64},"2":{"name":"(anonymous_2)","decl":{"start":{"line":97,"column":20},"end":{"line":97,"column":21}},"loc":{"start":{"line":97,"column":32},"end":{"line":97,"column":78}},"line":97},"3":{"name":"(anonymous_3)","decl":{"start":{"line":112,"column":14},"end":{"line":112,"column":15}},"loc":{"start":{"line":112,"column":28},"end":{"line":114,"column":5}},"line":112},"4":{"name":"(anonymous_4)","decl":{"start":{"line":116,"column":17},"end":{"line":116,"column":18}},"loc":{"start":{"line":116,"column":34},"end":{"line":118,"column":5}},"line":116},"5":{"name":"(anonymous_5)","decl":{"start":{"line":117,"column":53},"end":{"line":117,"column":54}},"loc":{"start":{"line":117,"column":58},"end":{"line":117,"column":75}},"line":117},"6":{"name":"(anonymous_6)","decl":{"start":{"line":123,"column":13},"end":{"line":123,"column":14}},"loc":{"start":{"line":123,"column":51},"end":{"line":126,"column":5}},"line":123},"7":{"name":"(anonymous_7)","decl":{"start":{"line":128,"column":14},"end":{"line":128,"column":15}},"loc":{"start":{"line":128,"column":28},"end":{"line":130,"column":5}},"line":128},"8":{"name":"(anonymous_8)","decl":{"start":{"line":132,"column":19},"end":{"line":132,"column":20}},"loc":{"start":{"line":132,"column":43},"end":{"line":140,"column":5}},"line":132},"9":{"name":"(anonymous_9)","decl":{"start":{"line":145,"column":18},"end":{"line":145,"column":19}},"loc":{"start":{"line":145,"column":36},"end":{"line":147,"column":5}},"line":145},"10":{"name":"(anonymous_10)","decl":{"start":{"line":146,"column":53},"end":{"line":146,"column":54}},"loc":{"start":{"line":146,"column":58},"end":{"line":146,"column":77}},"line":146},"11":{"name":"(anonymous_11)","decl":{"start":{"line":149,"column":12},"end":{"line":149,"column":13}},"loc":{"start":{"line":149,"column":34},"end":{"line":160,"column":5}},"line":149},"12":{"name":"(anonymous_12)","decl":{"start":{"line":162,"column":13},"end":{"line":162,"column":14}},"loc":{"start":{"line":162,"column":41},"end":{"line":191,"column":5}},"line":162},"13":{"name":"(anonymous_13)","decl":{"start":{"line":168,"column":8},"end":{"line":168,"column":9}},"loc":{"start":{"line":168,"column":16},"end":{"line":169,"column":81}},"line":168},"14":{"name":"(anonymous_14)","decl":{"start":{"line":193,"column":24},"end":{"line":193,"column":25}},"loc":{"start":{"line":193,"column":60},"end":{"line":204,"column":5}},"line":193},"15":{"name":"(anonymous_15)","decl":{"start":{"line":197,"column":35},"end":{"line":197,"column":36}},"loc":{"start":{"line":197,"column":40},"end":{"line":197,"column":55}},"line":197},"16":{"name":"(anonymous_16)","decl":{"start":{"line":206,"column":16},"end":{"line":206,"column":17}},"loc":{"start":{"line":206,"column":42},"end":{"line":214,"column":5}},"line":206},"17":{"name":"(anonymous_17)","decl":{"start":{"line":210,"column":37},"end":{"line":210,"column":38}},"loc":{"start":{"line":210,"column":42},"end":{"line":210,"column":57}},"line":210},"18":{"name":"(anonymous_18)","decl":{"start":{"line":216,"column":25},"end":{"line":216,"column":26}},"loc":{"start":{"line":216,"column":52},"end":{"line":224,"column":5}},"line":216},"19":{"name":"(anonymous_19)","decl":{"start":{"line":220,"column":37},"end":{"line":220,"column":38}},"loc":{"start":{"line":220,"column":42},"end":{"line":220,"column":65}},"line":220},"20":{"name":"(anonymous_20)","decl":{"start":{"line":226,"column":11},"end":{"line":226,"column":12}},"loc":{"start":{"line":226,"column":29},"end":{"line":235,"column":5}},"line":226},"21":{"name":"(anonymous_21)","decl":{"start":{"line":237,"column":19},"end":{"line":237,"column":20}},"loc":{"start":{"line":237,"column":49},"end":{"line":245,"column":5}},"line":237},"22":{"name":"(anonymous_22)","decl":{"start":{"line":247,"column":20},"end":{"line":247,"column":21}},"loc":{"start":{"line":247,"column":38},"end":{"line":255,"column":5}},"line":247},"23":{"name":"(anonymous_23)","decl":{"start":{"line":260,"column":16},"end":{"line":260,"column":17}},"loc":{"start":{"line":260,"column":32},"end":{"line":275,"column":5}},"line":260},"24":{"name":"(anonymous_24)","decl":{"start":{"line":277,"column":20},"end":{"line":277,"column":21}},"loc":{"start":{"line":277,"column":34},"end":{"line":286,"column":5}},"line":277},"25":{"name":"(anonymous_25)","decl":{"start":{"line":291,"column":12},"end":{"line":291,"column":13}},"loc":{"start":{"line":291,"column":33},"end":{"line":301,"column":5}},"line":291},"26":{"name":"(anonymous_26)","decl":{"start":{"line":303,"column":14},"end":{"line":303,"column":15}},"loc":{"start":{"line":303,"column":28},"end":{"line":305,"column":5}},"line":303},"27":{"name":"(anonymous_27)","decl":{"start":{"line":307,"column":18},"end":{"line":307,"column":19}},"loc":{"start":{"line":307,"column":36},"end":{"line":309,"column":5}},"line":307},"28":{"name":"(anonymous_28)","decl":{"start":{"line":308,"column":56},"end":{"line":308,"column":57}},"loc":{"start":{"line":308,"column":61},"end":{"line":308,"column":80}},"line":308}},"branchMap":{"0":{"loc":{"start":{"line":113,"column":13},"end":{"line":113,"column":42}},"type":"binary-expr","locations":[{"start":{"line":113,"column":13},"end":{"line":113,"column":34}},{"start":{"line":113,"column":38},"end":{"line":113,"column":42}}],"line":113},"1":{"loc":{"start":{"line":117,"column":13},"end":{"line":117,"column":84}},"type":"binary-expr","locations":[{"start":{"line":117,"column":13},"end":{"line":117,"column":76}},{"start":{"line":117,"column":80},"end":{"line":117,"column":84}}],"line":117},"2":{"loc":{"start":{"line":123,"column":22},"end":{"line":123,"column":32}},"type":"default-arg","locations":[{"start":{"line":123,"column":30},"end":{"line":123,"column":32}}],"line":123},"3":{"loc":{"start":{"line":123,"column":34},"end":{"line":123,"column":44}},"type":"default-arg","locations":[{"start":{"line":123,"column":43},"end":{"line":123,"column":44}}],"line":123},"4":{"loc":{"start":{"line":129,"column":13},"end":{"line":129,"column":45}},"type":"binary-expr","locations":[{"start":{"line":129,"column":13},"end":{"line":129,"column":37}},{"start":{"line":129,"column":41},"end":{"line":129,"column":45}}],"line":129},"5":{"loc":{"start":{"line":134,"column":6},"end":{"line":138,"column":7}},"type":"if","locations":[{"start":{"line":134,"column":6},"end":{"line":138,"column":7}},{"start":{},"end":{}}],"line":134},"6":{"loc":{"start":{"line":146,"column":13},"end":{"line":146,"column":86}},"type":"binary-expr","locations":[{"start":{"line":146,"column":13},"end":{"line":146,"column":78}},{"start":{"line":146,"column":82},"end":{"line":146,"column":86}}],"line":146},"7":{"loc":{"start":{"line":164,"column":6},"end":{"line":164,"column":51}},"type":"if","locations":[{"start":{"line":164,"column":6},"end":{"line":164,"column":51}},{"start":{},"end":{}}],"line":164},"8":{"loc":{"start":{"line":168,"column":16},"end":{"line":169,"column":81}},"type":"binary-expr","locations":[{"start":{"line":168,"column":16},"end":{"line":168,"column":53}},{"start":{"line":169,"column":16},"end":{"line":169,"column":81}}],"line":168},"9":{"loc":{"start":{"line":172,"column":6},"end":{"line":186,"column":7}},"type":"if","locations":[{"start":{"line":172,"column":6},"end":{"line":186,"column":7}},{"start":{"line":175,"column":13},"end":{"line":186,"column":7}}],"line":172},"10":{"loc":{"start":{"line":181,"column":19},"end":{"line":181,"column":43}},"type":"binary-expr","locations":[{"start":{"line":181,"column":19},"end":{"line":181,"column":35}},{"start":{"line":181,"column":39},"end":{"line":181,"column":43}}],"line":181},"11":{"loc":{"start":{"line":195,"column":6},"end":{"line":195,"column":51}},"type":"if","locations":[{"start":{"line":195,"column":6},"end":{"line":195,"column":51}},{"start":{},"end":{}}],"line":195},"12":{"loc":{"start":{"line":198,"column":6},"end":{"line":198,"column":51}},"type":"if","locations":[{"start":{"line":198,"column":6},"end":{"line":198,"column":51}},{"start":{},"end":{}}],"line":198},"13":{"loc":{"start":{"line":208,"column":6},"end":{"line":208,"column":51}},"type":"if","locations":[{"start":{"line":208,"column":6},"end":{"line":208,"column":51}},{"start":{},"end":{}}],"line":208},"14":{"loc":{"start":{"line":218,"column":6},"end":{"line":218,"column":51}},"type":"if","locations":[{"start":{"line":218,"column":6},"end":{"line":218,"column":51}},{"start":{},"end":{}}],"line":218},"15":{"loc":{"start":{"line":228,"column":6},"end":{"line":228,"column":51}},"type":"if","locations":[{"start":{"line":228,"column":6},"end":{"line":228,"column":51}},{"start":{},"end":{}}],"line":228},"16":{"loc":{"start":{"line":239,"column":6},"end":{"line":239,"column":51}},"type":"if","locations":[{"start":{"line":239,"column":6},"end":{"line":239,"column":51}},{"start":{},"end":{}}],"line":239},"17":{"loc":{"start":{"line":249,"column":6},"end":{"line":249,"column":51}},"type":"if","locations":[{"start":{"line":249,"column":6},"end":{"line":249,"column":51}},{"start":{},"end":{}}],"line":249},"18":{"loc":{"start":{"line":263,"column":6},"end":{"line":263,"column":33}},"type":"if","locations":[{"start":{"line":263,"column":6},"end":{"line":263,"column":33}},{"start":{},"end":{}}],"line":263},"19":{"loc":{"start":{"line":273,"column":15},"end":{"line":273,"column":39}},"type":"binary-expr","locations":[{"start":{"line":273,"column":15},"end":{"line":273,"column":25}},{"start":{"line":273,"column":29},"end":{"line":273,"column":39}}],"line":273},"20":{"loc":{"start":{"line":279,"column":8},"end":{"line":283,"column":9}},"type":"if","locations":[{"start":{"line":279,"column":8},"end":{"line":283,"column":9}},{"start":{},"end":{}}],"line":279},"21":{"loc":{"start":{"line":304,"column":13},"end":{"line":304,"column":43}},"type":"binary-expr","locations":[{"start":{"line":304,"column":13},"end":{"line":304,"column":35}},{"start":{"line":304,"column":39},"end":{"line":304,"column":43}}],"line":304}},"s":{"0":0,"1":0,"2":0,"3":0,"4":0,"5":0,"6":0,"7":0,"8":0,"9":0,"10":0,"11":0,"12":0,"13":0,"14":0,"15":0,"16":0,"17":0,"18":0,"19":0,"20":0,"21":0,"22":0,"23":0,"24":0,"25":0,"26":0,"27":0,"28":0,"29":0,"30":0,"31":0,"32":0,"33":0,"34":0,"35":0,"36":0,"37":0,"38":0,"39":0,"40":0,"41":0,"42":0,"43":0,"44":0,"45":0,"46":0,"47":0,"48":0,"49":0,"50":0,"51":0,"52":0,"53":0,"54":0,"55":0,"56":0,"57":0,"58":0,"59":0,"60":0,"61":0,"62":0,"63":0,"64":0,"65":0,"66":0,"67":0,"68":0,"69":0,"70":0,"71":0,"72":0,"73":0,"74":0,"75":0,"76":0,"77":0,"78":0,"79":0,"80":0,"81":0,"82":0,"83":0,"84":0,"85":0,"86":0,"87":0,"88":0,"89":0,"90":0,"91":0,"92":0,"93":0,"94":0,"95":0,"96":0,"97":0,"98":0,"99":0,"100":0,"101":0,"102":0,"103":0,"104":0,"105":0,"106":0,"107":0,"108":0,"109":0,"110":0},"f":{"0":0,"1":0,"2":0,"3":0,"4":0,"5":0,"6":0,"7":0,"8":0,"9":0,"10":0,"11":0,"12":0,"13":0,"14":0,"15":0,"16":0,"17":0,"18":0,"19":0,"20":0,"21":0,"22":0,"23":0,"24":0,"25":0,"26":0,"27":0,"28":0},"b":{"0":[0,0],"1":[0,0],"2":[0],"3":[0],"4":[0,0],"5":[0,0],"6":[0,0],"7":[0,0],"8":[0,0],"9":[0,0],"10":[0,0],"11":[0,0],"12":[0,0],"13":[0,0],"14":[0,0],"15":[0,0],"16":[0,0],"17":[0,0],"18":[0,0],"19":[0,0],"20":[0,0],"21":[0,0]}}
,"D:\\Desktop\\Cong_Nghe_Phan _Mem_Moi\\BaiTap_7\\backend\\src\\middleware\\auth.js": {"path":"D:\\Desktop\\Cong_Nghe_Phan _Mem_Moi\\BaiTap_7\\backend\\src\\middleware\\auth.js","statementMap":{"0":{"start":{"line":1,"column":12},"end":{"line":1,"column":35}},"1":{"start":{"line":8,"column":19},"end":{"line":8,"column":83}},"2":{"start":{"line":9,"column":23},"end":{"line":9,"column":57}},"3":{"start":{"line":14,"column":22},"end":{"line":24,"column":1}},"4":{"start":{"line":15,"column":2},"end":{"line":23,"column":4}},"5":{"start":{"line":29,"column":20},"end":{"line":41,"column":1}},"6":{"start":{"line":30,"column":2},"end":{"line":40,"column":3}},"7":{"start":{"line":31,"column":4},"end":{"line":31,"column":41}},"8":{"start":{"line":33,"column":4},"end":{"line":35,"column":5}},"9":{"start":{"line":34,"column":6},"end":{"line":34,"column":39}},"10":{"start":{"line":36,"column":4},"end":{"line":38,"column":5}},"11":{"start":{"line":37,"column":6},"end":{"line":37,"column":39}},"12":{"start":{"line":39,"column":4},"end":{"line":39,"column":16}},"13":{"start":{"line":46,"column":21},"end":{"line":64,"column":1}},"14":{"start":{"line":48,"column":21},"end":{"line":48,"column":46}},"15":{"start":{"line":49,"column":2},"end":{"line":51,"column":3}},"16":{"start":{"line":50,"column":4},"end":{"line":50,"column":35}},"17":{"start":{"line":54,"column":2},"end":{"line":56,"column":3}},"18":{"start":{"line":55,"column":4},"end":{"line":55,"column":29}},"19":{"start":{"line":59,"column":2},"end":{"line":61,"column":3}},"20":{"start":{"line":60,"column":4},"end":{"line":60,"column":27}},"21":{"start":{"line":63,"column":2},"end":{"line":63,"column":14}},"22":{"start":{"line":70,"column":21},"end":{"line":99,"column":1}},"23":{"start":{"line":71,"column":2},"end":{"line":98,"column":3}},"24":{"start":{"line":72,"column":18},"end":{"line":72,"column":35}},"25":{"start":{"line":74,"column":4},"end":{"line":79,"column":5}},"26":{"start":{"line":75,"column":6},"end":{"line":78,"column":9}},"27":{"start":{"line":82,"column":20},"end":{"line":82,"column":38}},"28":{"start":{"line":85,"column":4},"end":{"line":88,"column":6}},"29":{"start":{"line":90,"column":4},"end":{"line":90,"column":11}},"30":{"start":{"line":92,"column":4},"end":{"line":92,"column":50}},"31":{"start":{"line":94,"column":4},"end":{"line":97,"column":7}},"32":{"start":{"line":105,"column":29},"end":{"line":123,"column":1}},"33":{"start":{"line":106,"column":2},"end":{"line":122,"column":3}},"34":{"start":{"line":107,"column":18},"end":{"line":107,"column":35}},"35":{"start":{"line":109,"column":4},"end":{"line":115,"column":5}},"36":{"start":{"line":110,"column":22},"end":{"line":110,"column":40}},"37":{"start":{"line":111,"column":6},"end":{"line":114,"column":8}},"38":{"start":{"line":117,"column":4},"end":{"line":117,"column":11}},"39":{"start":{"line":120,"column":4},"end":{"line":120,"column":57}},"40":{"start":{"line":121,"column":4},"end":{"line":121,"column":11}},"41":{"start":{"line":128,"column":18},"end":{"line":146,"column":1}},"42":{"start":{"line":129,"column":2},"end":{"line":145,"column":4}},"43":{"start":{"line":130,"column":4},"end":{"line":135,"column":5}},"44":{"start":{"line":131,"column":6},"end":{"line":134,"column":9}},"45":{"start":{"line":137,"column":4},"end":{"line":142,"column":5}},"46":{"start":{"line":138,"column":6},"end":{"line":141,"column":9}},"47":{"start":{"line":144,"column":4},"end":{"line":144,"column":11}},"48":{"start":{"line":151,"column":21},"end":{"line":168,"column":1}},"49":{"start":{"line":152,"column":2},"end":{"line":167,"column":3}},"50":{"start":{"line":153,"column":20},"end":{"line":153,"column":80}},"51":{"start":{"line":156,"column":21},"end":{"line":156,"column":52}},"52":{"start":{"line":157,"column":4},"end":{"line":159,"column":5}},"53":{"start":{"line":158,"column":6},"end":{"line":158,"column":50}},"54":{"start":{"line":162,"column":4},"end":{"line":164,"column":7}},"55":{"start":{"line":166,"column":4},"end":{"line":166,"column":62}},"56":{"start":{"line":173,"column":18},"end":{"line":188,"column":1}},"57":{"start":{"line":174,"column":20},"end":{"line":174,"column":28}},"58":{"start":{"line":177,"column":17},"end":{"line":177,"column":25}},"59":{"start":{"line":178,"column":16},"end":{"line":178,"column":62}},"60":{"start":{"line":180,"column":2},"end":{"line":187,"column":5}},"61":{"start":{"line":193,"column":15},"end":{"line":203,"column":1}},"62":{"start":{"line":195,"column":2},"end":{"line":197,"column":3}},"63":{"start":{"line":196,"column":4},"end":{"line":196,"column":29}},"64":{"start":{"line":199,"column":2},"end":{"line":202,"column":5}},"65":{"start":{"line":205,"column":0},"end":{"line":215,"column":2}}},"fnMap":{"0":{"name":"(anonymous_0)","decl":{"start":{"line":14,"column":22},"end":{"line":14,"column":23}},"loc":{"start":{"line":14,"column":58},"end":{"line":24,"column":1}},"line":14},"1":{"name":"(anonymous_1)","decl":{"start":{"line":29,"column":20},"end":{"line":29,"column":21}},"loc":{"start":{"line":29,"column":31},"end":{"line":41,"column":1}},"line":29},"2":{"name":"(anonymous_2)","decl":{"start":{"line":46,"column":21},"end":{"line":46,"column":22}},"loc":{"start":{"line":46,"column":30},"end":{"line":64,"column":1}},"line":46},"3":{"name":"(anonymous_3)","decl":{"start":{"line":70,"column":21},"end":{"line":70,"column":22}},"loc":{"start":{"line":70,"column":47},"end":{"line":99,"column":1}},"line":70},"4":{"name":"(anonymous_4)","decl":{"start":{"line":105,"column":29},"end":{"line":105,"column":30}},"loc":{"start":{"line":105,"column":55},"end":{"line":123,"column":1}},"line":105},"5":{"name":"(anonymous_5)","decl":{"start":{"line":128,"column":18},"end":{"line":128,"column":19}},"loc":{"start":{"line":128,"column":39},"end":{"line":146,"column":1}},"line":128},"6":{"name":"(anonymous_6)","decl":{"start":{"line":129,"column":9},"end":{"line":129,"column":10}},"loc":{"start":{"line":129,"column":29},"end":{"line":145,"column":3}},"line":129},"7":{"name":"(anonymous_7)","decl":{"start":{"line":151,"column":21},"end":{"line":151,"column":22}},"loc":{"start":{"line":151,"column":35},"end":{"line":168,"column":1}},"line":151},"8":{"name":"(anonymous_8)","decl":{"start":{"line":173,"column":18},"end":{"line":173,"column":19}},"loc":{"start":{"line":173,"column":32},"end":{"line":188,"column":1}},"line":173},"9":{"name":"(anonymous_9)","decl":{"start":{"line":193,"column":15},"end":{"line":193,"column":16}},"loc":{"start":{"line":193,"column":29},"end":{"line":203,"column":1}},"line":193}},"branchMap":{"0":{"loc":{"start":{"line":8,"column":19},"end":{"line":8,"column":83}},"type":"binary-expr","locations":[{"start":{"line":8,"column":19},"end":{"line":8,"column":41}},{"start":{"line":8,"column":45},"end":{"line":8,"column":83}}],"line":8},"1":{"loc":{"start":{"line":9,"column":23},"end":{"line":9,"column":57}},"type":"binary-expr","locations":[{"start":{"line":9,"column":23},"end":{"line":9,"column":49}},{"start":{"line":9,"column":53},"end":{"line":9,"column":57}}],"line":9},"2":{"loc":{"start":{"line":14,"column":31},"end":{"line":14,"column":53}},"type":"default-arg","locations":[{"start":{"line":14,"column":51},"end":{"line":14,"column":53}}],"line":14},"3":{"loc":{"start":{"line":33,"column":4},"end":{"line":35,"column":5}},"type":"if","locations":[{"start":{"line":33,"column":4},"end":{"line":35,"column":5}},{"start":{},"end":{}}],"line":33},"4":{"loc":{"start":{"line":36,"column":4},"end":{"line":38,"column":5}},"type":"if","locations":[{"start":{"line":36,"column":4},"end":{"line":38,"column":5}},{"start":{},"end":{}}],"line":36},"5":{"loc":{"start":{"line":49,"column":2},"end":{"line":51,"column":3}},"type":"if","locations":[{"start":{"line":49,"column":2},"end":{"line":51,"column":3}},{"start":{},"end":{}}],"line":49},"6":{"loc":{"start":{"line":49,"column":6},"end":{"line":49,"column":52}},"type":"binary-expr","locations":[{"start":{"line":49,"column":6},"end":{"line":49,"column":16}},{"start":{"line":49,"column":20},"end":{"line":49,"column":52}}],"line":49},"7":{"loc":{"start":{"line":54,"column":2},"end":{"line":56,"column":3}},"type":"if","locations":[{"start":{"line":54,"column":2},"end":{"line":56,"column":3}},{"start":{},"end":{}}],"line":54},"8":{"loc":{"start":{"line":54,"column":6},"end":{"line":54,"column":38}},"type":"binary-expr","locations":[{"start":{"line":54,"column":6},"end":{"line":54,"column":17}},{"start":{"line":54,"column":21},"end":{"line":54,"column":38}}],"line":54},"9":{"loc":{"start":{"line":59,"column":2},"end":{"line":61,"column":3}},"type":"if","locations":[{"start":{"line":59,"column":2},"end":{"line":61,"column":3}},{"start":{},"end":{}}],"line":59},"10":{"loc":{"start":{"line":59,"column":6},"end":{"line":59,"column":34}},"type":"binary-expr","locations":[{"start":{"line":59,"column":6},"end":{"line":59,"column":15}},{"start":{"line":59,"column":19},"end":{"line":59,"column":34}}],"line":59},"11":{"loc":{"start":{"line":74,"column":4},"end":{"line":79,"column":5}},"type":"if","locations":[{"start":{"line":74,"column":4},"end":{"line":79,"column":5}},{"start":{},"end":{}}],"line":74},"12":{"loc":{"start":{"line":95,"column":13},"end":{"line":95,"column":53}},"type":"binary-expr","locations":[{"start":{"line":95,"column":13},"end":{"line":95,"column":26}},{"start":{"line":95,"column":30},"end":{"line":95,"column":53}}],"line":95},"13":{"loc":{"start":{"line":109,"column":4},"end":{"line":115,"column":5}},"type":"if","locations":[{"start":{"line":109,"column":4},"end":{"line":115,"column":5}},{"start":{},"end":{}}],"line":109},"14":{"loc":{"start":{"line":130,"column":4},"end":{"line":135,"column":5}},"type":"if","locations":[{"start":{"line":130,"column":4},"end":{"line":135,"column":5}},{"start":{},"end":{}}],"line":130},"15":{"loc":{"start":{"line":137,"column":4},"end":{"line":142,"column":5}},"type":"if","locations":[{"start":{"line":137,"column":4},"end":{"line":142,"column":5}},{"start":{},"end":{}}],"line":137},"16":{"loc":{"start":{"line":137,"column":8},"end":{"line":137,"column":63}},"type":"binary-expr","locations":[{"start":{"line":137,"column":8},"end":{"line":137,"column":22}},{"start":{"line":137,"column":26},"end":{"line":137,"column":63}}],"line":137},"17":{"loc":{"start":{"line":157,"column":4},"end":{"line":159,"column":5}},"type":"if","locations":[{"start":{"line":157,"column":4},"end":{"line":159,"column":5}},{"start":{},"end":{}}],"line":157},"18":{"loc":{"start":{"line":195,"column":2},"end":{"line":197,"column":3}},"type":"if","locations":[{"start":{"line":195,"column":2},"end":{"line":197,"column":3}},{"start":{},"end":{}}],"line":195},"19":{"loc":{"start":{"line":195,"column":6},"end":{"line":195,"column":38}},"type":"binary-expr","locations":[{"start":{"line":195,"column":6},"end":{"line":195,"column":17}},{"start":{"line":195,"column":21},"end":{"line":195,"column":38}}],"line":195}},"s":{"0":0,"1":0,"2":0,"3":0,"4":0,"5":0,"6":0,"7":0,"8":0,"9":0,"10":0,"11":0,"12":0,"13":0,"14":0,"15":0,"16":0,"17":0,"18":0,"19":0,"20":0,"21":0,"22":0,"23":0,"24":0,"25":0,"26":0,"27":0,"28":0,"29":0,"30":0,"31":0,"32":0,"33":0,"34":0,"35":0,"36":0,"37":0,"38":0,"39":0,"40":0,"41":0,"42":0,"43":0,"44":0,"45":0,"46":0,"47":0,"48":0,"49":0,"50":0,"51":0,"52":0,"53":0,"54":0,"55":0,"56":0,"57":0,"58":0,"59":0,"60":0,"61":0,"62":0,"63":0,"64":0,"65":0},"f":{"0":0,"1":0,"2":0,"3":0,"4":0,"5":0,"6":0,"7":0,"8":0,"9":0},"b":{"0":[0,0],"1":[0,0],"2":[0],"3":[0,0],"4":[0,0],"5":[0,0],"6":[0,0],"7":[0,0],"8":[0,0],"9":[0,0],"10":[0,0],"11":[0,0],"12":[0,0],"13":[0,0],"14":[0,0],"15":[0,0],"16":[0,0],"17":[0,0],"18":[0,0],"19":[0,0]}}
,"D:\\Desktop\\Cong_Nghe_Phan _Mem_Moi\\BaiTap_7\\backend\\src\\middleware\\validation.js": {"path":"D:\\Desktop\\Cong_Nghe_Phan _Mem_Moi\\BaiTap_7\\backend\\src\\middleware\\validation.js","statementMap":{"0":{"start":{"line":9,"column":23},"end":{"line":17,"column":1}},"1":{"start":{"line":10,"column":2},"end":{"line":10,"column":41}},"2":{"start":{"line":10,"column":31},"end":{"line":10,"column":41}},"3":{"start":{"line":12,"column":2},"end":{"line":16,"column":29}},"4":{"start":{"line":22,"column":23},"end":{"line":31,"column":1}},"5":{"start":{"line":23,"column":17},"end":{"line":23,"column":28}},"6":{"start":{"line":24,"column":2},"end":{"line":26,"column":3}},"7":{"start":{"line":25,"column":4},"end":{"line":25,"column":46}},"8":{"start":{"line":27,"column":2},"end":{"line":29,"column":3}},"9":{"start":{"line":28,"column":4},"end":{"line":28,"column":79}},"10":{"start":{"line":30,"column":2},"end":{"line":30,"column":16}},"11":{"start":{"line":36,"column":22},"end":{"line":47,"column":1}},"12":{"start":{"line":37,"column":2},"end":{"line":39,"column":3}},"13":{"start":{"line":38,"column":4},"end":{"line":38,"column":46}},"14":{"start":{"line":41,"column":21},"end":{"line":41,"column":49}},"15":{"start":{"line":42,"column":2},"end":{"line":44,"column":3}},"16":{"start":{"line":43,"column":4},"end":{"line":43,"column":44}},"17":{"start":{"line":46,"column":2},"end":{"line":46,"column":36}},"18":{"start":{"line":52,"column":26},"end":{"line":54,"column":1}},"19":{"start":{"line":53,"column":2},"end":{"line":53,"column":56}},"20":{"start":{"line":59,"column":25},"end":{"line":61,"column":1}},"21":{"start":{"line":60,"column":2},"end":{"line":60,"column":37}},"22":{"start":{"line":66,"column":22},"end":{"line":69,"column":1}},"23":{"start":{"line":67,"column":20},"end":{"line":67,"column":54}},"24":{"start":{"line":68,"column":2},"end":{"line":68,"column":43}},"25":{"start":{"line":74,"column":29},"end":{"line":90,"column":1}},"26":{"start":{"line":75,"column":2},"end":{"line":77,"column":3}},"27":{"start":{"line":76,"column":4},"end":{"line":76,"column":54}},"28":{"start":{"line":79,"column":18},"end":{"line":79,"column":56}},"29":{"start":{"line":81,"column":2},"end":{"line":83,"column":3}},"30":{"start":{"line":82,"column":4},"end":{"line":82,"column":47}},"31":{"start":{"line":85,"column":2},"end":{"line":87,"column":3}},"32":{"start":{"line":86,"column":4},"end":{"line":86,"column":65}},"33":{"start":{"line":89,"column":2},"end":{"line":89,"column":17}},"34":{"start":{"line":95,"column":25},"end":{"line":105,"column":1}},"35":{"start":{"line":96,"column":2},"end":{"line":98,"column":3}},"36":{"start":{"line":97,"column":4},"end":{"line":97,"column":41}},"37":{"start":{"line":100,"column":2},"end":{"line":104,"column":4}},"38":{"start":{"line":110,"column":23},"end":{"line":141,"column":1}},"39":{"start":{"line":111,"column":2},"end":{"line":113,"column":3}},"40":{"start":{"line":112,"column":4},"end":{"line":112,"column":47}},"41":{"start":{"line":115,"column":2},"end":{"line":115,"column":52}},"42":{"start":{"line":115,"column":41},"end":{"line":115,"column":52}},"43":{"start":{"line":117,"column":2},"end":{"line":119,"column":3}},"44":{"start":{"line":118,"column":4},"end":{"line":118,"column":31}},"45":{"start":{"line":121,"column":2},"end":{"line":123,"column":3}},"46":{"start":{"line":122,"column":4},"end":{"line":122,"column":15}},"47":{"start":{"line":125,"column":2},"end":{"line":127,"column":3}},"48":{"start":{"line":126,"column":4},"end":{"line":126,"column":60}},"49":{"start":{"line":126,"column":27},"end":{"line":126,"column":58}},"50":{"start":{"line":129,"column":2},"end":{"line":138,"column":3}},"51":{"start":{"line":130,"column":22},"end":{"line":130,"column":24}},"52":{"start":{"line":131,"column":4},"end":{"line":136,"column":5}},"53":{"start":{"line":132,"column":23},"end":{"line":132,"column":46}},"54":{"start":{"line":133,"column":6},"end":{"line":135,"column":7}},"55":{"start":{"line":134,"column":8},"end":{"line":134,"column":63}},"56":{"start":{"line":137,"column":4},"end":{"line":137,"column":21}},"57":{"start":{"line":140,"column":2},"end":{"line":140,"column":13}},"58":{"start":{"line":146,"column":17},"end":{"line":221,"column":1}},"59":{"start":{"line":147,"column":2},"end":{"line":220,"column":4}},"60":{"start":{"line":148,"column":4},"end":{"line":219,"column":5}},"61":{"start":{"line":149,"column":21},"end":{"line":149,"column":23}},"62":{"start":{"line":152,"column":6},"end":{"line":167,"column":7}},"63":{"start":{"line":153,"column":8},"end":{"line":166,"column":9}},"64":{"start":{"line":154,"column":10},"end":{"line":165,"column":11}},"65":{"start":{"line":155,"column":12},"end":{"line":158,"column":13}},"66":{"start":{"line":156,"column":14},"end":{"line":156,"column":50}},"67":{"start":{"line":157,"column":14},"end":{"line":157,"column":23}},"68":{"start":{"line":160,"column":12},"end":{"line":162,"column":13}},"69":{"start":{"line":161,"column":14},"end":{"line":161,"column":68}},"70":{"start":{"line":164,"column":12},"end":{"line":164,"column":54}},"71":{"start":{"line":170,"column":6},"end":{"line":185,"column":7}},"72":{"start":{"line":171,"column":8},"end":{"line":184,"column":9}},"73":{"start":{"line":172,"column":10},"end":{"line":183,"column":11}},"74":{"start":{"line":173,"column":12},"end":{"line":176,"column":13}},"75":{"start":{"line":174,"column":14},"end":{"line":174,"column":56}},"76":{"start":{"line":175,"column":14},"end":{"line":175,"column":23}},"77":{"start":{"line":178,"column":12},"end":{"line":180,"column":13}},"78":{"start":{"line":179,"column":14},"end":{"line":179,"column":72}},"79":{"start":{"line":182,"column":12},"end":{"line":182,"column":60}},"80":{"start":{"line":188,"column":6},"end":{"line":203,"column":7}},"81":{"start":{"line":189,"column":8},"end":{"line":202,"column":9}},"82":{"start":{"line":190,"column":10},"end":{"line":201,"column":11}},"83":{"start":{"line":191,"column":12},"end":{"line":194,"column":13}},"84":{"start":{"line":192,"column":14},"end":{"line":192,"column":56}},"85":{"start":{"line":193,"column":14},"end":{"line":193,"column":23}},"86":{"start":{"line":196,"column":12},"end":{"line":198,"column":13}},"87":{"start":{"line":197,"column":14},"end":{"line":197,"column":70}},"88":{"start":{"line":200,"column":12},"end":{"line":200,"column":60}},"89":{"start":{"line":205,"column":6},"end":{"line":210,"column":7}},"90":{"start":{"line":206,"column":8},"end":{"line":209,"column":11}},"91":{"start":{"line":212,"column":6},"end":{"line":212,"column":13}},"92":{"start":{"line":214,"column":6},"end":{"line":214,"column":48}},"93":{"start":{"line":215,"column":6},"end":{"line":218,"column":9}},"94":{"start":{"line":226,"column":16},"end":{"line":315,"column":1}},"95":{"start":{"line":250,"column":26},"end":{"line":250,"column":48}},"96":{"start":{"line":275,"column":10},"end":{"line":277,"column":11}},"97":{"start":{"line":276,"column":12},"end":{"line":276,"column":69}},"98":{"start":{"line":278,"column":10},"end":{"line":278,"column":55}},"99":{"start":{"line":278,"column":31},"end":{"line":278,"column":53}},"100":{"start":{"line":283,"column":28},"end":{"line":283,"column":53}},"101":{"start":{"line":287,"column":30},"end":{"line":287,"column":56}},"102":{"start":{"line":297,"column":29},"end":{"line":297,"column":58}},"103":{"start":{"line":301,"column":30},"end":{"line":301,"column":55}},"104":{"start":{"line":320,"column":21},"end":{"line":334,"column":1}},"105":{"start":{"line":321,"column":2},"end":{"line":333,"column":3}},"106":{"start":{"line":322,"column":4},"end":{"line":330,"column":5}},"107":{"start":{"line":323,"column":6},"end":{"line":323,"column":42}},"108":{"start":{"line":324,"column":6},"end":{"line":324,"column":13}},"109":{"start":{"line":326,"column":6},"end":{"line":329,"column":9}},"110":{"start":{"line":332,"column":4},"end":{"line":332,"column":11}},"111":{"start":{"line":341,"column":4},"end":{"line":341,"column":30}},"112":{"start":{"line":345,"column":16},"end":{"line":345,"column":26}},"113":{"start":{"line":346,"column":16},"end":{"line":346,"column":34}},"114":{"start":{"line":348,"column":4},"end":{"line":350,"column":5}},"115":{"start":{"line":349,"column":6},"end":{"line":349,"column":33}},"116":{"start":{"line":352,"column":25},"end":{"line":352,"column":47}},"117":{"start":{"line":355,"column":26},"end":{"line":355,"column":76}},"118":{"start":{"line":355,"column":54},"end":{"line":355,"column":75}},"119":{"start":{"line":356,"column":4},"end":{"line":356,"column":42}},"120":{"start":{"line":359,"column":4},"end":{"line":363,"column":5}},"121":{"start":{"line":360,"column":28},"end":{"line":360,"column":44}},"122":{"start":{"line":361,"column":23},"end":{"line":361,"column":75}},"123":{"start":{"line":362,"column":6},"end":{"line":362,"column":77}},"124":{"start":{"line":366,"column":4},"end":{"line":366,"column":28}},"125":{"start":{"line":367,"column":4},"end":{"line":367,"column":42}},"126":{"start":{"line":369,"column":4},"end":{"line":369,"column":16}},"127":{"start":{"line":373,"column":4},"end":{"line":373,"column":45}},"128":{"start":{"line":377,"column":27},"end":{"line":377,"column":51}},"129":{"start":{"line":382,"column":18},"end":{"line":395,"column":1}},"130":{"start":{"line":383,"column":2},"end":{"line":394,"column":4}},"131":{"start":{"line":384,"column":4},"end":{"line":393,"column":5}},"132":{"start":{"line":385,"column":25},"end":{"line":385,"column":63}},"133":{"start":{"line":386,"column":6},"end":{"line":386,"column":66}},"134":{"start":{"line":387,"column":6},"end":{"line":387,"column":13}},"135":{"start":{"line":389,"column":6},"end":{"line":392,"column":9}},"136":{"start":{"line":397,"column":0},"end":{"line":419,"column":2}}},"fnMap":{"0":{"name":"(anonymous_0)","decl":{"start":{"line":9,"column":23},"end":{"line":9,"column":24}},"loc":{"start":{"line":9,"column":49},"end":{"line":17,"column":1}},"line":9},"1":{"name":"(anonymous_1)","decl":{"start":{"line":22,"column":23},"end":{"line":22,"column":24}},"loc":{"start":{"line":22,"column":65},"end":{"line":31,"column":1}},"line":22},"2":{"name":"(anonymous_2)","decl":{"start":{"line":36,"column":22},"end":{"line":36,"column":23}},"loc":{"start":{"line":36,"column":33},"end":{"line":47,"column":1}},"line":36},"3":{"name":"(anonymous_3)","decl":{"start":{"line":52,"column":26},"end":{"line":52,"column":27}},"loc":{"start":{"line":52,"column":34},"end":{"line":54,"column":1}},"line":52},"4":{"name":"(anonymous_4)","decl":{"start":{"line":59,"column":25},"end":{"line":59,"column":26}},"loc":{"start":{"line":59,"column":34},"end":{"line":61,"column":1}},"line":59},"5":{"name":"(anonymous_5)","decl":{"start":{"line":66,"column":22},"end":{"line":66,"column":23}},"loc":{"start":{"line":66,"column":33},"end":{"line":69,"column":1}},"line":66},"6":{"name":"(anonymous_6)","decl":{"start":{"line":74,"column":29},"end":{"line":74,"column":30}},"loc":{"start":{"line":74,"column":39},"end":{"line":90,"column":1}},"line":74},"7":{"name":"(anonymous_7)","decl":{"start":{"line":95,"column":25},"end":{"line":95,"column":26}},"loc":{"start":{"line":95,"column":35},"end":{"line":105,"column":1}},"line":95},"8":{"name":"(anonymous_8)","decl":{"start":{"line":110,"column":23},"end":{"line":110,"column":24}},"loc":{"start":{"line":110,"column":43},"end":{"line":141,"column":1}},"line":110},"9":{"name":"(anonymous_9)","decl":{"start":{"line":126,"column":19},"end":{"line":126,"column":20}},"loc":{"start":{"line":126,"column":27},"end":{"line":126,"column":58}},"line":126},"10":{"name":"(anonymous_10)","decl":{"start":{"line":146,"column":17},"end":{"line":146,"column":18}},"loc":{"start":{"line":146,"column":29},"end":{"line":221,"column":1}},"line":146},"11":{"name":"(anonymous_11)","decl":{"start":{"line":147,"column":9},"end":{"line":147,"column":10}},"loc":{"start":{"line":147,"column":29},"end":{"line":220,"column":3}},"line":147},"12":{"name":"(anonymous_12)","decl":{"start":{"line":250,"column":18},"end":{"line":250,"column":19}},"loc":{"start":{"line":250,"column":26},"end":{"line":250,"column":48}},"line":250},"13":{"name":"(anonymous_13)","decl":{"start":{"line":274,"column":18},"end":{"line":274,"column":19}},"loc":{"start":{"line":274,"column":27},"end":{"line":279,"column":9}},"line":274},"14":{"name":"(anonymous_14)","decl":{"start":{"line":278,"column":25},"end":{"line":278,"column":26}},"loc":{"start":{"line":278,"column":31},"end":{"line":278,"column":53}},"line":278},"15":{"name":"(anonymous_15)","decl":{"start":{"line":283,"column":18},"end":{"line":283,"column":19}},"loc":{"start":{"line":283,"column":28},"end":{"line":283,"column":53}},"line":283},"16":{"name":"(anonymous_16)","decl":{"start":{"line":287,"column":18},"end":{"line":287,"column":19}},"loc":{"start":{"line":287,"column":30},"end":{"line":287,"column":56}},"line":287},"17":{"name":"(anonymous_17)","decl":{"start":{"line":297,"column":18},"end":{"line":297,"column":19}},"loc":{"start":{"line":297,"column":29},"end":{"line":297,"column":58}},"line":297},"18":{"name":"(anonymous_18)","decl":{"start":{"line":301,"column":18},"end":{"line":301,"column":19}},"loc":{"start":{"line":301,"column":30},"end":{"line":301,"column":55}},"line":301},"19":{"name":"(anonymous_19)","decl":{"start":{"line":320,"column":21},"end":{"line":320,"column":22}},"loc":{"start":{"line":320,"column":41},"end":{"line":334,"column":1}},"line":320},"20":{"name":"(anonymous_20)","decl":{"start":{"line":340,"column":2},"end":{"line":340,"column":3}},"loc":{"start":{"line":340,"column":16},"end":{"line":342,"column":3}},"line":340},"21":{"name":"(anonymous_21)","decl":{"start":{"line":344,"column":2},"end":{"line":344,"column":3}},"loc":{"start":{"line":344,"column":66},"end":{"line":370,"column":3}},"line":344},"22":{"name":"(anonymous_22)","decl":{"start":{"line":355,"column":46},"end":{"line":355,"column":47}},"loc":{"start":{"line":355,"column":54},"end":{"line":355,"column":75}},"line":355},"23":{"name":"(anonymous_23)","decl":{"start":{"line":372,"column":2},"end":{"line":372,"column":3}},"loc":{"start":{"line":372,"column":20},"end":{"line":374,"column":3}},"line":372},"24":{"name":"(anonymous_24)","decl":{"start":{"line":382,"column":18},"end":{"line":382,"column":19}},"loc":{"start":{"line":382,"column":68},"end":{"line":395,"column":1}},"line":382},"25":{"name":"(anonymous_25)","decl":{"start":{"line":383,"column":9},"end":{"line":383,"column":10}},"loc":{"start":{"line":383,"column":29},"end":{"line":394,"column":3}},"line":383}},"branchMap":{"0":{"loc":{"start":{"line":9,"column":29},"end":{"line":9,"column":44}},"type":"default-arg","locations":[{"start":{"line":9,"column":41},"end":{"line":9,"column":44}}],"line":9},"1":{"loc":{"start":{"line":10,"column":2},"end":{"line":10,"column":41}},"type":"if","locations":[{"start":{"line":10,"column":2},"end":{"line":10,"column":41}},{"start":{},"end":{}}],"line":10},"2":{"loc":{"start":{"line":22,"column":29},"end":{"line":22,"column":44}},"type":"default-arg","locations":[{"start":{"line":22,"column":35},"end":{"line":22,"column":44}}],"line":22},"3":{"loc":{"start":{"line":22,"column":46},"end":{"line":22,"column":60}},"type":"default-arg","locations":[{"start":{"line":22,"column":52},"end":{"line":22,"column":60}}],"line":22},"4":{"loc":{"start":{"line":24,"column":2},"end":{"line":26,"column":3}},"type":"if","locations":[{"start":{"line":24,"column":2},"end":{"line":26,"column":3}},{"start":{},"end":{}}],"line":24},"5":{"loc":{"start":{"line":27,"column":2},"end":{"line":29,"column":3}},"type":"if","locations":[{"start":{"line":27,"column":2},"end":{"line":29,"column":3}},{"start":{},"end":{}}],"line":27},"6":{"loc":{"start":{"line":27,"column":6},"end":{"line":27,"column":34}},"type":"binary-expr","locations":[{"start":{"line":27,"column":6},"end":{"line":27,"column":18}},{"start":{"line":27,"column":22},"end":{"line":27,"column":34}}],"line":27},"7":{"loc":{"start":{"line":37,"column":2},"end":{"line":39,"column":3}},"type":"if","locations":[{"start":{"line":37,"column":2},"end":{"line":39,"column":3}},{"start":{},"end":{}}],"line":37},"8":{"loc":{"start":{"line":42,"column":2},"end":{"line":44,"column":3}},"type":"if","locations":[{"start":{"line":42,"column":2},"end":{"line":44,"column":3}},{"start":{},"end":{}}],"line":42},"9":{"loc":{"start":{"line":75,"column":2},"end":{"line":77,"column":3}},"type":"if","locations":[{"start":{"line":75,"column":2},"end":{"line":77,"column":3}},{"start":{},"end":{}}],"line":75},"10":{"loc":{"start":{"line":81,"column":2},"end":{"line":83,"column":3}},"type":"if","locations":[{"start":{"line":81,"column":2},"end":{"line":83,"column":3}},{"start":{},"end":{}}],"line":81},"11":{"loc":{"start":{"line":85,"column":2},"end":{"line":87,"column":3}},"type":"if","locations":[{"start":{"line":85,"column":2},"end":{"line":87,"column":3}},{"start":{},"end":{}}],"line":85},"12":{"loc":{"start":{"line":96,"column":2},"end":{"line":98,"column":3}},"type":"if","locations":[{"start":{"line":96,"column":2},"end":{"line":98,"column":3}},{"start":{},"end":{}}],"line":96},"13":{"loc":{"start":{"line":96,"column":6},"end":{"line":96,"column":39}},"type":"binary-expr","locations":[{"start":{"line":96,"column":6},"end":{"line":96,"column":11}},{"start":{"line":96,"column":15},"end":{"line":96,"column":39}}],"line":96},"14":{"loc":{"start":{"line":102,"column":31},"end":{"line":102,"column":49}},"type":"binary-expr","locations":[{"start":{"line":102,"column":31},"end":{"line":102,"column":44}},{"start":{"line":102,"column":48},"end":{"line":102,"column":49}}],"line":102},"15":{"loc":{"start":{"line":103,"column":13},"end":{"line":103,"column":63}},"type":"cond-expr","locations":[{"start":{"line":103,"column":28},"end":{"line":103,"column":56}},{"start":{"line":103,"column":59},"end":{"line":103,"column":63}}],"line":103},"16":{"loc":{"start":{"line":110,"column":29},"end":{"line":110,"column":38}},"type":"default-arg","locations":[{"start":{"line":110,"column":37},"end":{"line":110,"column":38}}],"line":110},"17":{"loc":{"start":{"line":111,"column":2},"end":{"line":113,"column":3}},"type":"if","locations":[{"start":{"line":111,"column":2},"end":{"line":113,"column":3}},{"start":{},"end":{}}],"line":111},"18":{"loc":{"start":{"line":115,"column":2},"end":{"line":115,"column":52}},"type":"if","locations":[{"start":{"line":115,"column":2},"end":{"line":115,"column":52}},{"start":{},"end":{}}],"line":115},"19":{"loc":{"start":{"line":115,"column":6},"end":{"line":115,"column":39}},"type":"binary-expr","locations":[{"start":{"line":115,"column":6},"end":{"line":115,"column":18}},{"start":{"line":115,"column":22},"end":{"line":115,"column":39}}],"line":115},"20":{"loc":{"start":{"line":117,"column":2},"end":{"line":119,"column":3}},"type":"if","locations":[{"start":{"line":117,"column":2},"end":{"line":119,"column":3}},{"start":{},"end":{}}],"line":117},"21":{"loc":{"start":{"line":121,"column":2},"end":{"line":123,"column":3}},"type":"if","locations":[{"start":{"line":121,"column":2},"end":{"line":123,"column":3}},{"start":{},"end":{}}],"line":121},"22":{"loc":{"start":{"line":121,"column":6},"end":{"line":121,"column":57}},"type":"binary-expr","locations":[{"start":{"line":121,"column":6},"end":{"line":121,"column":29}},{"start":{"line":121,"column":33},"end":{"line":121,"column":57}}],"line":121},"23":{"loc":{"start":{"line":125,"column":2},"end":{"line":127,"column":3}},"type":"if","locations":[{"start":{"line":125,"column":2},"end":{"line":127,"column":3}},{"start":{},"end":{}}],"line":125},"24":{"loc":{"start":{"line":129,"column":2},"end":{"line":138,"column":3}},"type":"if","locations":[{"start":{"line":129,"column":2},"end":{"line":138,"column":3}},{"start":{},"end":{}}],"line":129},"25":{"loc":{"start":{"line":133,"column":6},"end":{"line":135,"column":7}},"type":"if","locations":[{"start":{"line":133,"column":6},"end":{"line":135,"column":7}},{"start":{},"end":{}}],"line":133},"26":{"loc":{"start":{"line":152,"column":6},"end":{"line":167,"column":7}},"type":"if","locations":[{"start":{"line":152,"column":6},"end":{"line":167,"column":7}},{"start":{},"end":{}}],"line":152},"27":{"loc":{"start":{"line":155,"column":12},"end":{"line":158,"column":13}},"type":"if","locations":[{"start":{"line":155,"column":12},"end":{"line":158,"column":13}},{"start":{},"end":{}}],"line":155},"28":{"loc":{"start":{"line":155,"column":16},"end":{"line":155,"column":54}},"type":"binary-expr","locations":[{"start":{"line":155,"column":16},"end":{"line":155,"column":34}},{"start":{"line":155,"column":38},"end":{"line":155,"column":54}}],"line":155},"29":{"loc":{"start":{"line":160,"column":12},"end":{"line":162,"column":13}},"type":"if","locations":[{"start":{"line":160,"column":12},"end":{"line":162,"column":13}},{"start":{},"end":{}}],"line":160},"30":{"loc":{"start":{"line":170,"column":6},"end":{"line":185,"column":7}},"type":"if","locations":[{"start":{"line":170,"column":6},"end":{"line":185,"column":7}},{"start":{},"end":{}}],"line":170},"31":{"loc":{"start":{"line":173,"column":12},"end":{"line":176,"column":13}},"type":"if","locations":[{"start":{"line":173,"column":12},"end":{"line":176,"column":13}},{"start":{},"end":{}}],"line":173},"32":{"loc":{"start":{"line":173,"column":16},"end":{"line":173,"column":56}},"type":"binary-expr","locations":[{"start":{"line":173,"column":16},"end":{"line":173,"column":34}},{"start":{"line":173,"column":38},"end":{"line":173,"column":56}}],"line":173},"33":{"loc":{"start":{"line":178,"column":12},"end":{"line":180,"column":13}},"type":"if","locations":[{"start":{"line":178,"column":12},"end":{"line":180,"column":13}},{"start":{},"end":{}}],"line":178},"34":{"loc":{"start":{"line":188,"column":6},"end":{"line":203,"column":7}},"type":"if","locations":[{"start":{"line":188,"column":6},"end":{"line":203,"column":7}},{"start":{},"end":{}}],"line":188},"35":{"loc":{"start":{"line":191,"column":12},"end":{"line":194,"column":13}},"type":"if","locations":[{"start":{"line":191,"column":12},"end":{"line":194,"column":13}},{"start":{},"end":{}}],"line":191},"36":{"loc":{"start":{"line":191,"column":16},"end":{"line":191,"column":55}},"type":"binary-expr","locations":[{"start":{"line":191,"column":16},"end":{"line":191,"column":34}},{"start":{"line":191,"column":38},"end":{"line":191,"column":55}}],"line":191},"37":{"loc":{"start":{"line":196,"column":12},"end":{"line":198,"column":13}},"type":"if","locations":[{"start":{"line":196,"column":12},"end":{"line":198,"column":13}},{"start":{},"end":{}}],"line":196},"38":{"loc":{"start":{"line":205,"column":6},"end":{"line":210,"column":7}},"type":"if","locations":[{"start":{"line":205,"column":6},"end":{"line":210,"column":7}},{"start":{},"end":{}}],"line":205},"39":{"loc":{"start":{"line":275,"column":10},"end":{"line":277,"column":11}},"type":"if","locations":[{"start":{"line":275,"column":10},"end":{"line":277,"column":11}},{"start":{},"end":{}}],"line":275},"40":{"loc":{"start":{"line":275,"column":14},"end":{"line":275,"column":53}},"type":"binary-expr","locations":[{"start":{"line":275,"column":14},"end":{"line":275,"column":33}},{"start":{"line":275,"column":37},"end":{"line":275,"column":53}}],"line":275},"41":{"loc":{"start":{"line":321,"column":2},"end":{"line":333,"column":3}},"type":"if","locations":[{"start":{"line":321,"column":2},"end":{"line":333,"column":3}},{"start":{"line":331,"column":9},"end":{"line":333,"column":3}}],"line":321},"42":{"loc":{"start":{"line":321,"column":6},"end":{"line":321,"column":46}},"type":"binary-expr","locations":[{"start":{"line":321,"column":6},"end":{"line":321,"column":14}},{"start":{"line":321,"column":18},"end":{"line":321,"column":46}}],"line":321},"43":{"loc":{"start":{"line":344,"column":20},"end":{"line":344,"column":37}},"type":"default-arg","locations":[{"start":{"line":344,"column":34},"end":{"line":344,"column":37}}],"line":344},"44":{"loc":{"start":{"line":344,"column":39},"end":{"line":344,"column":64}},"type":"default-arg","locations":[{"start":{"line":344,"column":50},"end":{"line":344,"column":64}}],"line":344},"45":{"loc":{"start":{"line":348,"column":4},"end":{"line":350,"column":5}},"type":"if","locations":[{"start":{"line":348,"column":4},"end":{"line":350,"column":5}},{"start":{},"end":{}}],"line":348},"46":{"loc":{"start":{"line":359,"column":4},"end":{"line":363,"column":5}},"type":"if","locations":[{"start":{"line":359,"column":4},"end":{"line":363,"column":5}},{"start":{},"end":{}}],"line":359},"47":{"loc":{"start":{"line":382,"column":19},"end":{"line":382,"column":36}},"type":"default-arg","locations":[{"start":{"line":382,"column":33},"end":{"line":382,"column":36}}],"line":382},"48":{"loc":{"start":{"line":382,"column":38},"end":{"line":382,"column":63}},"type":"default-arg","locations":[{"start":{"line":382,"column":49},"end":{"line":382,"column":63}}],"line":382},"49":{"loc":{"start":{"line":385,"column":25},"end":{"line":385,"column":63}},"type":"binary-expr","locations":[{"start":{"line":385,"column":25},"end":{"line":385,"column":31}},{"start":{"line":385,"column":35},"end":{"line":385,"column":63}}],"line":385}},"s":{"0":0,"1":0,"2":0,"3":0,"4":0,"5":0,"6":0,"7":0,"8":0,"9":0,"10":0,"11":0,"12":0,"13":0,"14":0,"15":0,"16":0,"17":0,"18":0,"19":0,"20":0,"21":0,"22":0,"23":0,"24":0,"25":0,"26":0,"27":0,"28":0,"29":0,"30":0,"31":0,"32":0,"33":0,"34":0,"35":0,"36":0,"37":0,"38":0,"39":0,"40":0,"41":0,"42":0,"43":0,"44":0,"45":0,"46":0,"47":0,"48":0,"49":0,"50":0,"51":0,"52":0,"53":0,"54":0,"55":0,"56":0,"57":0,"58":0,"59":0,"60":0,"61":0,"62":0,"63":0,"64":0,"65":0,"66":0,"67":0,"68":0,"69":0,"70":0,"71":0,"72":0,"73":0,"74":0,"75":0,"76":0,"77":0,"78":0,"79":0,"80":0,"81":0,"82":0,"83":0,"84":0,"85":0,"86":0,"87":0,"88":0,"89":0,"90":0,"91":0,"92":0,"93":0,"94":0,"95":0,"96":0,"97":0,"98":0,"99":0,"100":0,"101":0,"102":0,"103":0,"104":0,"105":0,"106":0,"107":0,"108":0,"109":0,"110":0,"111":0,"112":0,"113":0,"114":0,"115":0,"116":0,"117":0,"118":0,"119":0,"120":0,"121":0,"122":0,"123":0,"124":0,"125":0,"126":0,"127":0,"128":0,"129":0,"130":0,"131":0,"132":0,"133":0,"134":0,"135":0,"136":0},"f":{"0":0,"1":0,"2":0,"3":0,"4":0,"5":0,"6":0,"7":0,"8":0,"9":0,"10":0,"11":0,"12":0,"13":0,"14":0,"15":0,"16":0,"17":0,"18":0,"19":0,"20":0,"21":0,"22":0,"23":0,"24":0,"25":0},"b":{"0":[0],"1":[0,0],"2":[0],"3":[0],"4":[0,0],"5":[0,0],"6":[0,0],"7":[0,0],"8":[0,0],"9":[0,0],"10":[0,0],"11":[0,0],"12":[0,0],"13":[0,0],"14":[0,0],"15":[0,0],"16":[0],"17":[0,0],"18":[0,0],"19":[0,0],"20":[0,0],"21":[0,0],"22":[0,0],"23":[0,0],"24":[0,0],"25":[0,0],"26":[0,0],"27":[0,0],"28":[0,0],"29":[0,0],"30":[0,0],"31":[0,0],"32":[0,0],"33":[0,0],"34":[0,0],"35":[0,0],"36":[0,0],"37":[0,0],"38":[0,0],"39":[0,0],"40":[0,0],"41":[0,0],"42":[0,0],"43":[0],"44":[0],"45":[0,0],"46":[0,0],"47":[0],"48":[0],"49":[0,0]}}
,"D:\\Desktop\\Cong_Nghe_Phan _Mem_Moi\\BaiTap_7\\backend\\src\\resolvers\\index.js": {"path":"D:\\Desktop\\Cong_Nghe_Phan _Mem_Moi\\BaiTap_7\\backend\\src\\resolvers\\index.js","statementMap":{"0":{"start":{"line":1,"column":64},"end":{"line":1,"column":96}},"1":{"start":{"line":2,"column":19},"end":{"line":2,"column":51}},"2":{"start":{"line":4,"column":15},"end":{"line":4,"column":27}},"3":{"start":{"line":5,"column":21},"end":{"line":5,"column":35}},"4":{"start":{"line":8,"column":20},"end":{"line":13,"column":1}},"5":{"start":{"line":9,"column":2},"end":{"line":11,"column":3}},"6":{"start":{"line":10,"column":4},"end":{"line":10,"column":59}},"7":{"start":{"line":12,"column":2},"end":{"line":12,"column":22}},"8":{"start":{"line":16,"column":22},"end":{"line":21,"column":1}},"9":{"start":{"line":17,"column":2},"end":{"line":19,"column":3}},"10":{"start":{"line":18,"column":4},"end":{"line":18,"column":48}},"11":{"start":{"line":20,"column":2},"end":{"line":20,"column":15}},"12":{"start":{"line":23,"column":18},"end":{"line":507,"column":1}},"13":{"start":{"line":27,"column":19},"end":{"line":27,"column":39}},"14":{"start":{"line":29,"column":6},"end":{"line":41,"column":7}},"15":{"start":{"line":30,"column":19},"end":{"line":30,"column":63}},"16":{"start":{"line":33,"column":8},"end":{"line":35,"column":9}},"17":{"start":{"line":34,"column":10},"end":{"line":34,"column":68}},"18":{"start":{"line":37,"column":8},"end":{"line":37,"column":20}},"19":{"start":{"line":39,"column":8},"end":{"line":39,"column":53}},"20":{"start":{"line":40,"column":8},"end":{"line":40,"column":48}},"21":{"start":{"line":46,"column":6},"end":{"line":52,"column":7}},"22":{"start":{"line":47,"column":25},"end":{"line":47,"column":77}},"23":{"start":{"line":48,"column":8},"end":{"line":48,"column":24}},"24":{"start":{"line":50,"column":8},"end":{"line":50,"column":57}},"25":{"start":{"line":51,"column":8},"end":{"line":51,"column":52}},"26":{"start":{"line":57,"column":6},"end":{"line":68,"column":7}},"27":{"start":{"line":58,"column":24},"end":{"line":58,"column":62}},"28":{"start":{"line":60,"column":8},"end":{"line":62,"column":9}},"29":{"start":{"line":61,"column":10},"end":{"line":61,"column":56}},"30":{"start":{"line":64,"column":8},"end":{"line":64,"column":23}},"31":{"start":{"line":66,"column":8},"end":{"line":66,"column":56}},"32":{"start":{"line":67,"column":8},"end":{"line":67,"column":51}},"33":{"start":{"line":73,"column":19},"end":{"line":73,"column":39}},"34":{"start":{"line":75,"column":6},"end":{"line":111,"column":7}},"35":{"start":{"line":76,"column":30},"end":{"line":76,"column":63}},"36":{"start":{"line":78,"column":25},"end":{"line":78,"column":77}},"37":{"start":{"line":80,"column":8},"end":{"line":85,"column":9}},"38":{"start":{"line":81,"column":10},"end":{"line":84,"column":12}},"39":{"start":{"line":88,"column":8},"end":{"line":93,"column":9}},"40":{"start":{"line":89,"column":10},"end":{"line":92,"column":12}},"41":{"start":{"line":96,"column":8},"end":{"line":101,"column":9}},"42":{"start":{"line":97,"column":10},"end":{"line":100,"column":12}},"43":{"start":{"line":103,"column":8},"end":{"line":107,"column":10}},"44":{"start":{"line":109,"column":8},"end":{"line":109,"column":59}},"45":{"start":{"line":110,"column":8},"end":{"line":110,"column":60}},"46":{"start":{"line":118,"column":19},"end":{"line":118,"column":39}},"47":{"start":{"line":120,"column":6},"end":{"line":163,"column":7}},"48":{"start":{"line":121,"column":49},"end":{"line":121,"column":54}},"49":{"start":{"line":124,"column":8},"end":{"line":126,"column":9}},"50":{"start":{"line":125,"column":10},"end":{"line":125,"column":73}},"51":{"start":{"line":129,"column":24},"end":{"line":129,"column":69}},"52":{"start":{"line":130,"column":8},"end":{"line":132,"column":9}},"53":{"start":{"line":131,"column":10},"end":{"line":131,"column":56}},"54":{"start":{"line":135,"column":8},"end":{"line":137,"column":9}},"55":{"start":{"line":136,"column":10},"end":{"line":136,"column":57}},"56":{"start":{"line":140,"column":19},"end":{"line":140,"column":63}},"57":{"start":{"line":141,"column":8},"end":{"line":143,"column":9}},"58":{"start":{"line":142,"column":10},"end":{"line":142,"column":68}},"59":{"start":{"line":146,"column":8},"end":{"line":151,"column":11}},"60":{"start":{"line":154,"column":8},"end":{"line":157,"column":11}},"61":{"start":{"line":159,"column":8},"end":{"line":159,"column":20}},"62":{"start":{"line":161,"column":8},"end":{"line":161,"column":54}},"63":{"start":{"line":162,"column":8},"end":{"line":162,"column":20}},"64":{"start":{"line":168,"column":19},"end":{"line":168,"column":39}},"65":{"start":{"line":170,"column":6},"end":{"line":212,"column":7}},"66":{"start":{"line":171,"column":37},"end":{"line":171,"column":42}},"67":{"start":{"line":174,"column":8},"end":{"line":176,"column":9}},"68":{"start":{"line":175,"column":10},"end":{"line":175,"column":73}},"69":{"start":{"line":178,"column":21},"end":{"line":178,"column":65}},"70":{"start":{"line":179,"column":8},"end":{"line":181,"column":9}},"71":{"start":{"line":180,"column":10},"end":{"line":180,"column":53}},"72":{"start":{"line":184,"column":21},"end":{"line":184,"column":58}},"73":{"start":{"line":184,"column":42},"end":{"line":184,"column":57}},"74":{"start":{"line":185,"column":8},"end":{"line":187,"column":9}},"75":{"start":{"line":186,"column":10},"end":{"line":186,"column":61}},"76":{"start":{"line":190,"column":24},"end":{"line":190,"column":74}},"77":{"start":{"line":191,"column":8},"end":{"line":193,"column":9}},"78":{"start":{"line":192,"column":10},"end":{"line":192,"column":57}},"79":{"start":{"line":196,"column":28},"end":{"line":200,"column":9}},"80":{"start":{"line":203,"column":8},"end":{"line":206,"column":11}},"81":{"start":{"line":208,"column":8},"end":{"line":208,"column":27}},"82":{"start":{"line":210,"column":8},"end":{"line":210,"column":58}},"83":{"start":{"line":211,"column":8},"end":{"line":211,"column":20}},"84":{"start":{"line":217,"column":19},"end":{"line":217,"column":39}},"85":{"start":{"line":219,"column":6},"end":{"line":237,"column":7}},"86":{"start":{"line":220,"column":21},"end":{"line":220,"column":65}},"87":{"start":{"line":221,"column":8},"end":{"line":223,"column":9}},"88":{"start":{"line":222,"column":10},"end":{"line":222,"column":53}},"89":{"start":{"line":225,"column":28},"end":{"line":225,"column":78}},"90":{"start":{"line":228,"column":8},"end":{"line":231,"column":11}},"91":{"start":{"line":233,"column":8},"end":{"line":233,"column":27}},"92":{"start":{"line":235,"column":8},"end":{"line":235,"column":58}},"93":{"start":{"line":236,"column":8},"end":{"line":236,"column":20}},"94":{"start":{"line":242,"column":19},"end":{"line":242,"column":39}},"95":{"start":{"line":244,"column":6},"end":{"line":265,"column":7}},"96":{"start":{"line":245,"column":21},"end":{"line":245,"column":65}},"97":{"start":{"line":246,"column":8},"end":{"line":248,"column":9}},"98":{"start":{"line":247,"column":10},"end":{"line":247,"column":53}},"99":{"start":{"line":250,"column":28},"end":{"line":253,"column":9}},"100":{"start":{"line":256,"column":8},"end":{"line":259,"column":11}},"101":{"start":{"line":261,"column":8},"end":{"line":261,"column":27}},"102":{"start":{"line":263,"column":8},"end":{"line":263,"column":63}},"103":{"start":{"line":264,"column":8},"end":{"line":264,"column":20}},"104":{"start":{"line":270,"column":19},"end":{"line":270,"column":39}},"105":{"start":{"line":272,"column":6},"end":{"line":290,"column":7}},"106":{"start":{"line":273,"column":21},"end":{"line":273,"column":65}},"107":{"start":{"line":274,"column":8},"end":{"line":276,"column":9}},"108":{"start":{"line":275,"column":10},"end":{"line":275,"column":53}},"109":{"start":{"line":278,"column":28},"end":{"line":278,"column":65}},"110":{"start":{"line":281,"column":8},"end":{"line":284,"column":11}},"111":{"start":{"line":286,"column":8},"end":{"line":286,"column":27}},"112":{"start":{"line":288,"column":8},"end":{"line":288,"column":53}},"113":{"start":{"line":289,"column":8},"end":{"line":289,"column":20}},"114":{"start":{"line":295,"column":19},"end":{"line":295,"column":39}},"115":{"start":{"line":297,"column":6},"end":{"line":330,"column":7}},"116":{"start":{"line":298,"column":25},"end":{"line":298,"column":30}},"117":{"start":{"line":299,"column":30},"end":{"line":299,"column":63}},"118":{"start":{"line":302,"column":25},"end":{"line":302,"column":77}},"119":{"start":{"line":303,"column":8},"end":{"line":305,"column":9}},"120":{"start":{"line":304,"column":10},"end":{"line":304,"column":60}},"121":{"start":{"line":307,"column":21},"end":{"line":307,"column":65}},"122":{"start":{"line":308,"column":8},"end":{"line":310,"column":9}},"123":{"start":{"line":309,"column":10},"end":{"line":309,"column":53}},"124":{"start":{"line":312,"column":28},"end":{"line":315,"column":9}},"125":{"start":{"line":318,"column":8},"end":{"line":318,"column":63}},"126":{"start":{"line":321,"column":8},"end":{"line":324,"column":11}},"127":{"start":{"line":326,"column":8},"end":{"line":326,"column":27}},"128":{"start":{"line":328,"column":8},"end":{"line":328,"column":57}},"129":{"start":{"line":329,"column":8},"end":{"line":329,"column":20}},"130":{"start":{"line":335,"column":19},"end":{"line":335,"column":39}},"131":{"start":{"line":337,"column":6},"end":{"line":355,"column":7}},"132":{"start":{"line":338,"column":21},"end":{"line":338,"column":65}},"133":{"start":{"line":339,"column":8},"end":{"line":341,"column":9}},"134":{"start":{"line":340,"column":10},"end":{"line":340,"column":53}},"135":{"start":{"line":343,"column":28},"end":{"line":343,"column":74}},"136":{"start":{"line":346,"column":8},"end":{"line":349,"column":11}},"137":{"start":{"line":351,"column":8},"end":{"line":351,"column":27}},"138":{"start":{"line":353,"column":8},"end":{"line":353,"column":57}},"139":{"start":{"line":354,"column":8},"end":{"line":354,"column":20}},"140":{"start":{"line":360,"column":19},"end":{"line":360,"column":39}},"141":{"start":{"line":362,"column":6},"end":{"line":436,"column":7}},"142":{"start":{"line":363,"column":64},"end":{"line":363,"column":69}},"143":{"start":{"line":366,"column":8},"end":{"line":368,"column":9}},"144":{"start":{"line":367,"column":10},"end":{"line":367,"column":69}},"145":{"start":{"line":370,"column":21},"end":{"line":370,"column":65}},"146":{"start":{"line":371,"column":8},"end":{"line":373,"column":9}},"147":{"start":{"line":372,"column":10},"end":{"line":372,"column":53}},"148":{"start":{"line":376,"column":30},"end":{"line":378,"column":9}},"149":{"start":{"line":377,"column":10},"end":{"line":377,"column":39}},"150":{"start":{"line":380,"column":8},"end":{"line":382,"column":9}},"151":{"start":{"line":381,"column":10},"end":{"line":381,"column":71}},"152":{"start":{"line":385,"column":8},"end":{"line":392,"column":9}},"153":{"start":{"line":386,"column":26},"end":{"line":386,"column":76}},"154":{"start":{"line":387,"column":10},"end":{"line":391,"column":11}},"155":{"start":{"line":388,"column":12},"end":{"line":390,"column":14}},"156":{"start":{"line":395,"column":25},"end":{"line":398,"column":9}},"157":{"start":{"line":396,"column":25},"end":{"line":396,"column":44}},"158":{"start":{"line":400,"column":20},"end":{"line":400,"column":34}},"159":{"start":{"line":401,"column":25},"end":{"line":401,"column":49}},"160":{"start":{"line":402,"column":22},"end":{"line":402,"column":47}},"161":{"start":{"line":405,"column":22},"end":{"line":414,"column":10}},"162":{"start":{"line":417,"column":8},"end":{"line":422,"column":9}},"163":{"start":{"line":418,"column":10},"end":{"line":421,"column":12}},"164":{"start":{"line":425,"column":8},"end":{"line":425,"column":73}},"165":{"start":{"line":427,"column":8},"end":{"line":432,"column":10}},"166":{"start":{"line":434,"column":8},"end":{"line":434,"column":55}},"167":{"start":{"line":435,"column":8},"end":{"line":435,"column":20}},"168":{"start":{"line":444,"column":8},"end":{"line":446,"column":9}},"169":{"start":{"line":445,"column":10},"end":{"line":445,"column":77}},"170":{"start":{"line":448,"column":8},"end":{"line":448,"column":52}},"171":{"start":{"line":456,"column":6},"end":{"line":456,"column":30}},"172":{"start":{"line":460,"column":6},"end":{"line":460,"column":70}},"173":{"start":{"line":460,"column":46},"end":{"line":460,"column":65}},"174":{"start":{"line":464,"column":6},"end":{"line":464,"column":70}},"175":{"start":{"line":464,"column":46},"end":{"line":464,"column":65}},"176":{"start":{"line":468,"column":6},"end":{"line":468,"column":35}},"177":{"start":{"line":468,"column":26},"end":{"line":468,"column":35}},"178":{"start":{"line":469,"column":23},"end":{"line":469,"column":79}},"179":{"start":{"line":469,"column":56},"end":{"line":469,"column":75}},"180":{"start":{"line":470,"column":6},"end":{"line":470,"column":46}},"181":{"start":{"line":474,"column":23},"end":{"line":474,"column":79}},"182":{"start":{"line":474,"column":56},"end":{"line":474,"column":75}},"183":{"start":{"line":475,"column":29},"end":{"line":477,"column":11}},"184":{"start":{"line":478,"column":6},"end":{"line":478,"column":47}},"185":{"start":{"line":482,"column":23},"end":{"line":482,"column":79}},"186":{"start":{"line":482,"column":56},"end":{"line":482,"column":75}},"187":{"start":{"line":483,"column":6},"end":{"line":483,"column":38}},"188":{"start":{"line":487,"column":23},"end":{"line":487,"column":79}},"189":{"start":{"line":487,"column":56},"end":{"line":487,"column":75}},"190":{"start":{"line":488,"column":29},"end":{"line":490,"column":11}},"191":{"start":{"line":491,"column":28},"end":{"line":491,"column":53}},"192":{"start":{"line":492,"column":18},"end":{"line":492,"column":37}},"193":{"start":{"line":493,"column":23},"end":{"line":493,"column":47}},"194":{"start":{"line":494,"column":6},"end":{"line":494,"column":44}},"195":{"start":{"line":500,"column":6},"end":{"line":500,"column":68}},"196":{"start":{"line":504,"column":6},"end":{"line":504,"column":48}},"197":{"start":{"line":509,"column":0},"end":{"line":509,"column":27}}},"fnMap":{"0":{"name":"(anonymous_0)","decl":{"start":{"line":8,"column":20},"end":{"line":8,"column":21}},"loc":{"start":{"line":8,"column":33},"end":{"line":13,"column":1}},"line":8},"1":{"name":"(anonymous_1)","decl":{"start":{"line":16,"column":22},"end":{"line":16,"column":23}},"loc":{"start":{"line":16,"column":33},"end":{"line":21,"column":1}},"line":16},"2":{"name":"(anonymous_2)","decl":{"start":{"line":26,"column":13},"end":{"line":26,"column":14}},"loc":{"start":{"line":26,"column":39},"end":{"line":42,"column":5}},"line":26},"3":{"name":"(anonymous_3)","decl":{"start":{"line":45,"column":17},"end":{"line":45,"column":18}},"loc":{"start":{"line":45,"column":67},"end":{"line":53,"column":5}},"line":45},"4":{"name":"(anonymous_4)","decl":{"start":{"line":56,"column":16},"end":{"line":56,"column":17}},"loc":{"start":{"line":56,"column":46},"end":{"line":69,"column":5}},"line":56},"5":{"name":"(anonymous_5)","decl":{"start":{"line":72,"column":26},"end":{"line":72,"column":27}},"loc":{"start":{"line":72,"column":58},"end":{"line":112,"column":5}},"line":72},"6":{"name":"(anonymous_6)","decl":{"start":{"line":117,"column":15},"end":{"line":117,"column":16}},"loc":{"start":{"line":117,"column":48},"end":{"line":164,"column":5}},"line":117},"7":{"name":"(anonymous_7)","decl":{"start":{"line":167,"column":20},"end":{"line":167,"column":21}},"loc":{"start":{"line":167,"column":53},"end":{"line":213,"column":5}},"line":167},"8":{"name":"(anonymous_8)","decl":{"start":{"line":184,"column":37},"end":{"line":184,"column":38}},"loc":{"start":{"line":184,"column":42},"end":{"line":184,"column":57}},"line":184},"9":{"name":"(anonymous_9)","decl":{"start":{"line":216,"column":20},"end":{"line":216,"column":21}},"loc":{"start":{"line":216,"column":54},"end":{"line":238,"column":5}},"line":216},"10":{"name":"(anonymous_10)","decl":{"start":{"line":241,"column":25},"end":{"line":241,"column":26}},"loc":{"start":{"line":241,"column":60},"end":{"line":266,"column":5}},"line":241},"11":{"name":"(anonymous_11)","decl":{"start":{"line":269,"column":15},"end":{"line":269,"column":16}},"loc":{"start":{"line":269,"column":41},"end":{"line":291,"column":5}},"line":269},"12":{"name":"(anonymous_12)","decl":{"start":{"line":294,"column":19},"end":{"line":294,"column":20}},"loc":{"start":{"line":294,"column":52},"end":{"line":331,"column":5}},"line":294},"13":{"name":"(anonymous_13)","decl":{"start":{"line":334,"column":20},"end":{"line":334,"column":21}},"loc":{"start":{"line":334,"column":46},"end":{"line":356,"column":5}},"line":334},"14":{"name":"(anonymous_14)","decl":{"start":{"line":359,"column":14},"end":{"line":359,"column":15}},"loc":{"start":{"line":359,"column":47},"end":{"line":437,"column":5}},"line":359},"15":{"name":"(anonymous_15)","decl":{"start":{"line":376,"column":48},"end":{"line":376,"column":49}},"loc":{"start":{"line":377,"column":10},"end":{"line":377,"column":39}},"line":377},"16":{"name":"(anonymous_16)","decl":{"start":{"line":396,"column":10},"end":{"line":396,"column":11}},"loc":{"start":{"line":396,"column":25},"end":{"line":396,"column":44}},"line":396},"17":{"name":"(anonymous_17)","decl":{"start":{"line":442,"column":17},"end":{"line":442,"column":18}},"loc":{"start":{"line":442,"column":45},"end":{"line":449,"column":7}},"line":442},"18":{"name":"(anonymous_18)","decl":{"start":{"line":455,"column":11},"end":{"line":455,"column":12}},"loc":{"start":{"line":455,"column":39},"end":{"line":457,"column":5}},"line":455},"19":{"name":"(anonymous_19)","decl":{"start":{"line":459,"column":15},"end":{"line":459,"column":16}},"loc":{"start":{"line":459,"column":25},"end":{"line":461,"column":5}},"line":459},"20":{"name":"(anonymous_20)","decl":{"start":{"line":460,"column":31},"end":{"line":460,"column":32}},"loc":{"start":{"line":460,"column":46},"end":{"line":460,"column":65}},"line":460},"21":{"name":"(anonymous_21)","decl":{"start":{"line":463,"column":14},"end":{"line":463,"column":15}},"loc":{"start":{"line":463,"column":24},"end":{"line":465,"column":5}},"line":463},"22":{"name":"(anonymous_22)","decl":{"start":{"line":464,"column":31},"end":{"line":464,"column":32}},"loc":{"start":{"line":464,"column":46},"end":{"line":464,"column":65}},"line":464},"23":{"name":"(anonymous_23)","decl":{"start":{"line":467,"column":20},"end":{"line":467,"column":21}},"loc":{"start":{"line":467,"column":30},"end":{"line":471,"column":5}},"line":467},"24":{"name":"(anonymous_24)","decl":{"start":{"line":469,"column":41},"end":{"line":469,"column":42}},"loc":{"start":{"line":469,"column":56},"end":{"line":469,"column":75}},"line":469},"25":{"name":"(anonymous_25)","decl":{"start":{"line":473,"column":9},"end":{"line":473,"column":10}},"loc":{"start":{"line":473,"column":19},"end":{"line":479,"column":5}},"line":473},"26":{"name":"(anonymous_26)","decl":{"start":{"line":474,"column":41},"end":{"line":474,"column":42}},"loc":{"start":{"line":474,"column":56},"end":{"line":474,"column":75}},"line":474},"27":{"name":"(anonymous_27)","decl":{"start":{"line":481,"column":14},"end":{"line":481,"column":15}},"loc":{"start":{"line":481,"column":24},"end":{"line":484,"column":5}},"line":481},"28":{"name":"(anonymous_28)","decl":{"start":{"line":482,"column":41},"end":{"line":482,"column":42}},"loc":{"start":{"line":482,"column":56},"end":{"line":482,"column":75}},"line":482},"29":{"name":"(anonymous_29)","decl":{"start":{"line":486,"column":11},"end":{"line":486,"column":12}},"loc":{"start":{"line":486,"column":21},"end":{"line":495,"column":5}},"line":486},"30":{"name":"(anonymous_30)","decl":{"start":{"line":487,"column":41},"end":{"line":487,"column":42}},"loc":{"start":{"line":487,"column":56},"end":{"line":487,"column":75}},"line":487},"31":{"name":"(anonymous_31)","decl":{"start":{"line":499,"column":13},"end":{"line":499,"column":14}},"loc":{"start":{"line":499,"column":45},"end":{"line":501,"column":5}},"line":499},"32":{"name":"(anonymous_32)","decl":{"start":{"line":503,"column":14},"end":{"line":503,"column":15}},"loc":{"start":{"line":503,"column":28},"end":{"line":505,"column":5}},"line":503}},"branchMap":{"0":{"loc":{"start":{"line":9,"column":2},"end":{"line":11,"column":3}},"type":"if","locations":[{"start":{"line":9,"column":2},"end":{"line":11,"column":3}},{"start":{},"end":{}}],"line":9},"1":{"loc":{"start":{"line":17,"column":2},"end":{"line":19,"column":3}},"type":"if","locations":[{"start":{"line":17,"column":2},"end":{"line":19,"column":3}},{"start":{},"end":{}}],"line":17},"2":{"loc":{"start":{"line":33,"column":8},"end":{"line":35,"column":9}},"type":"if","locations":[{"start":{"line":33,"column":8},"end":{"line":35,"column":9}},{"start":{},"end":{}}],"line":33},"3":{"loc":{"start":{"line":45,"column":29},"end":{"line":45,"column":39}},"type":"default-arg","locations":[{"start":{"line":45,"column":37},"end":{"line":45,"column":39}}],"line":45},"4":{"loc":{"start":{"line":45,"column":41},"end":{"line":45,"column":51}},"type":"default-arg","locations":[{"start":{"line":45,"column":50},"end":{"line":45,"column":51}}],"line":45},"5":{"loc":{"start":{"line":60,"column":8},"end":{"line":62,"column":9}},"type":"if","locations":[{"start":{"line":60,"column":8},"end":{"line":62,"column":9}},{"start":{},"end":{}}],"line":60},"6":{"loc":{"start":{"line":80,"column":8},"end":{"line":85,"column":9}},"type":"if","locations":[{"start":{"line":80,"column":8},"end":{"line":85,"column":9}},{"start":{},"end":{}}],"line":80},"7":{"loc":{"start":{"line":88,"column":8},"end":{"line":93,"column":9}},"type":"if","locations":[{"start":{"line":88,"column":8},"end":{"line":93,"column":9}},{"start":{},"end":{}}],"line":88},"8":{"loc":{"start":{"line":88,"column":12},"end":{"line":88,"column":75}},"type":"binary-expr","locations":[{"start":{"line":88,"column":12},"end":{"line":88,"column":30}},{"start":{"line":88,"column":34},"end":{"line":88,"column":75}}],"line":88},"9":{"loc":{"start":{"line":96,"column":8},"
[...]
9}},"type":"if","locations":[{"start":{"line":191,"column":8},"end":{"line":193,"column":9}},{"start":{},"end":{}}],"line":191},"21":{"loc":{"start":{"line":221,"column":8},"end":{"line":223,"column":9}},"type":"if","locations":[{"start":{"line":221,"column":8},"end":{"line":223,"column":9}},{"start":{},"end":{}}],"line":221},"22":{"loc":{"start":{"line":246,"column":8},"end":{"line":248,"column":9}},"type":"if","locations":[{"start":{"line":246,"column":8},"end":{"line":248,"column":9}},{"start":{},"end":{}}],"line":246},"23":{"loc":{"start":{"line":274,"column":8},"end":{"line":276,"column":9}},"type":"if","locations":[{"start":{"line":274,"column":8},"end":{"line":276,"column":9}},{"start":{},"end":{}}],"line":274},"24":{"loc":{"start":{"line":303,"column":8},"end":{"line":305,"column":9}},"type":"if","locations":[{"start":{"line":303,"column":8},"end":{"line":305,"column":9}},{"start":{},"end":{}}],"line":303},"25":{"loc":{"start":{"line":303,"column":12},"end":{"line":303,"column":40}},"type":"binary-expr","locations":[{"start":{"line":303,"column":12},"end":{"line":303,"column":21}},{"start":{"line":303,"column":25},"end":{"line":303,"column":40}}],"line":303},"26":{"loc":{"start":{"line":308,"column":8},"end":{"line":310,"column":9}},"type":"if","locations":[{"start":{"line":308,"column":8},"end":{"line":310,"column":9}},{"start":{},"end":{}}],"line":308},"27":{"loc":{"start":{"line":339,"column":8},"end":{"line":341,"column":9}},"type":"if","locations":[{"start":{"line":339,"column":8},"end":{"line":341,"column":9}},{"start":{},"end":{}}],"line":339},"28":{"loc":{"start":{"line":366,"column":8},"end":{"line":368,"column":9}},"type":"if","locations":[{"start":{"line":366,"column":8},"end":{"line":368,"column":9}},{"start":{},"end":{}}],"line":366},"29":{"loc":{"start":{"line":366,"column":12},"end":{"line":366,"column":52}},"type":"binary-expr","locations":[{"start":{"line":366,"column":12},"end":{"line":366,"column":24}},{"start":{"line":366,"column":28},"end":{"line":366,"column":52}}],"line":366},"30":{"loc":{"start":{"line":371,"column":8},"end":{"line":373,"column":9}},"type":"if","locations":[{"start":{"line":371,"column":8},"end":{"line":373,"column":9}},{"start":{},"end":{}}],"line":371},"31":{"loc":{"start":{"line":380,"column":8},"end":{"line":382,"column":9}},"type":"if","locations":[{"start":{"line":380,"column":8},"end":{"line":382,"column":9}},{"start":{},"end":{}}],"line":380},"32":{"loc":{"start":{"line":387,"column":10},"end":{"line":391,"column":11}},"type":"if","locations":[{"start":{"line":387,"column":10},"end":{"line":391,"column":11}},{"start":{},"end":{}}],"line":387},"33":{"loc":{"start":{"line":401,"column":25},"end":{"line":401,"column":49}},"type":"cond-expr","locations":[{"start":{"line":401,"column":43},"end":{"line":401,"column":44}},{"start":{"line":401,"column":47},"end":{"line":401,"column":49}}],"line":401},"34":{"loc":{"start":{"line":444,"column":8},"end":{"line":446,"column":9}},"type":"if","locations":[{"start":{"line":444,"column":8},"end":{"line":446,"column":9}},{"start":{},"end":{}}],"line":444},"35":{"loc":{"start":{"line":456,"column":13},"end":{"line":456,"column":29}},"type":"binary-expr","locations":[{"start":{"line":456,"column":13},"end":{"line":456,"column":23}},{"start":{"line":456,"column":27},"end":{"line":456,"column":29}}],"line":456},"36":{"loc":{"start":{"line":468,"column":6},"end":{"line":468,"column":35}},"type":"if","locations":[{"start":{"line":468,"column":6},"end":{"line":468,"column":35}},{"start":{},"end":{}}],"line":468},"37":{"loc":{"start":{"line":475,"column":29},"end":{"line":477,"column":11}},"type":"cond-expr","locations":[{"start":{"line":476,"column":10},"end":{"line":476,"column":42}},{"start":{"line":477,"column":10},"end":{"line":477,"column":11}}],"line":475},"38":{"loc":{"start":{"line":483,"column":13},"end":{"line":483,"column":37}},"type":"cond-expr","locations":[{"start":{"line":483,"column":31},"end":{"line":483,"column":32}},{"start":{"line":483,"column":35},"end":{"line":483,"column":37}}],"line":483},"39":{"loc":{"start":{"line":488,"column":29},"end":{"line":490,"column":11}},"type":"cond-expr","locations":[{"start":{"line":489,"column":10},"end":{"line":489,"column":42}},{"start":{"line":490,"column":10},"end":{"line":490,"column":11}}],"line":488},"40":{"loc":{"start":{"line":493,"column":23},"end":{"line":493,"column":47}},"type":"cond-expr","locations":[{"start":{"line":493,"column":41},"end":{"line":493,"column":42}},{"start":{"line":493,"column":45},"end":{"line":493,"column":47}}],"line":493}},"s":{"0":1,"1":1,"2":1,"3":1,"4":1,"5":0,"6":0,"7":0,"8":1,"9":0,"10":0,"11":0,"12":1,"13":0,"14":0,"15":0,"16":0,"17":0,"18":0,"19":0,"20":0,"21":0,"22":0,"23":0,"24":0,"25":0,"26":0,"27":0,"28":0,"29":0,"30":0,"31":0,"32":0,"33":0,"34":0,"35":0,"36":0,"37":0,"38":0,"39":0,"40":0,"41":0,"42":0,"43":0,"44":0,"45":0,"46":0,"47":0,"48":0,"49":0,"50":0,"51":0,"52":0,"53":0,"54":0,"55":0,"56":0,"57":0,"58":0,"59":0,"60":0,"61":0,"62":0,"63":0,"64":0,"65":0,"66":0,"67":0,"68":0,"69":0,"70":0,"71":0,"72":0,"73":0,"74":0,"75":0,"76":0,"77":0,"78":0,"79":0,"80":0,"81":0,"82":0,"83":0,"84":0,"85":0,"86":0,"87":0,"88":0,"89":0,"90":0,"91":0,"92":0,"93":0,"94":0,"95":0,"96":0,"97":0,"98":0,"99":0,"100":0,"101":0,"102":0,"103":0,"104":0,"105":0,"106":0,"107":0,"108":0,"109":0,"110":0,"111":0,"112":0,"113":0,"114":0,"115":0,"116":0,"117":0,"118":0,"119":0,"120":0,"121":0,"122":0,"123":0,"124":0,"125":0,"126":0,"127":0,"128":0,"129":0,"130":0,"131":0,"132":0,"133":0,"134":0,"135":0,"136":0,"137":0,"138":0,"139":0,"140":0,"141":0,"142":0,"143":0,"144":0,"145":0,"146":0,"147":0,"148":0,"149":0,"150":0,"151":0,"152":0,"153":0,"154":0,"155":0,"156":0,"157":0,"158":0,"159":0,"160":0,"161":0,"162":0,"163":0,"164":0,"165":0,"166":0,"167":0,"168":0,"169":0,"170":0,"171":0,"172":0,"173":0,"174":0,"175":0,"176":0,"177":0,"178":0,"179":0,"180":0,"181":0,"182":0,"183":0,"184":0,"185":0,"186":0,"187":0,"188":0,"189":0,"190":0,"191":0,"192":0,"193":0,"194":0,"195":0,"196":0,"197":1},"f":{"0":0,"1":0,"2":0,"3":0,"4":0,"5":0,"6":0,"7":0,"8":0,"9":0,"10":0,"11":0,"12":0,"13":0,"14":0,"15":0,"16":0,"17":0,"18":0,"19":0,"20":0,"21":0,"22":0,"23":0,"24":0,"25":0,"26":0,"27":0,"28":0,"29":0,"30":0,"31":0,"32":0},"b":{"0":[0,0],"1":[0,0],"2":[0,0],"3":[0],"4":[0],"5":[0,0],"6":[0,0],"7":[0,0],"8":[0,0],"9":[0,0],"10":[0,0],"11":[0,0],"12":[0,0],"13":[0,0],"14":[0,0],"15":[0,0],"16":[0,0],"17":[0,0],"18":[0,0],"19":[0,0],"20":[0,0],"21":[0,0],"22":[0,0],"23":[0,0],"24":[0,0],"25":[0,0],"26":[0,0],"27":[0,0],"28":[0,0],"29":[0,0],"30":[0,0],"31":[0,0],"32":[0,0],"33":[0,0],"34":[0,0],"35":[0,0],"36":[0,0],"37":[0,0],"38":[0,0],"39":[0,0],"40":[0,0]},"_coverageSchema":"1a1c01bbd47fc00a2c39e90264f33305004495a9","hash":"f3c133dd61e6c474e2f266b3da40657629adb419"}
,"D:\\Desktop\\Cong_Nghe_Phan _Mem_Moi\\BaiTap_7\\backend\\src\\schema\\typeDefs.js": {"path":"D:\\Desktop\\Cong_Nghe_Phan _Mem_Moi\\BaiTap_7\\backend\\src\\schema\\typeDefs.js","statementMap":{"0":{"start":{"line":1,"column":16},"end":{"line":1,"column":48}},"1":{"start":{"line":6,"column":17},"end":{"line":168,"column":1}},"2":{"start":{"line":170,"column":0},"end":{"line":170,"column":26}}},"fnMap":{},"branchMap":{},"s":{"0":0,"1":0,"2":0},"f":{},"b":{}}
,"D:\\Desktop\\Cong_Nghe_Phan _Mem_Moi\\BaiTap_7\\backend\\src\\utils\\logger.js": {"path":"D:\\Desktop\\Cong_Nghe_Phan _Mem_Moi\\BaiTap_7\\backend\\src\\utils\\logger.js","statementMap":{"0":{"start":{"line":6,"column":16},"end":{"line":6,"column":34}},"1":{"start":{"line":7,"column":13},"end":{"line":7,"column":28}},"2":{"start":{"line":10,"column":15},"end":{"line":16,"column":1}},"3":{"start":{"line":19,"column":15},"end":{"line":25,"column":1}},"4":{"start":{"line":27,"column":0},"end":{"line":27,"column":26}},"5":{"start":{"line":30,"column":14},"end":{"line":34,"column":1}},"6":{"start":{"line":31,"column":14},"end":{"line":31,"column":51}},"7":{"start":{"line":32,"column":24},"end":{"line":32,"column":45}},"8":{"start":{"line":33,"column":2},"end":{"line":33,"column":42}},"9":{"start":{"line":37,"column":15},"end":{"line":58,"column":1}},"10":{"start":{"line":42,"column":58},"end":{"line":42,"column":62}},"11":{"start":{"line":44,"column":14},"end":{"line":44,"column":65}},"12":{"start":{"line":47,"column":4},"end":{"line":49,"column":5}},"13":{"start":{"line":48,"column":6},"end":{"line":48,"column":50}},"14":{"start":{"line":52,"column":4},"end":{"line":54,"column":5}},"15":{"start":{"line":53,"column":6},"end":{"line":53,"column":26}},"16":{"start":{"line":56,"column":4},"end":{"line":56,"column":15}},"17":{"start":{"line":61,"column":22},"end":{"line":68,"column":1}},"18":{"start":{"line":65,"column":42},"end":{"line":65,"column":46}},"19":{"start":{"line":66,"column":4},"end":{"line":66,"column":49}},"20":{"start":{"line":71,"column":19},"end":{"line":89,"column":1}},"21":{"start":{"line":92,"column":15},"end":{"line":108,"column":2}},"22":{"start":{"line":113,"column":0},"end":{"line":117,"column":2}},"23":{"start":{"line":115,"column":4},"end":{"line":115,"column":32}},"24":{"start":{"line":122,"column":19},"end":{"line":144,"column":1}},"25":{"start":{"line":123,"column":16},"end":{"line":123,"column":26}},"26":{"start":{"line":125,"column":2},"end":{"line":141,"column":5}},"27":{"start":{"line":126,"column":21},"end":{"line":126,"column":39}},"28":{"start":{"line":127,"column":16},"end":{"line":134,"column":5}},"29":{"start":{"line":136,"column":4},"end":{"line":140,"column":5}},"30":{"start":{"line":137,"column":6},"end":{"line":137,"column":41}},"31":{"start":{"line":139,"column":6},"end":{"line":139,"column":44}},"32":{"start":{"line":143,"column":2},"end":{"line":143,"column":9}},"33":{"start":{"line":149,"column":17},"end":{"line":162,"column":1}},"34":{"start":{"line":150,"column":2},"end":{"line":159,"column":5}},"35":{"start":{"line":161,"column":2},"end":{"line":161,"column":12}},"36":{"start":{"line":167,"column":16},"end":{"line":313,"column":1}},"37":{"start":{"line":171,"column":6},"end":{"line":176,"column":9}},"38":{"start":{"line":180,"column":6},"end":{"line":183,"column":9}},"39":{"start":{"line":187,"column":6},"end":{"line":190,"column":9}},"40":{"start":{"line":197,"column":6},"end":{"line":202,"column":9}},"41":{"start":{"line":206,"column":6},"end":{"line":210,"column":9}},"42":{"start":{"line":214,"column":6},"end":{"line":219,"column":9}},"43":{"start":{"line":223,"column":6},"end":{"line":228,"column":9}},"44":{"start":{"line":235,"column":6},"end":{"line":240,"column":9}},"45":{"start":{"line":244,"column":6},"end":{"line":249,"column":9}},"46":{"start":{"line":256,"column":6},"end":{"line":260,"column":9}},"47":{"start":{"line":264,"column":6},"end":{"line":267,"column":9}},"48":{"start":{"line":271,"column":6},"end":{"line":274,"column":9}},"49":{"start":{"line":281,"column":6},"end":{"line":285,"column":9}},"50":{"start":{"line":289,"column":6},"end":{"line":292,"column":9}},"51":{"start":{"line":299,"column":6},"end":{"line":303,"column":9}},"52":{"start":{"line":307,"column":6},"end":{"line":310,"column":9}},"53":{"start":{"line":318,"column":26},"end":{"line":320,"column":1}},"54":{"start":{"line":319,"column":2},"end":{"line":319,"column":35}},"55":{"start":{"line":325,"column":19},"end":{"line":333,"column":1}},"56":{"start":{"line":326,"column":2},"end":{"line":332,"column":5}},"57":{"start":{"line":338,"column":20},"end":{"line":343,"column":1}},"58":{"start":{"line":339,"column":2},"end":{"line":342,"column":5}},"59":{"start":{"line":348,"column":12},"end":{"line":354,"column":1}},"60":{"start":{"line":349,"column":2},"end":{"line":353,"column":3}},"61":{"start":{"line":350,"column":4},"end":{"line":350,"column":38}},"62":{"start":{"line":351,"column":4},"end":{"line":351,"column":47}},"63":{"start":{"line":352,"column":4},"end":{"line":352,"column":39}},"64":{"start":{"line":356,"column":0},"end":{"line":365,"column":2}}},"fnMap":{"0":{"name":"(anonymous_0)","decl":{"start":{"line":30,"column":14},"end":{"line":30,"column":15}},"loc":{"start":{"line":30,"column":20},"end":{"line":34,"column":1}},"line":30},"1":{"name":"(anonymous_1)","decl":{"start":{"line":41,"column":24},"end":{"line":41,"column":25}},"loc":{"start":{"line":41,"column":34},"end":{"line":57,"column":3}},"line":41},"2":{"name":"(anonymous_2)","decl":{"start":{"line":64,"column":24},"end":{"line":64,"column":25}},"loc":{"start":{"line":64,"column":34},"end":{"line":67,"column":3}},"line":64},"3":{"name":"(anonymous_3)","decl":{"start":{"line":114,"column":9},"end":{"line":114,"column":10}},"loc":{"start":{"line":114,"column":22},"end":{"line":116,"column":3}},"line":114},"4":{"name":"(anonymous_4)","decl":{"start":{"line":122,"column":19},"end":{"line":122,"column":20}},"loc":{"start":{"line":122,"column":39},"end":{"line":144,"column":1}},"line":122},"5":{"name":"(anonymous_5)","decl":{"start":{"line":125,"column":19},"end":{"line":125,"column":20}},"loc":{"start":{"line":125,"column":25},"end":{"line":141,"column":3}},"line":125},"6":{"name":"(anonymous_6)","decl":{"start":{"line":149,"column":17},"end":{"line":149,"column":18}},"loc":{"start":{"line":149,"column":42},"end":{"line":162,"column":1}},"line":149},"7":{"name":"(anonymous_7)","decl":{"start":{"line":170,"column":11},"end":{"line":170,"column":12}},"loc":{"start":{"line":170,"column":46},"end":{"line":177,"column":5}},"line":170},"8":{"name":"(anonymous_8)","decl":{"start":{"line":179,"column":12},"end":{"line":179,"column":13}},"loc":{"start":{"line":179,"column":24},"end":{"line":184,"column":5}},"line":179},"9":{"name":"(anonymous_9)","decl":{"start":{"line":186,"column":18},"end":{"line":186,"column":19}},"loc":{"start":{"line":186,"column":30},"end":{"line":191,"column":5}},"line":186},"10":{"name":"(anonymous_10)","decl":{"start":{"line":196,"column":13},"end":{"line":196,"column":14}},"loc":{"start":{"line":196,"column":46},"end":{"line":203,"column":5}},"line":196},"11":{"name":"(anonymous_11)","decl":{"start":{"line":205,"column":16},"end":{"line":205,"column":17}},"loc":{"start":{"line":205,"column":36},"end":{"line":211,"column":5}},"line":205},"12":{"name":"(anonymous_12)","decl":{"start":{"line":213,"column":20},"end":{"line":213,"column":21}},"loc":{"start":{"line":213,"column":50},"end":{"line":220,"column":5}},"line":213},"13":{"name":"(anonymous_13)","decl":{"start":{"line":222,"column":14},"end":{"line":222,"column":15}},"loc":{"start":{"line":222,"column":42},"end":{"line":229,"column":5}},"line":222},"14":{"name":"(anonymous_14)","decl":{"start":{"line":234,"column":13},"end":{"line":234,"column":14}},"loc":{"start":{"line":234,"column":43},"end":{"line":241,"column":5}},"line":234},"15":{"name":"(anonymous_15)","decl":{"start":{"line":243,"column":12},"end":{"line":243,"column":13}},"loc":{"start":{"line":243,"column":38},"end":{"line":250,"column":5}},"line":243},"16":{"name":"(anonymous_16)","decl":{"start":{"line":255,"column":23},"end":{"line":255,"column":24}},"loc":{"start":{"line":255,"column":49},"end":{"line":261,"column":5}},"line":255},"17":{"name":"(anonymous_17)","decl":{"start":{"line":263,"column":18},"end":{"line":263,"column":19}},"loc":{"start":{"line":263,"column":29},"end":{"line":268,"column":5}},"line":263},"18":{"name":"(anonymous_18)","decl":{"start":{"line":270,"column":24},"end":{"line":270,"column":25}},"loc":{"start":{"line":270,"column":37},"end":{"line":275,"column":5}},"line":270},"19":{"name":"(anonymous_19)","decl":{"start":{"line":280,"column":16},"end":{"line":280,"column":17}},"loc":{"start":{"line":280,"column":34},"end":{"line":286,"column":5}},"line":280},"20":{"name":"(anonymous_20)","decl":{"start":{"line":288,"column":21},"end":{"line":288,"column":22}},"loc":{"start":{"line":288,"column":32},"end":{"line":293,"column":5}},"line":288},"21":{"name":"(anonymous_21)","decl":{"start":{"line":298,"column":15},"end":{"line":298,"column":16}},"loc":{"start":{"line":298,"column":36},"end":{"line":304,"column":5}},"line":298},"22":{"name":"(anonymous_22)","decl":{"start":{"line":306,"column":16},"end":{"line":306,"column":17}},"loc":{"start":{"line":306,"column":27},"end":{"line":311,"column":5}},"line":306},"23":{"name":"(anonymous_23)","decl":{"start":{"line":318,"column":26},"end":{"line":318,"column":27}},"loc":{"start":{"line":318,"column":43},"end":{"line":320,"column":1}},"line":318},"24":{"name":"(anonymous_24)","decl":{"start":{"line":325,"column":19},"end":{"line":325,"column":20}},"loc":{"start":{"line":325,"column":42},"end":{"line":333,"column":1}},"line":325},"25":{"name":"(anonymous_25)","decl":{"start":{"line":338,"column":20},"end":{"line":338,"column":21}},"loc":{"start":{"line":338,"column":32},"end":{"line":343,"column":1}},"line":338},"26":{"name":"(anonymous_26)","decl":{"start":{"line":348,"column":12},"end":{"line":348,"column":13}},"loc":{"start":{"line":348,"column":29},"end":{"line":354,"column":1}},"line":348}},"branchMap":{"0":{"loc":{"start":{"line":31,"column":14},"end":{"line":31,"column":51}},"type":"binary-expr","locations":[{"start":{"line":31,"column":14},"end":{"line":31,"column":34}},{"start":{"line":31,"column":38},"end":{"line":31,"column":51}}],"line":31},"1":{"loc":{"start":{"line":33,"column":9},"end":{"line":33,"column":41}},"type":"cond-expr","locations":[{"start":{"line":33,"column":25},"end":{"line":33,"column":32}},{"start":{"line":33,"column":35},"end":{"line":33,"column":41}}],"line":33},"2":{"loc":{"start":{"line":47,"column":4},"end":{"line":49,"column":5}},"type":"if","locations":[{"start":{"line":47,"column":4},"end":{"line":49,"column":5}},{"start":{},"end":{}}],"line":47},"3":{"loc":{"start":{"line":52,"column":4},"end":{"line":54,"column":5}},"type":"if","locations":[{"start":{"line":52,"column":4},"end":{"line":54,"column":5}},{"start":{},"end":{}}],"line":52},"4":{"loc":{"start":{"line":132,"column":10},"end":{"line":132,"column":48}},"type":"binary-expr","locations":[{"start":{"line":132,"column":10},"end":{"line":132,"column":16}},{"start":{"line":132,"column":20},"end":{"line":132,"column":48}}],"line":132},"5":{"loc":{"start":{"line":136,"column":4},"end":{"line":140,"column":5}},"type":"if","locations":[{"start":{"line":136,"column":4},"end":{"line":140,"column":5}},{"start":{"line":138,"column":11},"end":{"line":140,"column":5}}],"line":136},"6":{"loc":{"start":{"line":158,"column":8},"end":{"line":158,"column":46}},"type":"binary-expr","locations":[{"start":{"line":158,"column":8},"end":{"line":158,"column":14}},{"start":{"line":158,"column":18},"end":{"line":158,"column":46}}],"line":158},"7":{"loc":{"start":{"line":170,"column":29},"end":{"line":170,"column":41}},"type":"default-arg","locations":[{"start":{"line":170,"column":39},"end":{"line":170,"column":41}}],"line":170},"8":{"loc":{"start":{"line":266,"column":15},"end":{"line":266,"column":62}},"type":"cond-expr","locations":[{"start":{"line":266,"column":23},"end":{"line":266,"column":53}},{"start":{"line":266,"column":56},"end":{"line":266,"column":62}}],"line":266},"9":{"loc":{"start":{"line":349,"column":2},"end":{"line":353,"column":3}},"type":"if","locations":[{"start":{"line":349,"column":2},"end":{"line":353,"column":3}},{"start":{},"end":{}}],"line":349}},"s":{"0":0,"1":0,"2":0,"3":0,"4":0,"5":0,"6":0,"7":0,"8":0,"9":0,"10":0,"11":0,"12":0,"13":0,"14":0,"15":0,"16":0,"17":0,"18":0,"19":0,"20":0,"21":0,"22":0,"23":0,"24":0,"25":0,"26":0,"27":0,"28":0,"29":0,"30":0,"31":0,"32":0,"33":0,"34":0,"35":0,"36":0,"37":0,"38":0,"39":0,"40":0,"41":0,"42":0,"43":0,"44":0,"45":0,"46":0,"47":0,"48":0,"49":0,"50":0,"51":0,"52":0,"53":0,"54":0,"55":0,"56":0,"57":0,"58":0,"59":0,"60":0,"61":0,"62":0,"63":0,"64":0},"f":{"0":0,"1":0,"2":0,"3":0,"4":0,"5":0,"6":0,"7":0,"8":0,"9":0,"10":0,"11":0,"12":0,"13":0,"14":0,"15":0,"16":0,"17":0,"18":0,"19":0,"20":0,"21":0,"22":0,"23":0,"24":0,"25":0,"26":0},"b":{"0":[0,0],"1":[0,0],"2":[0,0],"3":[0,0],"4":[0,0],"5":[0,0],"6":[0,0],"7":[0],"8":[0,0],"9":[0,0]}}
}
