TN:
SF:src\database\index.js
FN:19,(anonymous_0)
FN:64,(anonymous_1)
FN:97,(anonymous_2)
FN:112,(anonymous_3)
FN:116,(anonymous_4)
FN:117,(anonymous_5)
FN:123,(anonymous_6)
FN:128,(anonymous_7)
FN:132,(anonymous_8)
FN:145,(anonymous_9)
FN:146,(anonymous_10)
FN:149,(anonymous_11)
FN:162,(anonymous_12)
FN:168,(anonymous_13)
FN:193,(anonymous_14)
FN:197,(anonymous_15)
FN:206,(anonymous_16)
FN:210,(anonymous_17)
FN:216,(anonymous_18)
FN:220,(anonymous_19)
FN:226,(anonymous_20)
FN:237,(anonymous_21)
FN:247,(anonymous_22)
FN:260,(anonymous_23)
FN:277,(anonymous_24)
FN:291,(anonymous_25)
FN:303,(anonymous_26)
FN:307,(anonymous_27)
FN:308,(anonymous_28)
FNF:29
FNH:27
FNDA:3,(anonymous_0)
FNDA:12,(anonymous_1)
FNDA:9,(anonymous_2)
FNDA:13,(anonymous_3)
FNDA:1,(anonymous_4)
FNDA:1,(anonymous_5)
FNDA:2,(anonymous_6)
FNDA:7,(anonymous_7)
FNDA:2,(anonymous_8)
FNDA:7,(anonymous_9)
FNDA:7,(anonymous_10)
FNDA:8,(anonymous_11)
FNDA:8,(anonymous_12)
FNDA:1,(anonymous_13)
FNDA:1,(anonymous_14)
FNDA:1,(anonymous_15)
FNDA:1,(anonymous_16)
FNDA:1,(anonymous_17)
FNDA:1,(anonymous_18)
FNDA:1,(anonymous_19)
FNDA:2,(anonymous_20)
FNDA:2,(anonymous_21)
FNDA:0,(anonymous_22)
FNDA:6,(anonymous_23)
FNDA:2,(anonymous_24)
FNDA:4,(anonymous_25)
FNDA:0,(anonymous_26)
FNDA:1,(anonymous_27)
FNDA:3,(anonymous_28)
DA:6,3
DA:9,3
DA:19,3
DA:21,3
DA:64,12
DA:67,3
DA:97,9
DA:100,3
DA:109,3
DA:113,13
DA:117,1
DA:124,2
DA:125,2
DA:129,7
DA:133,2
DA:134,2
DA:135,2
DA:136,2
DA:137,2
DA:139,2
DA:146,7
DA:150,8
DA:158,8
DA:159,8
DA:163,8
DA:164,8
DA:167,8
DA:168,1
DA:172,8
DA:174,1
DA:177,7
DA:185,7
DA:188,8
DA:189,8
DA:190,8
DA:194,1
DA:195,1
DA:197,1
DA:198,1
DA:200,1
DA:201,1
DA:202,1
DA:203,1
DA:207,1
DA:208,1
DA:210,1
DA:211,1
DA:212,1
DA:213,1
DA:217,1
DA:218,1
DA:220,1
DA:221,1
DA:222,1
DA:223,1
DA:227,2
DA:228,2
DA:230,2
DA:231,2
DA:232,2
DA:233,2
DA:234,2
DA:238,2
DA:239,2
DA:241,2
DA:242,2
DA:243,2
DA:244,2
DA:248,0
DA:249,0
DA:251,0
DA:252,0
DA:253,0
DA:254,0
DA:261,6
DA:263,6
DA:266,6
DA:267,6
DA:268,6
DA:269,6
DA:271,6
DA:278,2
DA:279,3
DA:280,2
DA:281,2
DA:282,2
DA:285,0
DA:292,4
DA:299,4
DA:300,4
DA:304,0
DA:308,3
DA:314,3
DA:316,3
LF:94
LH:86
BRDA:113,0,0,13
BRDA:113,0,1,1
BRDA:117,1,0,1
BRDA:117,1,1,0
BRDA:123,2,0,0
BRDA:123,3,0,0
BRDA:129,4,0,7
BRDA:129,4,1,2
BRDA:134,5,0,2
BRDA:134,5,1,0
BRDA:146,6,0,7
BRDA:146,6,1,1
BRDA:164,7,0,0
BRDA:164,7,1,8
BRDA:168,8,0,1
BRDA:168,8,1,1
BRDA:172,9,0,1
BRDA:172,9,1,7
BRDA:181,10,0,7
BRDA:181,10,1,7
BRDA:195,11,0,0
BRDA:195,11,1,1
BRDA:198,12,0,0
BRDA:198,12,1,1
BRDA:208,13,0,0
BRDA:208,13,1,1
BRDA:218,14,0,0
BRDA:218,14,1,1
BRDA:228,15,0,0
BRDA:228,15,1,2
BRDA:239,16,0,0
BRDA:239,16,1,2
BRDA:249,17,0,0
BRDA:249,17,1,0
BRDA:263,18,0,0
BRDA:263,18,1,6
BRDA:273,19,0,6
BRDA:273,19,1,6
BRDA:279,20,0,2
BRDA:279,20,1,1
BRDA:304,21,0,0
BRDA:304,21,1,0
BRF:42
BRH:26
end_of_record
TN:
SF:src\middleware\auth.js
FN:14,(anonymous_0)
FN:29,(anonymous_1)
FN:46,(anonymous_2)
FN:70,(anonymous_3)
FN:105,(anonymous_4)
FN:128,(anonymous_5)
FN:129,(anonymous_6)
FN:151,(anonymous_7)
FN:173,(anonymous_8)
FN:193,(anonymous_9)
FNF:10
FNH:0
FNDA:0,(anonymous_0)
FNDA:0,(anonymous_1)
FNDA:0,(anonymous_2)
FNDA:0,(anonymous_3)
FNDA:0,(anonymous_4)
FNDA:0,(anonymous_5)
FNDA:0,(anonymous_6)
FNDA:0,(anonymous_7)
FNDA:0,(anonymous_8)
FNDA:0,(anonymous_9)
DA:1,0
DA:8,0
DA:9,0
DA:14,0
DA:15,0
DA:29,0
DA:30,0
DA:31,0
DA:33,0
DA:34,0
DA:36,0
DA:37,0
DA:39,0
DA:46,0
DA:48,0
DA:49,0
DA:50,0
DA:54,0
DA:55,0
DA:59,0
DA:60,0
DA:63,0
DA:70,0
DA:71,0
DA:72,0
DA:74,0
DA:75,0
DA:82,0
DA:85,0
DA:90,0
DA:92,0
DA:94,0
DA:105,0
DA:106,0
DA:107,0
DA:109,0
DA:110,0
DA:111,0
DA:117,0
DA:120,0
DA:121,0
DA:128,0
DA:129,0
DA:130,0
DA:131,0
DA:137,0
DA:138,0
DA:144,0
DA:151,0
DA:152,0
DA:153,0
DA:156,0
DA:157,0
DA:158,0
DA:162,0
DA:166,0
DA:173,0
DA:174,0
DA:177,0
DA:178,0
DA:180,0
DA:193,0
DA:195,0
DA:196,0
DA:199,0
DA:205,0
LF:66
LH:0
BRDA:8,0,0,0
BRDA:8,0,1,0
BRDA:9,1,0,0
BRDA:9,1,1,0
BRDA:14,2,0,0
BRDA:33,3,0,0
BRDA:33,3,1,0
BRDA:36,4,0,0
BRDA:36,4,1,0
BRDA:49,5,0,0
BRDA:49,5,1,0
BRDA:49,6,0,0
BRDA:49,6,1,0
BRDA:54,7,0,0
BRDA:54,7,1,0
BRDA:54,8,0,0
BRDA:54,8,1,0
BRDA:59,9,0,0
BRDA:59,9,1,0
BRDA:59,10,0,0
BRDA:59,10,1,0
BRDA:74,11,0,0
BRDA:74,11,1,0
BRDA:95,12,0,0
BRDA:95,12,1,0
BRDA:109,13,0,0
BRDA:109,13,1,0
BRDA:130,14,0,0
BRDA:130,14,1,0
BRDA:137,15,0,0
BRDA:137,15,1,0
BRDA:137,16,0,0
BRDA:137,16,1,0
BRDA:157,17,0,0
BRDA:157,17,1,0
BRDA:195,18,0,0
BRDA:195,18,1,0
BRDA:195,19,0,0
BRDA:195,19,1,0
BRF:39
BRH:0
end_of_record
TN:
SF:src\middleware\validation.js
FN:9,(anonymous_0)
FN:22,(anonymous_1)
FN:36,(anonymous_2)
FN:52,(anonymous_3)
FN:59,(anonymous_4)
FN:66,(anonymous_5)
FN:74,(anonymous_6)
FN:95,(anonymous_7)
FN:110,(anonymous_8)
FN:126,(anonymous_9)
FN:146,(anonymous_10)
FN:147,(anonymous_11)
FN:250,(anonymous_12)
FN:274,(anonymous_13)
FN:278,(anonymous_14)
FN:283,(anonymous_15)
FN:287,(anonymous_16)
FN:297,(anonymous_17)
FN:301,(anonymous_18)
FN:320,(anonymous_19)
FN:340,(anonymous_20)
FN:344,(anonymous_21)
FN:355,(anonymous_22)
FN:372,(anonymous_23)
FN:382,(anonymous_24)
FN:383,(anonymous_25)
FNF:26
FNH:0
FNDA:0,(anonymous_0)
FNDA:0,(anonymous_1)
FNDA:0,(anonymous_2)
FNDA:0,(anonymous_3)
FNDA:0,(anonymous_4)
FNDA:0,(anonymous_5)
FNDA:0,(anonymous_6)
FNDA:0,(anonymous_7)
FNDA:0,(anonymous_8)
FNDA:0,(anonymous_9)
FNDA:0,(anonymous_10)
FNDA:0,(anonymous_11)
FNDA:0,(anonymous_12)
FNDA:0,(anonymous_13)
FNDA:0,(anonymous_14)
FNDA:0,(anonymous_15)
FNDA:0,(anonymous_16)
FNDA:0,(anonymous_17)
FNDA:0,(anonymous_18)
FNDA:0,(anonymous_19)
FNDA:0,(anonymous_20)
FNDA:0,(anonymous_21)
FNDA:0,(anonymous_22)
FNDA:0,(anonymous_23)
FNDA:0,(anonymous_24)
FNDA:0,(anonymous_25)
DA:9,0
DA:10,0
DA:12,0
DA:22,0
DA:23,0
DA:24,0
DA:25,0
DA:27,0
DA:28,0
DA:30,0
DA:36,0
DA:37,0
DA:38,0
DA:41,0
DA:42,0
DA:43,0
DA:46,0
DA:52,0
DA:53,0
DA:59,0
DA:60,0
DA:66,0
DA:67,0
DA:68,0
DA:74,0
DA:75,0
DA:76,0
DA:79,0
DA:81,0
DA:82,0
DA:85,0
DA:86,0
DA:89,0
DA:95,0
DA:96,0
DA:97,0
DA:100,0
DA:110,0
DA:111,0
DA:112,0
DA:115,0
DA:117,0
DA:118,0
DA:121,0
DA:122,0
DA:125,0
DA:126,0
DA:129,0
DA:130,0
DA:131,0
DA:132,0
DA:133,0
DA:134,0
DA:137,0
DA:140,0
DA:146,0
DA:147,0
DA:148,0
DA:149,0
DA:152,0
DA:153,0
DA:154,0
DA:155,0
DA:156,0
DA:157,0
DA:160,0
DA:161,0
DA:164,0
DA:170,0
DA:171,0
DA:172,0
DA:173,0
DA:174,0
DA:175,0
DA:178,0
DA:179,0
DA:182,0
DA:188,0
DA:189,0
DA:190,0
DA:191,0
DA:192,0
DA:193,0
DA:196,0
DA:197,0
DA:200,0
DA:205,0
DA:206,0
DA:212,0
DA:214,0
DA:215,0
DA:226,0
DA:250,0
DA:275,0
DA:276,0
DA:278,0
DA:283,0
DA:287,0
DA:297,0
DA:301,0
DA:320,0
DA:321,0
DA:322,0
DA:323,0
DA:324,0
DA:326,0
DA:332,0
DA:341,0
DA:345,0
DA:346,0
DA:348,0
DA:349,0
DA:352,0
DA:355,0
DA:356,0
DA:359,0
DA:360,0
DA:361,0
DA:362,0
DA:366,0
DA:367,0
DA:369,0
DA:373,0
DA:377,0
DA:382,0
DA:383,0
DA:384,0
DA:385,0
DA:386,0
DA:387,0
DA:389,0
DA:397,0
LF:132
LH:0
BRDA:9,0,0,0
BRDA:10,1,0,0
BRDA:10,1,1,0
BRDA:22,2,0,0
BRDA:22,3,0,0
BRDA:24,4,0,0
BRDA:24,4,1,0
BRDA:27,5,0,0
BRDA:27,5,1,0
BRDA:27,6,0,0
BRDA:27,6,1,0
BRDA:37,7,0,0
BRDA:37,7,1,0
BRDA:42,8,0,0
BRDA:42,8,1,0
BRDA:75,9,0,0
BRDA:75,9,1,0
BRDA:81,10,0,0
BRDA:81,10,1,0
BRDA:85,11,0,0
BRDA:85,11,1,0
BRDA:96,12,0,0
BRDA:96,12,1,0
BRDA:96,13,0,0
BRDA:96,13,1,0
BRDA:102,14,0,0
BRDA:102,14,1,0
BRDA:103,15,0,0
BRDA:103,15,1,0
BRDA:110,16,0,0
BRDA:111,17,0,0
BRDA:111,17,1,0
BRDA:115,18,0,0
BRDA:115,18,1,0
BRDA:115,19,0,0
BRDA:115,19,1,0
BRDA:117,20,0,0
BRDA:117,20,1,0
BRDA:121,21,0,0
BRDA:121,21,1,0
BRDA:121,22,0,0
BRDA:121,22,1,0
BRDA:125,23,0,0
BRDA:125,23,1,0
BRDA:129,24,0,0
BRDA:129,24,1,0
BRDA:133,25,0,0
BRDA:133,25,1,0
BRDA:152,26,0,0
BRDA:152,26,1,0
BRDA:155,27,0,0
BRDA:155,27,1,0
BRDA:155,28,0,0
BRDA:155,28,1,0
BRDA:160,29,0,0
BRDA:160,29,1,0
BRDA:170,30,0,0
BRDA:170,30,1,0
BRDA:173,31,0,0
BRDA:173,31,1,0
BRDA:173,32,0,0
BRDA:173,32,1,0
BRDA:178,33,0,0
BRDA:178,33,1,0
BRDA:188,34,0,0
BRDA:188,34,1,0
BRDA:191,35,0,0
BRDA:191,35,1,0
BRDA:191,36,0,0
BRDA:191,36,1,0
BRDA:196,37,0,0
BRDA:196,37,1,0
BRDA:205,38,0,0
BRDA:205,38,1,0
BRDA:275,39,0,0
BRDA:275,39,1,0
BRDA:275,40,0,0
BRDA:275,40,1,0
BRDA:321,41,0,0
BRDA:321,41,1,0
BRDA:321,42,0,0
BRDA:321,42,1,0
BRDA:344,43,0,0
BRDA:344,44,0,0
BRDA:348,45,0,0
BRDA:348,45,1,0
BRDA:359,46,0,0
BRDA:359,46,1,0
BRDA:382,47,0,0
BRDA:382,48,0,0
BRDA:385,49,0,0
BRDA:385,49,1,0
BRF:92
BRH:0
end_of_record
TN:
SF:src\resolvers\index.js
FN:8,(anonymous_0)
FN:16,(anonymous_1)
FN:26,(anonymous_2)
FN:45,(anonymous_3)
FN:56,(anonymous_4)
FN:72,(anonymous_5)
FN:117,(anonymous_6)
FN:167,(anonymous_7)
FN:184,(anonymous_8)
FN:216,(anonymous_9)
FN:241,(anonymous_10)
FN:269,(anonymous_11)
FN:294,(anonymous_12)
FN:334,(anonymous_13)
FN:359,(anonymous_14)
FN:376,(anonymous_15)
FN:396,(anonymous_16)
FN:442,(anonymous_17)
FN:455,(anonymous_18)
FN:459,(anonymous_19)
FN:460,(anonymous_20)
FN:463,(anonymous_21)
FN:464,(anonymous_22)
FN:467,(anonymous_23)
FN:469,(anonymous_24)
FN:473,(anonymous_25)
FN:474,(anonymous_26)
FN:481,(anonymous_27)
FN:482,(anonymous_28)
FN:486,(anonymous_29)
FN:487,(anonymous_30)
FN:499,(anonymous_31)
FN:503,(anonymous_32)
FNF:33
FNH:29
FNDA:23,(anonymous_0)
FNDA:8,(anonymous_1)
FNDA:5,(anonymous_2)
FNDA:3,(anonymous_3)
FNDA:4,(anonymous_4)
FNDA:1,(anonymous_5)
FNDA:7,(anonymous_6)
FNDA:1,(anonymous_7)
FNDA:1,(anonymous_8)
FNDA:1,(anonymous_9)
FNDA:0,(anonymous_10)
FNDA:2,(anonymous_11)
FNDA:3,(anonymous_12)
FNDA:0,(anonymous_13)
FNDA:3,(anonymous_14)
FNDA:2,(anonymous_15)
FNDA:2,(anonymous_16)
FNDA:0,(anonymous_17)
FNDA:4,(anonymous_18)
FNDA:2,(anonymous_19)
FNDA:1,(anonymous_20)
FNDA:3,(anonymous_21)
FNDA:3,(anonymous_22)
FNDA:2,(anonymous_23)
FNDA:1,(anonymous_24)
FNDA:1,(anonymous_25)
FNDA:1,(anonymous_26)
FNDA:2,(anonymous_27)
FNDA:2,(anonymous_28)
FNDA:1,(anonymous_29)
FNDA:0,(anonymous_30)
FNDA:1,(anonymous_31)
FNDA:1,(anonymous_32)
DA:1,2
DA:2,2
DA:4,2
DA:5,2
DA:8,2
DA:9,23
DA:10,2
DA:12,21
DA:16,2
DA:17,8
DA:18,8
DA:20,0
DA:23,2
DA:27,5
DA:29,3
DA:30,3
DA:33,3
DA:34,2
DA:37,3
DA:39,0
DA:40,0
DA:46,3
DA:47,3
DA:48,3
DA:50,0
DA:51,0
DA:57,4
DA:58,4
DA:60,4
DA:61,2
DA:64,2
DA:66,2
DA:67,2
DA:73,1
DA:75,1
DA:76,1
DA:78,1
DA:80,1
DA:81,0
DA:88,1
DA:89,0
DA:96,1
DA:97,0
DA:103,1
DA:109,0
DA:110,0
DA:118,7
DA:120,7
DA:121,7
DA:124,7
DA:125,3
DA:129,4
DA:130,4
DA:131,0
DA:135,4
DA:136,1
DA:140,3
DA:141,3
DA:142,0
DA:146,3
DA:154,3
DA:159,3
DA:161,4
DA:162,4
DA:168,1
DA:170,1
DA:171,1
DA:174,1
DA:175,0
DA:178,1
DA:179,1
DA:180,0
DA:184,1
DA:185,1
DA:186,0
DA:190,1
DA:191,1
DA:192,0
DA:196,1
DA:203,1
DA:208,1
DA:210,0
DA:211,0
DA:217,1
DA:219,1
DA:220,1
DA:221,1
DA:222,0
DA:225,1
DA:228,1
DA:233,1
DA:235,0
DA:236,0
DA:242,0
DA:244,0
DA:245,0
DA:246,0
DA:247,0
DA:250,0
DA:256,0
DA:261,0
DA:263,0
DA:264,0
DA:270,2
DA:272,2
DA:273,2
DA:274,2
DA:275,0
DA:278,2
DA:281,2
DA:286,2
DA:288,0
DA:289,0
DA:295,3
DA:297,3
DA:298,3
DA:299,3
DA:302,3
DA:303,3
DA:304,1
DA:307,2
DA:308,2
DA:309,0
DA:312,2
DA:318,2
DA:321,2
DA:326,2
DA:328,1
DA:329,1
DA:335,0
DA:337,0
DA:338,0
DA:339,0
DA:340,0
DA:343,0
DA:346,0
DA:351,0
DA:353,0
DA:354,0
DA:360,3
DA:362,3
DA:363,3
DA:366,3
DA:367,0
DA:370,3
DA:371,3
DA:372,0
DA:376,3
DA:377,2
DA:380,3
DA:381,1
DA:385,2
DA:386,2
DA:387,2
DA:388,0
DA:395,2
DA:396,2
DA:400,2
DA:401,2
DA:402,2
DA:405,2
DA:417,2
DA:418,2
DA:425,2
DA:427,2
DA:434,1
DA:435,1
DA:444,0
DA:445,0
DA:448,0
DA:456,4
DA:460,2
DA:464,3
DA:468,2
DA:469,2
DA:470,2
DA:474,1
DA:475,1
DA:478,1
DA:482,2
DA:483,2
DA:487,1
DA:488,1
DA:491,1
DA:492,1
DA:493,1
DA:494,1
DA:500,1
DA:504,1
DA:509,2
LF:190
LH:139
BRDA:9,0,0,2
BRDA:9,0,1,21
BRDA:17,1,0,8
BRDA:17,1,1,0
BRDA:33,2,0,2
BRDA:33,2,1,1
BRDA:45,3,0,1
BRDA:45,4,0,2
BRDA:60,5,0,2
BRDA:60,5,1,2
BRDA:80,6,0,0
BRDA:80,6,1,1
BRDA:88,7,0,0
BRDA:88,7,1,1
BRDA:88,8,0,1
BRDA:88,8,1,1
BRDA:96,9,0,0
BRDA:96,9,1,1
BRDA:96,10,0,1
BRDA:96,10,1,1
BRDA:124,11,0,3
BRDA:124,11,1,4
BRDA:124,12,0,7
BRDA:124,12,1,6
BRDA:130,13,0,0
BRDA:130,13,1,4
BRDA:135,14,0,1
BRDA:135,14,1,3
BRDA:141,15,0,0
BRDA:141,15,1,3
BRDA:174,16,0,0
BRDA:174,16,1,1
BRDA:174,17,0,1
BRDA:174,17,1,1
BRDA:179,18,0,0
BRDA:179,18,1,1
BRDA:185,19,0,0
BRDA:185,19,1,1
BRDA:191,20,0,0
BRDA:191,20,1,1
BRDA:221,21,0,0
BRDA:221,21,1,1
BRDA:246,22,0,0
BRDA:246,22,1,0
BRDA:274,23,0,0
BRDA:274,23,1,2
BRDA:303,24,0,1
BRDA:303,24,1,2
BRDA:303,25,0,3
BRDA:303,25,1,2
BRDA:308,26,0,0
BRDA:308,26,1,2
BRDA:339,27,0,0
BRDA:339,27,1,0
BRDA:366,28,0,0
BRDA:366,28,1,3
BRDA:366,29,0,3
BRDA:366,29,1,3
BRDA:371,30,0,0
BRDA:371,30,1,3
BRDA:380,31,0,1
BRDA:380,31,1,2
BRDA:387,32,0,0
BRDA:387,32,1,2
BRDA:401,33,0,1
BRDA:401,33,1,1
BRDA:444,34,0,0
BRDA:444,34,1,0
BRDA:456,35,0,4
BRDA:456,35,1,0
BRDA:468,36,0,0
BRDA:468,36,1,2
BRDA:475,37,0,0
BRDA:475,37,1,1
BRDA:483,38,0,1
BRDA:483,38,1,1
BRDA:488,39,0,0
BRDA:488,39,1,1
BRDA:493,40,0,0
BRDA:493,40,1,1
BRF:80
BRH:53
end_of_record
TN:
SF:src\schema\typeDefs.js
FNF:0
FNH:0
DA:1,1
DA:6,1
DA:170,1
LF:3
LH:3
BRF:0
BRH:0
end_of_record
TN:
SF:src\utils\logger.js
FN:30,(anonymous_0)
FN:41,(anonymous_1)
FN:64,(anonymous_2)
FN:114,(anonymous_3)
FN:122,(anonymous_4)
FN:125,(anonymous_5)
FN:149,(anonymous_6)
FN:170,(anonymous_7)
FN:179,(anonymous_8)
FN:186,(anonymous_9)
FN:196,(anonymous_10)
FN:205,(anonymous_11)
FN:213,(anonymous_12)
FN:222,(anonymous_13)
FN:234,(anonymous_14)
FN:243,(anonymous_15)
FN:255,(anonymous_16)
FN:263,(anonymous_17)
FN:270,(anonymous_18)
FN:280,(anonymous_19)
FN:288,(anonymous_20)
FN:298,(anonymous_21)
FN:306,(anonymous_22)
FN:318,(anonymous_23)
FN:325,(anonymous_24)
FN:338,(anonymous_25)
FN:348,(anonymous_26)
FNF:27
FNH:0
FNDA:0,(anonymous_0)
FNDA:0,(anonymous_1)
FNDA:0,(anonymous_2)
FNDA:0,(anonymous_3)
FNDA:0,(anonymous_4)
FNDA:0,(anonymous_5)
FNDA:0,(anonymous_6)
FNDA:0,(anonymous_7)
FNDA:0,(anonymous_8)
FNDA:0,(anonymous_9)
FNDA:0,(anonymous_10)
FNDA:0,(anonymous_11)
FNDA:0,(anonymous_12)
FNDA:0,(anonymous_13)
FNDA:0,(anonymous_14)
FNDA:0,(anonymous_15)
FNDA:0,(anonymous_16)
FNDA:0,(anonymous_17)
FNDA:0,(anonymous_18)
FNDA:0,(anonymous_19)
FNDA:0,(anonymous_20)
FNDA:0,(anonymous_21)
FNDA:0,(anonymous_22)
FNDA:0,(anonymous_23)
FNDA:0,(anonymous_24)
FNDA:0,(anonymous_25)
FNDA:0,(anonymous_26)
DA:6,0
DA:7,0
DA:10,0
DA:19,0
DA:27,0
DA:30,0
DA:31,0
DA:32,0
DA:33,0
DA:37,0
DA:42,0
DA:44,0
DA:47,0
DA:48,0
DA:52,0
DA:53,0
DA:56,0
DA:61,0
DA:65,0
DA:66,0
DA:71,0
DA:92,0
DA:113,0
DA:115,0
DA:122,0
DA:123,0
DA:125,0
DA:126,0
DA:127,0
DA:136,0
DA:137,0
DA:139,0
DA:143,0
DA:149,0
DA:150,0
DA:161,0
DA:167,0
DA:171,0
DA:180,0
DA:187,0
DA:197,0
DA:206,0
DA:214,0
DA:223,0
DA:235,0
DA:244,0
DA:256,0
DA:264,0
DA:271,0
DA:281,0
DA:289,0
DA:299,0
DA:307,0
DA:318,0
DA:319,0
DA:325,0
DA:326,0
DA:338,0
DA:339,0
DA:348,0
DA:349,0
DA:350,0
DA:351,0
DA:352,0
DA:356,0
LF:65
LH:0
BRDA:31,0,0,0
BRDA:31,0,1,0
BRDA:33,1,0,0
BRDA:33,1,1,0
BRDA:47,2,0,0
BRDA:47,2,1,0
BRDA:52,3,0,0
BRDA:52,3,1,0
BRDA:132,4,0,0
BRDA:132,4,1,0
BRDA:136,5,0,0
BRDA:136,5,1,0
BRDA:158,6,0,0
BRDA:158,6,1,0
BRDA:170,7,0,0
BRDA:266,8,0,0
BRDA:266,8,1,0
BRDA:349,9,0,0
BRDA:349,9,1,0
BRF:19
BRH:0
end_of_record
